#
# A fatal error has been detected by the Java Runtime Environment:
#
#  SIGSEGV (0xb) at pc=0x00007fe6fc34efe0, pid=79181, tid=79183
#
# JRE version: OpenJDK Runtime Environment Temurin-21.0.7+6 (21.0.7+6) (build 21.0.7+6-LTS)
# Java VM: OpenJDK 64-Bit Server VM Temurin-21.0.7+6 (21.0.7+6-LTS, mixed mode, sharing, tiered, compressed oops, compressed class ptrs, g1 gc, linux-amd64)
# Problematic frame:
# V  [libjvm.so+0xb4efe0]  klassVtable::update_inherited_vtable(Thread*, methodHandle const&, int, int, GrowableArray<InstanceKlass*>*)+0x210
#
# Core dump will be written. Default location: Core dumps may be processed with "/usr/lib/systemd/systemd-coredump %P %u %g %s %t %c %h" (or dumping to /home/gsscala/Documents/code/github/mc-322/core.79181)
#
# If you would like to submit a bug report, please visit:
#   https://github.com/adoptium/adoptium-support/issues
#

---------------  S U M M A R Y ------------

Command Line: -Dapplication.home=/home/gsscala/.vscode/extensions/redhat.java-1.42.0-linux-x64/jre/21.0.7-linux-x86_64 -Xms8m -Djdk.module.main=jdk.jcmd jdk.jcmd/sun.tools.jcmd.JCmd 63727 VM.uptime

Host: Intel(R) Core(TM) i7-10510U CPU @ 1.80GHz, 8 cores, 15G, Fedora release 42 (Adams)
Time: Wed May 28 23:39:50 2025 -03 elapsed time: 0.151611 seconds (0d 0h 0m 0s)

---------------  T H R E A D  ---------------

Current thread (0x00007fe6f402b670):  JavaThread "main"             [_thread_in_vm, id=79183, stack(0x00007fe6fb700000,0x00007fe6fb800000) (1024K)]

Stack: [0x00007fe6fb700000,0x00007fe6fb800000],  sp=0x00007fe6fb7fdc90,  free space=1015k
Native frames: (J=compiled Java code, j=interpreted, Vv=VM code, C=native code)
V  [libjvm.so+0xb4efe0]  klassVtable::update_inherited_vtable(Thread*, methodHandle const&, int, int, GrowableArray<InstanceKlass*>*)+0x210
V  [libjvm.so+0xb51a05]  klassVtable::initialize_vtable(GrowableArray<InstanceKlass*>*)+0x125
V  [libjvm.so+0xb523fb]  klassVtable::initialize_vtable_and_check_constraints(JavaThread*)+0xab
V  [libjvm.so+0x8e47da]  InstanceKlass::link_class_impl(JavaThread*)+0x39a
V  [libjvm.so+0x8ea1bb]  InstanceKlass::initialize_impl(JavaThread*)+0x64b
V  [libjvm.so+0x906620]  InterpreterRuntime::_new(JavaThread*, ConstantPool*, int)+0x140
j  sun.net.www.protocol.jrt.JavaRuntimeURLConnection.findResource(Ljava/lang/String;Ljava/lang/String;)Ljdk/internal/loader/Resource;+32 java.base@21.0.7
j  sun.net.www.protocol.jrt.JavaRuntimeURLConnection.connect()V+67 java.base@21.0.7
j  sun.net.www.protocol.jrt.JavaRuntimeURLConnection.getInputStream()Ljava/io/InputStream;+1 java.base@21.0.7
j  java.net.URL.openStream()Ljava/io/InputStream;+4 java.base@21.0.7
j  sun.jvmstat.perfdata.monitor.AliasFileParser.parse(Ljava/util/Map;)V+20 jdk.internal.jvmstat@21.0.7
j  sun.jvmstat.perfdata.monitor.PerfDataBufferImpl.buildAliasMap()V+107 jdk.internal.jvmstat@21.0.7
j  sun.jvmstat.perfdata.monitor.PerfDataBufferImpl.findByName(Ljava/lang/String;)Lsun/jvmstat/monitor/Monitor;+27 jdk.internal.jvmstat@21.0.7
j  sun.jvmstat.perfdata.monitor.AbstractPerfDataBuffer.findByName(Ljava/lang/String;)Lsun/jvmstat/monitor/Monitor;+5 jdk.internal.jvmstat@21.0.7
j  sun.jvmstat.perfdata.monitor.AbstractMonitoredVm.findByName(Ljava/lang/String;)Lsun/jvmstat/monitor/Monitor;+5 jdk.internal.jvmstat@21.0.7
j  sun.jvmstat.monitor.MonitoredVmUtil.isAttachable(Lsun/jvmstat/monitor/MonitoredVm;)Z+3 jdk.internal.jvmstat@21.0.7
j  sun.tools.attach.HotSpotAttachProvider.testAttachable(Ljava/lang/String;)V+25 jdk.attach@21.0.7
j  sun.tools.attach.AttachProviderImpl.attachVirtualMachine(Ljava/lang/String;)Lcom/sun/tools/attach/VirtualMachine;+6 jdk.attach@21.0.7
j  com.sun.tools.attach.VirtualMachine.attach(Ljava/lang/String;)Lcom/sun/tools/attach/VirtualMachine;+69 jdk.attach@21.0.7
j  sun.tools.jcmd.JCmd.executeCommandForPid(Ljava/lang/String;Ljava/lang/String;)V+1 jdk.jcmd@21.0.7
j  sun.tools.jcmd.JCmd.main([Ljava/lang/String;)V+255 jdk.jcmd@21.0.7
v  ~StubRoutines::call_stub 0x00007fe6ec537cc6
V  [libjvm.so+0x911545]  JavaCalls::call_helper(JavaValue*, methodHandle const&, JavaCallArguments*, JavaThread*)+0x2e5
V  [libjvm.so+0x9bb6d0]  jni_invoke_static(JNIEnv_*, JavaValue*, _jobject*, JNICallType, _jmethodID*, JNI_ArgumentPusher*, JavaThread*) [clone .constprop.1]+0x390
V  [libjvm.so+0x9be5b7]  jni_CallStaticVoidMethod+0x167
C  [libjli.so+0xa6d4]  JavaMain+0x1054
C  [libjli.so+0xd259]  ThreadJavaMain+0x9
C  [libc.so.6+0x70f14]  start_thread+0x2e4
Java frames: (J=compiled Java code, j=interpreted, Vv=VM code)
j  sun.net.www.protocol.jrt.JavaRuntimeURLConnection.findResource(Ljava/lang/String;Ljava/lang/String;)Ljdk/internal/loader/Resource;+32 java.base@21.0.7
j  sun.net.www.protocol.jrt.JavaRuntimeURLConnection.connect()V+67 java.base@21.0.7
j  sun.net.www.protocol.jrt.JavaRuntimeURLConnection.getInputStream()Ljava/io/InputStream;+1 java.base@21.0.7
j  java.net.URL.openStream()Ljava/io/InputStream;+4 java.base@21.0.7
j  sun.jvmstat.perfdata.monitor.AliasFileParser.parse(Ljava/util/Map;)V+20 jdk.internal.jvmstat@21.0.7
j  sun.jvmstat.perfdata.monitor.PerfDataBufferImpl.buildAliasMap()V+107 jdk.internal.jvmstat@21.0.7
j  sun.jvmstat.perfdata.monitor.PerfDataBufferImpl.findByName(Ljava/lang/String;)Lsun/jvmstat/monitor/Monitor;+27 jdk.internal.jvmstat@21.0.7
j  sun.jvmstat.perfdata.monitor.AbstractPerfDataBuffer.findByName(Ljava/lang/String;)Lsun/jvmstat/monitor/Monitor;+5 jdk.internal.jvmstat@21.0.7
j  sun.jvmstat.perfdata.monitor.AbstractMonitoredVm.findByName(Ljava/lang/String;)Lsun/jvmstat/monitor/Monitor;+5 jdk.internal.jvmstat@21.0.7
j  sun.jvmstat.monitor.MonitoredVmUtil.isAttachable(Lsun/jvmstat/monitor/MonitoredVm;)Z+3 jdk.internal.jvmstat@21.0.7
j  sun.tools.attach.HotSpotAttachProvider.testAttachable(Ljava/lang/String;)V+25 jdk.attach@21.0.7
j  sun.tools.attach.AttachProviderImpl.attachVirtualMachine(Ljava/lang/String;)Lcom/sun/tools/attach/VirtualMachine;+6 jdk.attach@21.0.7
j  com.sun.tools.attach.VirtualMachine.attach(Ljava/lang/String;)Lcom/sun/tools/attach/VirtualMachine;+69 jdk.attach@21.0.7
j  sun.tools.jcmd.JCmd.executeCommandForPid(Ljava/lang/String;Ljava/lang/String;)V+1 jdk.jcmd@21.0.7
j  sun.tools.jcmd.JCmd.main([Ljava/lang/String;)V+255 jdk.jcmd@21.0.7
v  ~StubRoutines::call_stub 0x00007fe6ec537cc6

siginfo: si_signo: 11 (SIGSEGV), si_code: 1 (SEGV_MAPERR), si_addr: 0x00007ff68716b320

Registers:
RAX=0x00007fe688048a60, RBX=0x0000000000000009, RCX=0x00007fe687484f40, RDX=0x00000000000001c0
RSP=0x00007fe6fb7fdc90, RBP=0x00007fe6fb7fdd80, RSI=0x00007ff68716b318, RDI=0x000000000000000f
R8 =0x0000000000000000, R9 =0x0000000000000010, R10=0x00007fe68716ac78, R11=0x00007fe6fb7fdde0
R12=0x00007fe6fb7fdee0, R13=0x0000000000000048, R14=0x0000000000000009, R15=0x00007fe687481a00
RIP=0x00007fe6fc34efe0, EFLAGS=0x0000000000010216, CSGSFS=0x002b000000000033, ERR=0x0000000000000004
  TRAPNO=0x000000000000000e

XMM[0]=0x00007fe6f402b670 0x00007fe67c07efa8
XMM[1]=0x0000000000000000 0x00007fe6f402b670
XMM[2]=0x00007fe68716b478 0x00007fe68716b420
XMM[3]=0x00007ff68716b318 0x00007fe68716b2c0
XMM[4]=0x00007fe6f402bdc0 0x00007fe6f402bdb0
XMM[5]=0x0000000000000000 0x0000000017a7cec2
XMM[6]=0x00007fe6f402b670 0x00007fe67c07f228
XMM[7]=0x0000000000000000 0x00007fe6f402b670
XMM[8]=0x1900020000005400 0x5100190004000000
XMM[9]=0x0000000000000000 0x0000000000000000
XMM[10]=0x0000000000000000 0x3f3f3f3f3f3f3f3f
XMM[11]=0x0000000000000000 0x9999999999999999
XMM[12]=0x0000000000000000 0x2020202020202020
XMM[13]=0x0000000000000000 0x0000000000000000
XMM[14]=0x0000000000000000 0x0000000000000000
XMM[15]=0x0000000000000000 0x0000000000000000
  MXCSR=0x00001fa2


Register to memory mapping:

RAX=0x00007fe688048a60 is pointing into metadata
RBX=0x0000000000000009 is an unknown value
RCX=0x00007fe687484f40 is pointing into metadata
RDX=0x00000000000001c0 is an unknown value
RSP=0x00007fe6fb7fdc90 is pointing into the stack for thread: 0x00007fe6f402b670
RBP=0x00007fe6fb7fdd80 is pointing into the stack for thread: 0x00007fe6f402b670
RSI=0x00007ff68716b318 is an unknown value
RDI=0x000000000000000f is an unknown value
R8 =0x0 is null
R9 =0x0000000000000010 is an unknown value
R10=0x00007fe68716ac78 is a pointer to class: 
jdk.internal.loader.Resource {0x00007fe68716ac78}
 - instance size:     2
 - klass size:        75
 - access:            public synchronized abstract 
 - flags:             rewritten has_nonstatic_fields is_shared_boot_class has_vanilla_constructor 
 - state:             linked
 - name:              'jdk/internal/loader/Resource'
 - super:             'java/lang/Object'
 - sub:               'sun/net/www/protocol/jrt/JavaRuntimeURLConnection$1'   
 - arrays:            null
 - methods:           Array<T>(0x00007fe6877dd4b8)
 - method ordering:   Array<T>(0x00007fe6877dd5c8)
 - local interfaces:  Array<T>(0x00007fe687616348)
 - trans. interfaces: Array<T>(0x00007fe687616348)
 - constants:         constant pool [117] {0x00007fe6877dcc50} for 'jdk/internal/loader/Resource' cache=0x00007fe68716afa8
 - class loader data:  loader data: 0x00007fe6f40d65d0 of 'bootstrap'
 - inner classes:     Array<T>(0x00007fe6876162d0)
 - nest members:     Array<T>(0x00007fe6876162d0)
 - permitted subclasses:     Array<T>(0x00007fe6876162d0)
 - java mirror:       a 'java/lang/Class'{0x00000007ffe940b8} = 'jdk/internal/loader/Resource'
 - vtable length      16  (start addr: 0x00007fe68716ae38)
 - itable length      2 (start addr: 0x00007fe68716aeb8)
 - ---- static fields (0 words):
 - ---- non-static fields (1 words):
 - private 'cis' 'Ljava/io/InputStream;' @12 
 - non-static oop maps: 12-12 
R11=0x00007fe6fb7fdde0 is pointing into the stack for thread: 0x00007fe6f402b670
R12=0x00007fe6fb7fdee0 is pointing into the stack for thread: 0x00007fe6f402b670
R13=0x0000000000000048 is an unknown value
R14=0x0000000000000009 is an unknown value
R15=0x00007fe687481a00 is pointing into metadata

Top of Stack: (sp=0x00007fe6fb7fdc90)
0x00007fe6fb7fdc90:   0000000200000000 00007fe648099828
0x00007fe6fb7fdca0:   0000000000000000 00007fe6fb7fdd00
0x00007fe6fb7fdcb0:   0000000000000010 00007fe687484f40
0x00007fe6fb7fdcc0:   00007fe6fb7fdde0 0000000000000000
0x00007fe6fb7fdcd0:   0000000000000000 00007fe6dd0a1bc8
0x00007fe6fb7fdce0:   00007fe6fb7fdd10 00007fe68716ac78
0x00007fe6fb7fdcf0:   00007fe6f402bdc0 00000000000003d8
0x00007fe6fb7fdd00:   0000000000000000 00007fe688048a18
0x00007fe6fb7fdd10:   00007fe6f402b670 00007fe6f402c1a0
0x00007fe6fb7fdd20:   00007fe6f402c1e0 00007fe6f402c1f8
0x00007fe6fb7fdd30:   00007fe6f402c2c8 00000000000000d8
0x00007fe6fb7fdd40:   00007fe6fb7fdf00 00007fe600000000
0x00007fe6fb7fdd50:   00007fe6ffffffff 00007fe67c07ee88
0x00007fe6fb7fdd60:   0000000000000010 00007fe6fb7fdde0
0x00007fe6fb7fdd70:   00007fe6f402b670 00007fe6fb7fdee0
0x00007fe6fb7fdd80:   00007fe6fb7fde20 00007fe6fc351a05
0x00007fe6fb7fdd90:   0000000c0000000c 00007fe60000000c
0x00007fe6fb7fdda0:   00007fe6f402b670 00007fe67c07ee80
0x00007fe6fb7fddb0:   00007fe6f402bdb0 00007fe6f402be58
0x00007fe6fb7fddc0:   0000000000000000 00007fe67c07eeb8
0x00007fe6fb7fddd0:   00007fe600000010 00007fe6f402bdc0
0x00007fe6fb7fdde0:   00007fe67c07efa8 00007fe6f402b670
0x00007fe6fb7fddf0:   00007fe6fb7fde60 00007fe6f402b670
0x00007fe6fb7fde00:   00007fe6f402bd70 00007fe6f402bdb0
0x00007fe6fb7fde10:   00007fe6fb7fdee0 00007fe6f402bdc0
0x00007fe6fb7fde20:   00007fe6fb7fdea0 00007fe6fc3523fb
0x00007fe6fb7fde30:   00007fe6fb7fde60 00000000000003d8
0x00007fe6fb7fde40:   00007fe6f402bdb0 00007fe6f402bdc0
0x00007fe6fb7fde50:   00007fe6f402c198 0000001000000010
0x00007fe6fb7fde60:   000000107c07efa8 00007fe6f402bdc0
0x00007fe6fb7fde70:   0000000000005475 00007fe6fb7fdee0
0x00007fe6fb7fde80:   00007fe6f402b670 00007fe688048a18 

Instructions: (pc=0x00007fe6fc34efe0)
0x00007fe6fc34eee0:   ff ff 48 89 85 60 ff ff ff e8 72 f1 d4 ff 4c 8b
0x00007fe6fc34eef0:   8d 58 ff ff ff 4c 8b 9d 50 ff ff ff 44 0f b6 85
0x00007fe6fc34ef00:   48 ff ff ff 49 8b 81 98 00 00 00 48 8b 78 08 48
0x00007fe6fc34ef10:   85 ff 0f 84 88 02 00 00 44 88 85 48 ff ff ff 4c
0x00007fe6fc34ef20:   89 9d 50 ff ff ff 4c 89 8d 58 ff ff ff ff 15 dd
0x00007fe6fc34ef30:   50 99 00 4c 8b 8d 58 ff ff ff 4c 8b 9d 50 ff ff
0x00007fe6fc34ef40:   ff 48 85 c0 44 0f b6 85 48 ff ff ff 49 89 c2 0f
0x00007fe6fc34ef50:   84 4b 02 00 00 49 8b bd 20 03 00 00 48 8b 4f 18
0x00007fe6fc34ef60:   48 8b 47 20 48 29 c8 48 83 f8 07 0f 86 c7 02 00
0x00007fe6fc34ef70:   00 48 8d 41 08 48 89 47 18 4c 89 11 49 8b 41 18
0x00007fe6fc34ef80:   48 89 85 58 ff ff ff 45 85 f6 0f 8e f0 01 00 00
0x00007fe6fc34ef90:   48 8b 45 80 48 89 8d 48 ff ff ff 4d 89 f1 48 8b
0x00007fe6fc34efa0:   8d 40 ff ff ff 48 8d 44 98 04 31 db 48 89 85 50
0x00007fe6fc34efb0:   ff ff ff 4c 89 f8 4d 89 df 49 89 c3 eb 46 66 90
0x00007fe6fc34efc0:   48 8d 35 91 5d 9f 00 80 3e 00 75 53 83 e2 08 74
0x00007fe6fc34efd0:   4e 48 8b 85 68 ff ff ff 48 8b b4 d8 c0 01 00 00
0x00007fe6fc34efe0:   48 8b 46 08 48 8b 50 08 0f b7 78 24 4c 3b 7c fa
0x00007fe6fc34eff0:   48 0f 84 a9 00 00 00 48 83 c3 01 49 39 d9 0f 84
0x00007fe6fc34f000:   7c 01 00 00 49 8b 04 24 41 89 de 4c 8d 2c dd 00
0x00007fe6fc34f010:   00 00 00 0f b7 90 b2 00 00 00 f6 c2 01 75 a1 49
0x00007fe6fc34f020:   63 54 24 08 4c 01 e8 48 8b 34 10 eb b3 0f 1f 00
0x00007fe6fc34f030:   48 8b 3a be fe ff ff ff e8 c3 63 13 00 c6 85 7f
0x00007fe6fc34f040:   ff ff ff 00 48 c7 45 80 00 00 00 00 e9 ca fd ff
0x00007fe6fc34f050:   ff 0f 1f 80 00 00 00 00 48 8b 45 88 f6 80 a5 00
0x00007fe6fc34f060:   00 00 02 0f 84 47 01 00 00 80 bd 7f ff ff ff 00
0x00007fe6fc34f070:   49 8b 3f 74 0a 83 7f 2c f7 0f 8c ff fd ff ff be
0x00007fe6fc34f080:   f7 ff ff ff 44 88 85 68 ff ff ff e8 70 63 13 00
0x00007fe6fc34f090:   44 0f b6 85 68 ff ff ff e9 e1 fd ff ff 0f 1f 00
0x00007fe6fc34f0a0:   0f b7 40 26 48 3b 4c c2 48 0f 85 48 ff ff ff 48
0x00007fe6fc34f0b0:   8b 45 88 f6 80 a5 00 00 00 02 0f 85 10 01 00 00
0x00007fe6fc34f0c0:   8b 46 28 a8 02 0f 85 2c ff ff ff 80 bd 7f ff ff
0x00007fe6fc34f0d0:   ff 00 4c 8b 52 18 0f 84 c4 01 00 00 49 8b 13 8b 


Stack slot to memory mapping:

stack at sp + 0 slots: 0x0000000200000000 is an unknown value
stack at sp + 1 slots: 0x00007fe648099828 points into unknown readable memory: 0x0000000000000000 | 00 00 00 00 00 00 00 00
stack at sp + 2 slots: 0x0 is null
stack at sp + 3 slots: 0x00007fe6fb7fdd00 is pointing into the stack for thread: 0x00007fe6f402b670
stack at sp + 4 slots: 0x0000000000000010 is an unknown value
stack at sp + 5 slots: 0x00007fe687484f40 is pointing into metadata
stack at sp + 6 slots: 0x00007fe6fb7fdde0 is pointing into the stack for thread: 0x00007fe6f402b670
stack at sp + 7 slots: 0x0 is null


---------------  P R O C E S S  ---------------

Threads class SMR info:
_java_thread_list=0x00007fe6f4147b70, length=10, elements={
0x00007fe6f402b670, 0x00007fe6f40f82f0, 0x00007fe6f40f9850, 0x00007fe6f40fafd0,
0x00007fe6f40fc600, 0x00007fe6f40fdb90, 0x00007fe6f40ff6c0, 0x00007fe6f4100d70,
0x00007fe6f413cf50, 0x00007fe6f4146ad0
}

Java Threads: ( => current thread )
=>0x00007fe6f402b670 JavaThread "main"                              [_thread_in_vm, id=79183, stack(0x00007fe6fb700000,0x00007fe6fb800000) (1024K)]
  0x00007fe6f40f82f0 JavaThread "Reference Handler"          daemon [_thread_blocked, id=79204, stack(0x00007fe6dcd19000,0x00007fe6dce19000) (1024K)]
  0x00007fe6f40f9850 JavaThread "Finalizer"                  daemon [_thread_blocked, id=79205, stack(0x00007fe6dcc19000,0x00007fe6dcd19000) (1024K)]
  0x00007fe6f40fafd0 JavaThread "Signal Dispatcher"          daemon [_thread_blocked, id=79206, stack(0x00007fe6dcb19000,0x00007fe6dcc19000) (1024K)]
  0x00007fe6f40fc600 JavaThread "Service Thread"             daemon [_thread_blocked, id=79207, stack(0x00007fe6dca19000,0x00007fe6dcb19000) (1024K)]
  0x00007fe6f40fdb90 JavaThread "Monitor Deflation Thread"   daemon [_thread_blocked, id=79208, stack(0x00007fe6dc919000,0x00007fe6dca19000) (1024K)]
  0x00007fe6f40ff6c0 JavaThread "C2 CompilerThread0"         daemon [_thread_blocked, id=79209, stack(0x00007fe6dc819000,0x00007fe6dc919000) (1024K)]
  0x00007fe6f4100d70 JavaThread "C1 CompilerThread0"         daemon [_thread_blocked, id=79210, stack(0x00007fe6dc719000,0x00007fe6dc819000) (1024K)]
  0x00007fe6f413cf50 JavaThread "Notification Thread"        daemon [_thread_blocked, id=79211, stack(0x00007fe6dc619000,0x00007fe6dc719000) (1024K)]
  0x00007fe6f4146ad0 JavaThread "Common-Cleaner"             daemon [_thread_blocked, id=79212, stack(0x00007fe6dc519000,0x00007fe6dc619000) (1024K)]
Total: 10

Other Threads:
  0x00007fe6f40eeef0 VMThread "VM Thread"                           [id=79203, stack(0x00007fe6dce1a000,0x00007fe6dcf1a000) (1024K)]
  0x00007fe6f40dcdf0 WatcherThread "VM Periodic Task Thread"        [id=79202, stack(0x00007fe6dcf1b000,0x00007fe6dd01b000) (1024K)]
  0x00007fe6f4092230 WorkerThread "GC Thread#0"                     [id=79186, stack(0x00007fe6dfd51000,0x00007fe6dfe51000) (1024K)]
  0x00007fe6740077f0 WorkerThread "GC Thread#1"                     [id=79214, stack(0x00007fe6dc419000,0x00007fe6dc519000) (1024K)]
  0x00007fe6f40a2ac0 ConcurrentGCThread "G1 Main Marker"            [id=79188, stack(0x00007fe6dfc50000,0x00007fe6dfd50000) (1024K)]
  0x00007fe6f40a3920 WorkerThread "G1 Conc#0"                       [id=79189, stack(0x00007fe6dfb4f000,0x00007fe6dfc4f000) (1024K)]
  0x00007fe6f40ca6a0 ConcurrentGCThread "G1 Refine#0"               [id=79190, stack(0x00007fe6dd1f9000,0x00007fe6dd2f9000) (1024K)]
  0x00007fe6f40cb650 ConcurrentGCThread "G1 Service"                [id=79192, stack(0x00007fe6dd0f8000,0x00007fe6dd1f8000) (1024K)]
Total: 8

Threads with active compile tasks:
Total: 0

VM state: not at safepoint (normal execution)

VM Mutex/Monitor currently owned by a thread: None

Heap address: 0x000000070c400000, size: 3900 MB, Compressed Oops mode: Zero based, Oop shift amount: 3

CDS archive(s) mapped at: [0x00007fe687000000-0x00007fe687bb6000-0x00007fe687bb6000), size 12279808, SharedBaseAddress: 0x00007fe687000000, ArchiveRelocationMode: 1.
Compressed class space mapped at: 0x00007fe688000000-0x00007fe6c8000000, reserved size: 1073741824
Narrow klass base: 0x00007fe687000000, Narrow klass shift: 0, Narrow klass range: 0x100000000

GC Precious Log:
 CardTable entry size: 512
 Card Set container configuration: InlinePtr #cards 4 size 8 Array Of Cards #cards 16 size 48 Howl #buckets 8 coarsen threshold 3686 Howl Bitmap #cards 512 size 80 coarsen threshold 460 Card regions per heap region 1 cards per card region 4096
 CPUs: 8 total, 8 available
 Memory: 15592M
 Large Page Support: Disabled
 NUMA Support: Disabled
 Compressed Oops: Enabled (Zero based)
 Heap Region Size: 2M
 Heap Min Capacity: 8M
 Heap Initial Capacity: 8M
 Heap Max Capacity: 3900M
 Pre-touch: Disabled
 Parallel Workers: 8
 Concurrent Workers: 2
 Concurrent Refinement Workers: 8
 Periodic GC: Disabled

Heap:
 garbage-first heap   total 10240K, used 1706K [0x000000070c400000, 0x0000000800000000)
  region size 2048K, 2 young (4096K), 1 survivors (2048K)
 Metaspace       used 827K, committed 960K, reserved 1114112K
  class space    used 85K, committed 192K, reserved 1048576K

Heap Regions: E=young(eden), S=young(survivor), O=old, HS=humongous(starts), HC=humongous(continues), CS=collection set, F=free, TAMS=top-at-mark-start, PB=parsable bottom
|   0|0x000000070c400000, 0x000000070c400000, 0x000000070c600000|  0%| F|  |TAMS 0x000000070c400000| PB 0x000000070c400000| Untracked 
|   1|0x000000070c600000, 0x000000070c600000, 0x000000070c800000|  0%| F|  |TAMS 0x000000070c600000| PB 0x000000070c600000| Untracked 
|   2|0x000000070c800000, 0x000000070c8a0000, 0x000000070ca00000| 31%| S|CS|TAMS 0x000000070c800000| PB 0x000000070c800000| Complete 
|   3|0x000000070ca00000, 0x000000070ca39af0, 0x000000070cc00000| 11%| E|  |TAMS 0x000000070ca00000| PB 0x000000070ca00000| Complete 
|1949|0x00000007ffe00000, 0x00000007fff0aa80, 0x0000000800000000| 52%| O|  |TAMS 0x00000007ffe00000| PB 0x00000007ffe00000| Untracked 

Card table byte_map: [0x00007fe6e3bbf000,0x00007fe6e435d000] _byte_map_base: 0x00007fe6e035d000

Marking Bits: (CMBitMap*) 0x00007fe6f4092c10
 Bits: [0x00007fe6dfecf000, 0x00007fe6e3bbf000)

Polling page: 0x00007fe6fd140000

Metaspace:

Usage:
  Non-class:    741,37 KB used.
      Class:     85,91 KB used.
       Both:    827,27 KB used.

Virtual space:
  Non-class space:       64,00 MB reserved,     768,00 KB (  1%) committed,  1 nodes.
      Class space:        1,00 GB reserved,     192,00 KB ( <1%) committed,  1 nodes.
             Both:        1,06 GB reserved,     960,00 KB ( <1%) committed. 

Chunk freelists:
   Non-Class:  11,75 MB
       Class:  15,68 MB
        Both:  27,43 MB

MaxMetaspaceSize: unlimited
CompressedClassSpaceSize: 1,00 GB
Initial GC threshold: 21,00 MB
Current GC threshold: 21,00 MB
CDS: on
 - commit_granule_bytes: 65536.
 - commit_granule_words: 8192.
 - virtual_space_node_default_size: 8388608.
 - enlarge_chunks_in_place: 1.
 - use_allocation_guard: 0.


Internal statistics:

num_allocs_failed_limit: 0.
num_arena_births: 52.
num_arena_deaths: 0.
num_vsnodes_births: 2.
num_vsnodes_deaths: 0.
num_space_committed: 15.
num_space_uncommitted: 0.
num_chunks_returned_to_freelist: 0.
num_chunks_taken_from_freelist: 78.
num_chunk_merges: 0.
num_chunk_splits: 44.
num_chunks_enlarged: 26.
num_inconsistent_stats: 0.

CodeHeap 'non-profiled nmethods': size=120028Kb used=110Kb max_used=110Kb free=119917Kb
 bounds [0x00007fe6ecac9000, 0x00007fe6ecd39000, 0x00007fe6f4000000]
CodeHeap 'profiled nmethods': size=120028Kb used=404Kb max_used=404Kb free=119624Kb
 bounds [0x00007fe6e5000000, 0x00007fe6e5270000, 0x00007fe6ec537000]
CodeHeap 'non-nmethods': size=5704Kb used=1269Kb max_used=1280Kb free=4434Kb
 bounds [0x00007fe6ec537000, 0x00007fe6ec7a7000, 0x00007fe6ecac9000]
 total_blobs=732 nmethods=332 adapters=306
 compilation: enabled
              stopped_count=0, restarted_count=0
 full_count=0

Compilation events (20 events):
Event: 0,139 Thread 0x00007fe6f4100d70 nmethod 316 0x00007fe6e5058e10 code [0x00007fe6e5059020, 0x00007fe6e5059428]
Event: 0,139 Thread 0x00007fe6f4100d70  317       3       java.lang.StringLatin1::compareTo (14 bytes)
Event: 0,139 Thread 0x00007fe6f40ff6c0  323       4       java.lang.StringLatin1::getChar (9 bytes)
Event: 0,139 Thread 0x00007fe6f4100d70 nmethod 317 0x00007fe6e5059590 code [0x00007fe6e5059740, 0x00007fe6e5059870]
Event: 0,139 Thread 0x00007fe6f4100d70  318       3       java.lang.StringLatin1::compareTo (41 bytes)
Event: 0,139 Thread 0x00007fe6f4100d70 nmethod 318 0x00007fe6e5059990 code [0x00007fe6e5059b60, 0x00007fe6e5059ec0]
Event: 0,139 Thread 0x00007fe6f4100d70  321       3       java.lang.String::compareTo (9 bytes)
Event: 0,139 Thread 0x00007fe6f40ff6c0 nmethod 323 0x00007fe6ecae3990 code [0x00007fe6ecae3b00, 0x00007fe6ecae3ba8]
Event: 0,139 Thread 0x00007fe6f4100d70 nmethod 321 0x00007fe6e505a090 code [0x00007fe6e505a240, 0x00007fe6e505a468]
Event: 0,139 Thread 0x00007fe6f4100d70  322   !   3       java.nio.DirectByteBuffer::getInt (27 bytes)
Event: 0,140 Thread 0x00007fe6f4100d70 nmethod 322 0x00007fe6e505a510 code [0x00007fe6e505a700, 0x00007fe6e505aa80]
Event: 0,140 Thread 0x00007fe6f4100d70  325   !   3       java.nio.DirectByteBuffer::getInt (36 bytes)
Event: 0,140 Thread 0x00007fe6f40ff6c0  329   !   4       java.nio.DirectByteBuffer::get (33 bytes)
Event: 0,140 Thread 0x00007fe6f4100d70 nmethod 325 0x00007fe6e505ad10 code [0x00007fe6e505af60, 0x00007fe6e505b830]
Event: 0,140 Thread 0x00007fe6f4100d70  324       3       java.nio.MappedByteBuffer::position (6 bytes)
Event: 0,141 Thread 0x00007fe6f4100d70 nmethod 324 0x00007fe6e505bd10 code [0x00007fe6e505bec0, 0x00007fe6e505c0c8]
Event: 0,141 Thread 0x00007fe6f4100d70  315       1       java.nio.DirectByteBuffer::attachment (5 bytes)
Event: 0,141 Thread 0x00007fe6f4100d70 nmethod 315 0x00007fe6ecae3c90 code [0x00007fe6ecae3e20, 0x00007fe6ecae3ee8]
Event: 0,141 Thread 0x00007fe6f4100d70  330   !   3       sun.jvmstat.perfdata.monitor.v2_0.PerfDataBuffer::getNextMonitorEntry (976 bytes)
Event: 0,141 Thread 0x00007fe6f40ff6c0 nmethod 329 0x00007fe6ecae3f90 code [0x00007fe6ecae4120, 0x00007fe6ecae4210]

GC Heap History (2 events):
Event: 0,127 GC heap before
{Heap before GC invocations=0 (full 0):
 garbage-first heap   total 10240K, used 3114K [0x000000070c400000, 0x0000000800000000)
  region size 2048K, 1 young (2048K), 0 survivors (0K)
 Metaspace       used 664K, committed 896K, reserved 1114112K
  class space    used 69K, committed 192K, reserved 1048576K
}
Event: 0,129 GC heap after
{Heap after GC invocations=1 (full 0):
 garbage-first heap   total 10240K, used 1706K [0x000000070c400000, 0x0000000800000000)
  region size 2048K, 1 young (2048K), 1 survivors (2048K)
 Metaspace       used 664K, committed 896K, reserved 1114112K
  class space    used 69K, committed 192K, reserved 1048576K
}

Dll operation events (5 events):
Event: 0,002 Loaded shared library /home/gsscala/.vscode/extensions/redhat.java-1.42.0-linux-x64/jre/21.0.7-linux-x86_64/lib/libjava.so
Event: 0,036 Loaded shared library /home/gsscala/.vscode/extensions/redhat.java-1.42.0-linux-x64/jre/21.0.7-linux-x86_64/lib/libzip.so
Event: 0,053 Loaded shared library /home/gsscala/.vscode/extensions/redhat.java-1.42.0-linux-x64/jre/21.0.7-linux-x86_64/lib/libnio.so
Event: 0,054 Loaded shared library /home/gsscala/.vscode/extensions/redhat.java-1.42.0-linux-x64/jre/21.0.7-linux-x86_64/lib/libjimage.so
Event: 0,064 Loaded shared library /home/gsscala/.vscode/extensions/redhat.java-1.42.0-linux-x64/jre/21.0.7-linux-x86_64/lib/libzip.so

Deoptimization events (4 events):
Event: 0,074 Thread 0x00007fe6f402b670 Uncommon trap: trap_request=0xffffff45 fr.pc=0x00007fe6ecacc8c0 relative=0x00000000000000a0
Event: 0,074 Thread 0x00007fe6f402b670 Uncommon trap: reason=unstable_if action=reinterpret pc=0x00007fe6ecacc8c0 method=java.lang.String.hashCode()I @ 13 c2
Event: 0,074 Thread 0x00007fe6f402b670 DEOPT PACKING pc=0x00007fe6ecacc8c0 sp=0x00007fe6fb7fd0b0
Event: 0,074 Thread 0x00007fe6f402b670 DEOPT UNPACKING pc=0x00007fe6ec58af99 sp=0x00007fe6fb7fd068 mode 2

Classes loaded (20 events):
Event: 0,121 Loading class java/lang/invoke/BoundMethodHandle$Species_LI
Event: 0,121 Loading class java/lang/invoke/BoundMethodHandle$Species_LI done
Event: 0,126 Loading class jdk/internal/foreign/MemorySessionImpl
Event: 0,127 Loading class java/lang/foreign/MemorySegment$Scope
Event: 0,127 Loading class java/lang/foreign/MemorySegment$Scope done
Event: 0,127 Loading class jdk/internal/foreign/MemorySessionImpl done
Event: 0,129 Loading class java/nio/HeapIntBuffer
Event: 0,130 Loading class java/nio/HeapIntBuffer done
Event: 0,143 Loading class java/io/BufferedReader
Event: 0,143 Loading class java/io/BufferedReader done
Event: 0,143 Loading class sun/net/www/protocol/jrt/JavaRuntimeURLConnection
Event: 0,143 Loading class sun/net/www/URLConnection
Event: 0,143 Loading class java/net/URLConnection
Event: 0,144 Loading class java/net/URLConnection done
Event: 0,144 Loading class sun/net/www/URLConnection done
Event: 0,144 Loading class sun/net/www/protocol/jrt/JavaRuntimeURLConnection done
Event: 0,145 Loading class sun/net/www/MessageHeader
Event: 0,145 Loading class sun/net/www/MessageHeader done
Event: 0,146 Loading class sun/net/www/protocol/jrt/JavaRuntimeURLConnection$1
Event: 0,146 Loading class sun/net/www/protocol/jrt/JavaRuntimeURLConnection$1 done

Classes unloaded (0 events):
No events

Classes redefined (0 events):
No events

Internal exceptions (4 events):
Event: 0,120 Thread 0x00007fe6f402b670 Exception <a 'java/lang/NoSuchMethodError'{0x000000070cbce258}: 'java.lang.Object java.lang.invoke.DirectMethodHandle$Holder.newInvokeSpecial(java.lang.Object, java.lang.Object, int)'> (0x000000070cbce258) 
thrown [src/hotspot/share/interpreter/linkResolver.cpp, line 772]
Event: 0,121 Thread 0x00007fe6f402b670 Exception <a 'java/lang/NoSuchMethodError'{0x000000070cbd29c0}: 'int java.lang.invoke.DirectMethodHandle$Holder.invokeSpecial(java.lang.Object, java.lang.Object, java.lang.Object, int)'> (0x000000070cbd29c0) 
thrown [src/hotspot/share/interpreter/linkResolver.cpp, line 772]
Event: 0,123 Thread 0x00007fe6f402b670 Exception <a 'java/lang/NoSuchMethodError'{0x000000070cbe5800}: 'java.lang.Object java.lang.invoke.DirectMethodHandle$Holder.invokeStatic(java.lang.Object, java.lang.Object, java.lang.Object, java.lang.Object, int)'> (0x000000070cbe5800) 
thrown [src/hotspot/share/interpreter/linkResolver.cpp, line 772]
Event: 0,124 Thread 0x00007fe6f402b670 Exception <a 'java/lang/NoSuchMethodError'{0x000000070cbee610}: 'int java.lang.invoke.DirectMethodHandle$Holder.invokeSpecial(java.lang.Object, java.lang.Object, java.lang.Object)'> (0x000000070cbee610) 
thrown [src/hotspot/share/interpreter/linkResolver.cpp, line 772]

ZGC Phase Switch (0 events):
No events

VM Operations (2 events):
Event: 0,127 Executing VM operation: G1CollectForAllocation (G1 Evacuation Pause)
Event: 0,129 Executing VM operation: G1CollectForAllocation (G1 Evacuation Pause) done

Memory protections (10 events):
Event: 0,002 Protecting memory [0x00007fe6fb700000,0x00007fe6fb704000] with protection modes 0
Event: 0,023 Protecting memory [0x00007fe6dcd19000,0x00007fe6dcd1d000] with protection modes 0
Event: 0,023 Protecting memory [0x00007fe6dcc19000,0x00007fe6dcc1d000] with protection modes 0
Event: 0,024 Protecting memory [0x00007fe6dcb19000,0x00007fe6dcb1d000] with protection modes 0
Event: 0,024 Protecting memory [0x00007fe6dca19000,0x00007fe6dca1d000] with protection modes 0
Event: 0,024 Protecting memory [0x00007fe6dc919000,0x00007fe6dc91d000] with protection modes 0
Event: 0,024 Protecting memory [0x00007fe6dc819000,0x00007fe6dc81d000] with protection modes 0
Event: 0,024 Protecting memory [0x00007fe6dc719000,0x00007fe6dc71d000] with protection modes 0
Event: 0,051 Protecting memory [0x00007fe6dc619000,0x00007fe6dc61d000] with protection modes 0
Event: 0,062 Protecting memory [0x00007fe6dc519000,0x00007fe6dc51d000] with protection modes 0

Nmethod flushes (0 events):
No events

Events (10 events):
Event: 0,014 Thread 0x00007fe6f402b670 Thread added: 0x00007fe6f402b670
Event: 0,023 Thread 0x00007fe6f402b670 Thread added: 0x00007fe6f40f82f0
Event: 0,023 Thread 0x00007fe6f402b670 Thread added: 0x00007fe6f40f9850
Event: 0,023 Thread 0x00007fe6f402b670 Thread added: 0x00007fe6f40fafd0
Event: 0,024 Thread 0x00007fe6f402b670 Thread added: 0x00007fe6f40fc600
Event: 0,024 Thread 0x00007fe6f402b670 Thread added: 0x00007fe6f40fdb90
Event: 0,024 Thread 0x00007fe6f402b670 Thread added: 0x00007fe6f40ff6c0
Event: 0,024 Thread 0x00007fe6f402b670 Thread added: 0x00007fe6f4100d70
Event: 0,051 Thread 0x00007fe6f402b670 Thread added: 0x00007fe6f413cf50
Event: 0,062 Thread 0x00007fe6f402b670 Thread added: 0x00007fe6f4146ad0


Dynamic libraries:
70c400000-70cc00000 rw-p 00000000 00:00 0 
70cc00000-7ffe00000 ---p 00000000 00:00 0 
7ffe00000-7fff0b000 rw-p 00bf2000 00:21 315035                           /home/gsscala/.vscode/extensions/redhat.java-1.42.0-linux-x64/jre/21.0.7-linux-x86_64/lib/server/classes.jsa
7fff0b000-800000000 rw-p 00000000 00:00 0 
55d77e95b000-55d77e95c000 r-xp 00000000 00:21 314626                     /home/gsscala/.vscode/extensions/redhat.java-1.42.0-linux-x64/jre/21.0.7-linux-x86_64/bin/jcmd
55d77e95d000-55d77e95e000 r--p 00001000 00:21 314626                     /home/gsscala/.vscode/extensions/redhat.java-1.42.0-linux-x64/jre/21.0.7-linux-x86_64/bin/jcmd
55d77e95e000-55d77e95f000 rw-p 00002000 00:21 314626                     /home/gsscala/.vscode/extensions/redhat.java-1.42.0-linux-x64/jre/21.0.7-linux-x86_64/bin/jcmd
55d7b35cd000-55d7b3613000 rw-p 00000000 00:00 0                          [heap]
7fe640000000-7fe640021000 rw-p 00000000 00:00 0 
7fe640021000-7fe644000000 ---p 00000000 00:00 0 
7fe644000000-7fe644021000 rw-p 00000000 00:00 0 
7fe644021000-7fe648000000 ---p 00000000 00:00 0 
7fe648000000-7fe648122000 rw-p 00000000 00:00 0 
7fe648122000-7fe64c000000 ---p 00000000 00:00 0 
7fe64c000000-7fe64c021000 rw-p 00000000 00:00 0 
7fe64c021000-7fe650000000 ---p 00000000 00:00 0 
7fe650000000-7fe650021000 rw-p 00000000 00:00 0 
7fe650021000-7fe654000000 ---p 00000000 00:00 0 
7fe654000000-7fe65414a000 rw-p 00000000 00:00 0 
7fe65414a000-7fe658000000 ---p 00000000 00:00 0 
7fe658000000-7fe658021000 rw-p 00000000 00:00 0 
7fe658021000-7fe65c000000 ---p 00000000 00:00 0 
7fe65c000000-7fe65c021000 rw-p 00000000 00:00 0 
7fe65c021000-7fe660000000 ---p 00000000 00:00 0 
7fe660000000-7fe660021000 rw-p 00000000 00:00 0 
7fe660021000-7fe664000000 ---p 00000000 00:00 0 
7fe666000000-7fe673e70000 r--p 00000000 00:21 363990                     /usr/lib/locale/locale-archive
7fe674000000-7fe674021000 rw-p 00000000 00:00 0 
7fe674021000-7fe678000000 ---p 00000000 00:00 0 
7fe678000000-7fe678021000 rw-p 00000000 00:00 0 
7fe678021000-7fe67c000000 ---p 00000000 00:00 0 
7fe67c000000-7fe67c080000 rw-p 00000000 00:00 0 
7fe67c080000-7fe67c400000 ---p 00000000 00:00 0 
7fe67c400000-7fe67c440000 rw-p 00000000 00:00 0 
7fe67c440000-7fe680000000 ---p 00000000 00:00 0 
7fe680000000-7fe680021000 rw-p 00000000 00:00 0 
7fe680021000-7fe684000000 ---p 00000000 00:00 0 
7fe686d1b000-7fe687000000 rw-p 00000000 00:00 0 
7fe687000000-7fe687bb6000 rw-p 00001000 00:21 315035                     /home/gsscala/.vscode/extensions/redhat.java-1.42.0-linux-x64/jre/21.0.7-linux-x86_64/lib/server/classes.jsa
7fe687bb6000-7fe688000000 ---p 00000000 00:00 0 
7fe688000000-7fe688020000 rw-p 00000000 00:00 0 
7fe688020000-7fe688040000 ---p 00000000 00:00 0 
7fe688040000-7fe688050000 rw-p 00000000 00:00 0 
7fe688050000-7fe6c8000000 ---p 00000000 00:00 0 
7fe6c8000000-7fe6c8021000 rw-p 00000000 00:00 0 
7fe6c8021000-7fe6cc000000 ---p 00000000 00:00 0 
7fe6cc000000-7fe6cc021000 rw-p 00000000 00:00 0 
7fe6cc021000-7fe6d0000000 ---p 00000000 00:00 0 
7fe6d0000000-7fe6d0021000 rw-p 00000000 00:00 0 
7fe6d0021000-7fe6d4000000 ---p 00000000 00:00 0 
7fe6d4000000-7fe6d4021000 rw-p 00000000 00:00 0 
7fe6d4021000-7fe6d8000000 ---p 00000000 00:00 0 
7fe6d8000000-7fe6d8021000 rw-p 00000000 00:00 0 
7fe6d8021000-7fe6dc000000 ---p 00000000 00:00 0 
7fe6dc294000-7fe6dc418000 rw-p 00000000 00:00 0 
7fe6dc418000-7fe6dc419000 ---p 00000000 00:00 0 
7fe6dc419000-7fe6dc519000 rw-p 00000000 00:00 0 
7fe6dc519000-7fe6dc51d000 ---p 00000000 00:00 0 
7fe6dc51d000-7fe6dc619000 rw-p 00000000 00:00 0 
7fe6dc619000-7fe6dc61d000 ---p 00000000 00:00 0 
7fe6dc61d000-7fe6dc719000 rw-p 00000000 00:00 0 
7fe6dc719000-7fe6dc71d000 ---p 00000000 00:00 0 
7fe6dc71d000-7fe6dc819000 rw-p 00000000 00:00 0 
7fe6dc819000-7fe6dc81d000 ---p 00000000 00:00 0 
7fe6dc81d000-7fe6dc919000 rw-p 00000000 00:00 0 
7fe6dc919000-7fe6dc91d000 ---p 00000000 00:00 0 
7fe6dc91d000-7fe6dca19000 rw-p 00000000 00:00 0 
7fe6dca19000-7fe6dca1d000 ---p 00000000 00:00 0 
7fe6dca1d000-7fe6dcb19000 rw-p 00000000 00:00 0 
7fe6dcb19000-7fe6dcb1d000 ---p 00000000 00:00 0 
7fe6dcb1d000-7fe6dcc19000 rw-p 00000000 00:00 0 
7fe6dcc19000-7fe6dcc1d000 ---p 00000000 00:00 0 
7fe6dcc1d000-7fe6dcd19000 rw-p 00000000 00:00 0 
7fe6dcd19000-7fe6dcd1d000 ---p 00000000 00:00 0 
7fe6dcd1d000-7fe6dce19000 rw-p 00000000 00:00 0 
7fe6dce19000-7fe6dce1a000 ---p 00000000 00:00 0 
7fe6dce1a000-7fe6dcf1a000 rw-p 00000000 00:00 0 
7fe6dcf1a000-7fe6dcf1b000 ---p 00000000 00:00 0 
7fe6dcf1b000-7fe6dd01b000 rw-p 00000000 00:00 0 
7fe6dd01b000-7fe6dd0f7000 rw-p 00000000 00:00 0 
7fe6dd0f7000-7fe6dd0f8000 ---p 00000000 00:00 0 
7fe6dd0f8000-7fe6dd1f8000 rw-p 00000000 00:00 0 
7fe6dd1f8000-7fe6dd1f9000 ---p 00000000 00:00 0 
7fe6dd1f9000-7fe6dd2f9000 rw-p 00000000 00:00 0 
7fe6dd2f9000-7fe6dfa00000 rw-p 00000000 00:00 0 
7fe6dfa4d000-7fe6dfb4e000 rw-p 00000000 00:00 0 
7fe6dfb4e000-7fe6dfb4f000 ---p 00000000 00:00 0 
7fe6dfb4f000-7fe6dfc4f000 rw-p 00000000 00:00 0 
7fe6dfc4f000-7fe6dfc50000 ---p 00000000 00:00 0 
7fe6dfc50000-7fe6dfd50000 rw-p 00000000 00:00 0 
7fe6dfd50000-7fe6dfd51000 ---p 00000000 00:00 0 
7fe6dfd51000-7fe6dfe51000 rw-p 00000000 00:00 0 
7fe6dfe51000-7fe6dfeef000 rw-p 00000000 00:00 0 
7fe6dfeef000-7fe6e3bb7000 ---p 00000000 00:00 0 
7fe6e3bb7000-7fe6e3bc3000 rw-p 00000000 00:00 0 
7fe6e3bc3000-7fe6e435c000 ---p 00000000 00:00 0 
7fe6e435c000-7fe6e4361000 rw-p 00000000 00:00 0 
7fe6e4361000-7fe6e4afa000 ---p 00000000 00:00 0 
7fe6e4afa000-7fe6e5000000 rw-p 00000000 00:00 0 
7fe6e5000000-7fe6e5270000 rwxp 00000000 00:00 0 
7fe6e5270000-7fe6ec537000 ---p 00000000 00:00 0 
7fe6ec537000-7fe6ec7a7000 rwxp 00000000 00:00 0 
7fe6ec7a7000-7fe6ecac9000 ---p 00000000 00:00 0 
7fe6ecac9000-7fe6ecd39000 rwxp 00000000 00:00 0 
7fe6ecd39000-7fe6f4000000 ---p 00000000 00:00 0 
7fe6f4000000-7fe6f41e4000 rw-p 00000000 00:00 0 
7fe6f41e4000-7fe6f8000000 ---p 00000000 00:00 0 
7fe6f8012000-7fe6f831a000 rw-p 00000000 00:00 0 
7fe6f831a000-7fe6f8400000 ---p 00000000 00:00 0 
7fe6f8400000-7fe6fb5ce000 r--s 00000000 00:21 315025                     /home/gsscala/.vscode/extensions/redhat.java-1.42.0-linux-x64/jre/21.0.7-linux-x86_64/lib/modules
7fe6fb5d0000-7fe6fb600000 rw-p 00000000 00:00 0 
7fe6fb600000-7fe6fb607000 r--s 00000000 00:21 364749                     /usr/lib64/gconv/gconv-modules.cache
7fe6fb607000-7fe6fb613000 r-xp 00000000 00:21 315015                     /home/gsscala/.vscode/extensions/redhat.java-1.42.0-linux-x64/jre/21.0.7-linux-x86_64/lib/libnet.so
7fe6fb613000-7fe6fb614000 r--p 0000b000 00:21 315015                     /home/gsscala/.vscode/extensions/redhat.java-1.42.0-linux-x64/jre/21.0.7-linux-x86_64/lib/libnet.so
7fe6fb614000-7fe6fb615000 rw-p 0000c000 00:21 315015                     /home/gsscala/.vscode/extensions/redhat.java-1.42.0-linux-x64/jre/21.0.7-linux-x86_64/lib/libnet.so
7fe6fb615000-7fe6fb61a000 rw-p 00000000 00:00 0 
7fe6fb61a000-7fe6fb700000 ---p 00000000 00:00 0 
7fe6fb700000-7fe6fb704000 ---p 00000000 00:00 0 
7fe6fb704000-7fe6fb800000 rw-p 00000000 00:00 0 
7fe6fb800000-7fe6fcc0f000 r-xp 00000000 00:21 315037                     /home/gsscala/.vscode/extensions/redhat.java-1.42.0-linux-x64/jre/21.0.7-linux-x86_64/lib/server/libjvm.so
7fe6fcc0f000-7fe6fcc10000 ---p 0140f000 00:21 315037                     /home/gsscala/.vscode/extensions/redhat.java-1.42.0-linux-x64/jre/21.0.7-linux-x86_64/lib/server/libjvm.so
7fe6fcc10000-7fe6fcce4000 r--p 0140f000 00:21 315037                     /home/gsscala/.vscode/extensions/redhat.java-1.42.0-linux-x64/jre/21.0.7-linux-x86_64/lib/server/libjvm.so
7fe6fcce4000-7fe6fcd14000 rw-p 014e3000 00:21 315037                     /home/gsscala/.vscode/extensions/redhat.java-1.42.0-linux-x64/jre/21.0.7-linux-x86_64/lib/server/libjvm.so
7fe6fcd14000-7fe6fcd7a000 rw-p 00000000 00:00 0 
7fe6fcd7f000-7fe6fcd93000 r-xp 00000000 00:21 315016                     /home/gsscala/.vscode/extensions/redhat.java-1.42.0-linux-x64/jre/21.0.7-linux-x86_64/lib/libnio.so
7fe6fcd93000-7fe6fcd94000 r--p 00013000 00:21 315016                     /home/gsscala/.vscode/extensions/redhat.java-1.42.0-linux-x64/jre/21.0.7-linux-x86_64/lib/libnio.so
7fe6fcd94000-7fe6fcd95000 rw-p 00014000 00:21 315016                     /home/gsscala/.vscode/extensions/redhat.java-1.42.0-linux-x64/jre/21.0.7-linux-x86_64/lib/libnio.so
7fe6fcd95000-7fe6fcdb0000 r-xp 00000000 00:21 315024                     /home/gsscala/.vscode/extensions/redhat.java-1.42.0-linux-x64/jre/21.0.7-linux-x86_64/lib/libzip.so
7fe6fcdb0000-7fe6fcdb1000 r--p 0001a000 00:21 315024                     /home/gsscala/.vscode/extensions/redhat.java-1.42.0-linux-x64/jre/21.0.7-linux-x86_64/lib/libzip.so
7fe6fcdb1000-7fe6fcdb2000 rw-p 0001b000 00:21 315024                     /home/gsscala/.vscode/extensions/redhat.java-1.42.0-linux-x64/jre/21.0.7-linux-x86_64/lib/libzip.so
7fe6fcdb2000-7fe6fcdf8000 rw-p 00000000 00:00 0 
7fe6fcdf8000-7fe6fcdff000 ---p 00000000 00:00 0 
7fe6fcdff000-7fe6fce1f000 r-xp 00000000 00:21 315001                     /home/gsscala/.vscode/extensions/redhat.java-1.42.0-linux-x64/jre/21.0.7-linux-x86_64/lib/libjava.so
7fe6fce1f000-7fe6fce20000 ---p 00020000 00:21 315001                     /home/gsscala/.vscode/extensions/redhat.java-1.42.0-linux-x64/jre/21.0.7-linux-x86_64/lib/libjava.so
7fe6fce20000-7fe6fce21000 r--p 00020000 00:21 315001                     /home/gsscala/.vscode/extensions/redhat.java-1.42.0-linux-x64/jre/21.0.7-linux-x86_64/lib/libjava.so
7fe6fce21000-7fe6fce22000 rw-p 00021000 00:21 315001                     /home/gsscala/.vscode/extensions/redhat.java-1.42.0-linux-x64/jre/21.0.7-linux-x86_64/lib/libjava.so
7fe6fce22000-7fe6fce23000 rw-p 00000000 00:00 0 
7fe6fce23000-7fe6fce3e000 r-xp 00000000 00:21 315005                     /home/gsscala/.vscode/extensions/redhat.java-1.42.0-linux-x64/jre/21.0.7-linux-x86_64/lib/libjimage.so
7fe6fce3e000-7fe6fce3f000 ---p 0001b000 00:21 315005                     /home/gsscala/.vscode/extensions/redhat.java-1.42.0-linux-x64/jre/21.0.7-linux-x86_64/lib/libjimage.so
7fe6fce3f000-7fe6fce41000 r--p 0001b000 00:21 315005                     /home/gsscala/.vscode/extensions/redhat.java-1.42.0-linux-x64/jre/21.0.7-linux-x86_64/lib/libjimage.so
7fe6fce41000-7fe6fce42000 rw-p 0001d000 00:21 315005                     /home/gsscala/.vscode/extensions/redhat.java-1.42.0-linux-x64/jre/21.0.7-linux-x86_64/lib/libjimage.so
7fe6fce42000-7fe6fcebe000 r-xp 00000000 00:21 364071                     /usr/lib64/libm.so.6
7fe6fcebe000-7fe6fcf2e000 r--p 0007c000 00:21 364071                     /usr/lib64/libm.so.6
7fe6fcf2e000-7fe6fcf2f000 r--p 000eb000 00:21 364071                     /usr/lib64/libm.so.6
7fe6fcf2f000-7fe6fcf30000 rw-p 000ec000 00:21 364071                     /usr/lib64/libm.so.6
7fe6fcf30000-7fe6fcf31000 r-xp 00000000 00:21 364079                     /usr/lib64/librt.so.1
7fe6fcf31000-7fe6fcf32000 r--p 00001000 00:21 364079                     /usr/lib64/librt.so.1
7fe6fcf32000-7fe6fcf33000 r--p 00001000 00:21 364079                     /usr/lib64/librt.so.1
7fe6fcf33000-7fe6fcf36000 rw-p 00000000 00:00 0 
7fe6fcf36000-7fe6fd0a5000 r-xp 00000000 00:21 364069                     /usr/lib64/libc.so.6
7fe6fd0a5000-7fe6fd11a000 r--p 0016f000 00:21 364069                     /usr/lib64/libc.so.6
7fe6fd11a000-7fe6fd11e000 r--p 001e3000 00:21 364069                     /usr/lib64/libc.so.6
7fe6fd11e000-7fe6fd120000 rw-p 001e7000 00:21 364069                     /usr/lib64/libc.so.6
7fe6fd120000-7fe6fd128000 rw-p 00000000 00:00 0 
7fe6fd128000-7fe6fd129000 r-xp 00000000 00:21 364070                     /usr/lib64/libdl.so.2
7fe6fd129000-7fe6fd12a000 r--p 00001000 00:21 364070                     /usr/lib64/libdl.so.2
7fe6fd12a000-7fe6fd12b000 r--p 00001000 00:21 364070                     /usr/lib64/libdl.so.2
7fe6fd12b000-7fe6fd12c000 rw-p 00000000 00:00 0 
7fe6fd12c000-7fe6fd12d000 r-xp 00000000 00:21 364077                     /usr/lib64/libpthread.so.0
7fe6fd12d000-7fe6fd12e000 r--p 00001000 00:21 364077                     /usr/lib64/libpthread.so.0
7fe6fd12e000-7fe6fd12f000 r--p 00001000 00:21 364077                     /usr/lib64/libpthread.so.0
7fe6fd12f000-7fe6fd130000 rw-p 00000000 00:00 0 
7fe6fd130000-7fe6fd138000 r--s 00000000 00:2a 2185                       /tmp/hsperfdata_gsscala/63727
7fe6fd138000-7fe6fd140000 rw-s 00000000 00:2a 2766                       /tmp/hsperfdata_gsscala/79181
7fe6fd140000-7fe6fd141000 ---p 00000000 00:00 0 
7fe6fd141000-7fe6fd142000 r--p 00000000 00:00 0 
7fe6fd142000-7fe6fd143000 ---p 00000000 00:00 0 
7fe6fd143000-7fe6fd15c000 r-xp 00000000 00:21 315006                     /home/gsscala/.vscode/extensions/redhat.java-1.42.0-linux-x64/jre/21.0.7-linux-x86_64/lib/libjli.so
7fe6fd15c000-7fe6fd15d000 r--p 00018000 00:21 315006                     /home/gsscala/.vscode/extensions/redhat.java-1.42.0-linux-x64/jre/21.0.7-linux-x86_64/lib/libjli.so
7fe6fd15d000-7fe6fd15e000 rw-p 00019000 00:21 315006                     /home/gsscala/.vscode/extensions/redhat.java-1.42.0-linux-x64/jre/21.0.7-linux-x86_64/lib/libjli.so
7fe6fd15e000-7fe6fd160000 rw-p 00000000 00:00 0 
7fe6fd160000-7fe6fd162000 r--p 00000000 00:00 0                          [vvar]
7fe6fd162000-7fe6fd164000 r--p 00000000 00:00 0                          [vvar_vclock]
7fe6fd164000-7fe6fd166000 r-xp 00000000 00:00 0                          [vdso]
7fe6fd166000-7fe6fd18f000 r-xp 00000000 00:21 364066                     /usr/lib64/ld-linux-x86-64.so.2
7fe6fd18f000-7fe6fd19a000 r--p 00029000 00:21 364066                     /usr/lib64/ld-linux-x86-64.so.2
7fe6fd19a000-7fe6fd19c000 r--p 00034000 00:21 364066                     /usr/lib64/ld-linux-x86-64.so.2
7fe6fd19c000-7fe6fd19d000 rw-p 00036000 00:21 364066                     /usr/lib64/ld-linux-x86-64.so.2
7fe6fd19d000-7fe6fd19e000 rw-p 00000000 00:00 0 
7ffc3a3a0000-7ffc3a3c2000 rw-p 00000000 00:00 0                          [stack]
ffffffffff600000-ffffffffff601000 --xp 00000000 00:00 0                  [vsyscall]
Total number of mappings: 181


VM Arguments:
jvm_args: -Dapplication.home=/home/gsscala/.vscode/extensions/redhat.java-1.42.0-linux-x64/jre/21.0.7-linux-x86_64 -Xms8m -Djdk.module.main=jdk.jcmd 
java_command: jdk.jcmd/sun.tools.jcmd.JCmd 63727 VM.uptime
java_class_path (initial): <not set>
Launcher Type: SUN_STANDARD

[Global flags]
     intx CICompilerCount                          = 4                                         {product} {ergonomic}
     uint ConcGCThreads                            = 2                                         {product} {ergonomic}
     uint G1ConcRefinementThreads                  = 8                                         {product} {ergonomic}
   size_t G1HeapRegionSize                         = 2097152                                   {product} {ergonomic}
    uintx GCDrainStackTargetSize                   = 64                                        {product} {ergonomic}
   size_t InitialHeapSize                          = 8388608                                   {product} {command line}
   size_t MarkStackSize                            = 4194304                                   {product} {ergonomic}
   size_t MaxHeapSize                              = 4089446400                                {product} {ergonomic}
   size_t MaxNewSize                               = 2453667840                                {product} {ergonomic}
   size_t MinHeapDeltaBytes                        = 2097152                                   {product} {ergonomic}
   size_t MinHeapSize                              = 8388608                                   {product} {command line}
    uintx NonNMethodCodeHeapSize                   = 5839372                                {pd product} {ergonomic}
    uintx NonProfiledCodeHeapSize                  = 122909434                              {pd product} {ergonomic}
    uintx ProfiledCodeHeapSize                     = 122909434                              {pd product} {ergonomic}
    uintx ReservedCodeCacheSize                    = 251658240                              {pd product} {ergonomic}
     bool SegmentedCodeCache                       = true                                      {product} {ergonomic}
   size_t SoftMaxHeapSize                          = 4089446400                             {manageable} {ergonomic}
     bool UseCompressedOops                        = true                           {product lp64_product} {ergonomic}
     bool UseG1GC                                  = true                                      {product} {ergonomic}

Logging:
Log output configuration:
 #0: stdout all=warning uptime,level,tags foldmultilines=false
 #1: stderr all=off uptime,level,tags foldmultilines=false

Environment Variables:
PATH=/home/gsscala/.local/bin:/home/gsscala/bin:/usr/local/bin:/usr/local/sbin:/usr/bin:/usr/sbin
USERNAME=gsscala
SHELL=/bin/bash
DISPLAY=:0
LANG=fr_FR.UTF-8
TERM=xterm-256color

Active Locale:
LC_ALL=fr_FR.UTF-8
LC_COLLATE=fr_FR.UTF-8
LC_CTYPE=fr_FR.UTF-8
LC_MESSAGES=fr_FR.UTF-8
LC_MONETARY=fr_FR.UTF-8
LC_NUMERIC=fr_FR.UTF-8
LC_TIME=fr_FR.UTF-8

Signal Handlers:
   SIGSEGV: crash_handler in libjvm.so, mask=11100100010111111101111111111110, flags=SA_RESTART|SA_SIGINFO, unblocked
    SIGBUS: crash_handler in libjvm.so, mask=11100100010111111101111111111110, flags=SA_RESTART|SA_SIGINFO, unblocked
    SIGFPE: crash_handler in libjvm.so, mask=11100100010111111101111111111110, flags=SA_RESTART|SA_SIGINFO, unblocked
   SIGPIPE: javaSignalHandler in libjvm.so, mask=11100100010111111101111111111110, flags=SA_RESTART|SA_SIGINFO, blocked
   SIGXFSZ: javaSignalHandler in libjvm.so, mask=11100100010111111101111111111110, flags=SA_RESTART|SA_SIGINFO, blocked
    SIGILL: crash_handler in libjvm.so, mask=11100100010111111101111111111110, flags=SA_RESTART|SA_SIGINFO, unblocked
   SIGUSR2: SR_handler in libjvm.so, mask=00000000000000000000000000000000, flags=SA_RESTART|SA_SIGINFO, blocked
    SIGHUP: UserHandler in libjvm.so, mask=11100100010111111101111111111110, flags=SA_RESTART|SA_SIGINFO, blocked
    SIGINT: UserHandler in libjvm.so, mask=11100100010111111101111111111110, flags=SA_RESTART|SA_SIGINFO, blocked
   SIGTERM: UserHandler in libjvm.so, mask=11100100010111111101111111111110, flags=SA_RESTART|SA_SIGINFO, blocked
   SIGQUIT: UserHandler in libjvm.so, mask=11100100010111111101111111111110, flags=SA_RESTART|SA_SIGINFO, blocked
   SIGTRAP: crash_handler in libjvm.so, mask=11100100010111111101111111111110, flags=SA_RESTART|SA_SIGINFO, unblocked


Periodic native trim disabled

---------------  S Y S T E M  ---------------

OS:
Fedora release 42 (Adams)
uname: Linux 6.13.11-100.fc40.x86_64 #1 SMP PREEMPT_DYNAMIC Thu Apr 10 19:05:25 UTC 2025 x86_64
OS uptime: 0 days 8:50 hours
libc: glibc 2.41 NPTL 2.41 
rlimit (soft/hard): STACK 8192k/infinity , CORE infinity/infinity , NPROC 61830/61830 , NOFILE 524288/524288 , AS infinity/infinity , CPU infinity/infinity , DATA infinity/infinity , FSIZE infinity/infinity , MEMLOCK 8192k/8192k
load average: 0,69 0,83 0,95

/proc/meminfo:
MemTotal:       15966544 kB
MemFree:         5756036 kB
MemAvailable:   10590368 kB
Buffers:            6428 kB
Cached:          5837888 kB
SwapCached:            0 kB
Active:          6430972 kB
Inactive:        2436092 kB
Active(anon):    3821156 kB
Inactive(anon):        0 kB
Active(file):    2609816 kB
Inactive(file):  2436092 kB
Unevictable:      760020 kB
Mlocked:            5764 kB
SwapTotal:       9388024 kB
SwapFree:        9388024 kB
Zswap:                 0 kB
Zswapped:              0 kB
Dirty:              4168 kB
Writeback:             0 kB
AnonPages:       3783080 kB
Mapped:           922880 kB
Shmem:            793684 kB
KReclaimable:      95616 kB
Slab:             288636 kB
SReclaimable:      95616 kB
SUnreclaim:       193020 kB
KernelStack:       24108 kB
PageTables:        57864 kB
SecPageTables:         0 kB
NFS_Unstable:          0 kB
Bounce:                0 kB
WritebackTmp:          0 kB
CommitLimit:    17371296 kB
Committed_AS:   16529772 kB
VmallocTotal:   34359738367 kB
VmallocUsed:       91008 kB
VmallocChunk:          0 kB
Percpu:             7040 kB
HardwareCorrupted:     0 kB
AnonHugePages:         0 kB
ShmemHugePages:        0 kB
ShmemPmdMapped:        0 kB
FileHugePages:         0 kB
FilePmdMapped:         0 kB
CmaTotal:              0 kB
CmaFree:               0 kB
Unaccepted:            0 kB
HugePages_Total:       0
HugePages_Free:        0
HugePages_Rsvd:        0
HugePages_Surp:        0
Hugepagesize:       2048 kB
Hugetlb:               0 kB
DirectMap4k:      235108 kB
DirectMap2M:     3561472 kB
DirectMap1G:    13631488 kB

/sys/kernel/mm/transparent_hugepage/enabled: always [madvise] never
/sys/kernel/mm/transparent_hugepage/hpage_pmd_size: 2097152
/sys/kernel/mm/transparent_hugepage/defrag (defrag/compaction efforts parameter): always defer defer+madvise [madvise] never

Process Memory:
Virtual Size: 7008656K (peak: 7008656K)
Resident Set Size: 51728K (peak: 51728K) (anon: 27392K, file: 24336K, shmem: 0K)
Swapped out: 0K
C-Heap outstanding allocations: 26914K, retained: 2077K
glibc malloc tunables: (default)

/proc/sys/kernel/threads-max (system-wide limit on the number of threads): 123660
/proc/sys/vm/max_map_count (maximum number of memory map areas a process may have): 1048576
/proc/sys/vm/swappiness (control to define how aggressively the kernel swaps out anonymous memory): 60
/proc/sys/kernel/pid_max (system-wide limit on number of process identifiers): 4194304

container (cgroup) information:
container_type: cgroupv2
cpu_cpuset_cpus: not supported
cpu_memory_nodes: not supported
active_processor_count: 8
cpu_quota: no quota
cpu_period: 100000
cpu_shares: 8192
memory_limit_in_bytes: unlimited
memory_and_swap_limit_in_bytes: unlimited
memory_soft_limit_in_bytes: unlimited
memory_usage_in_bytes: 1951920 k
memory_max_usage_in_bytes: not supported
memory_swap_current_in_bytes: unlimited
memory_swap_max_limit_in_bytes: unlimited
maximum number of tasks: 18549
current number of tasks: 225

Steal ticks since vm start: 0
Steal ticks percentage since vm start:  0,000

CPU: total 8 (initial active 8) (4 cores per cpu, 2 threads per core) family 6 model 142 stepping 12 microcode 0xfc, cx8, cmov, fxsr, ht, mmx, 3dnowpref, sse, sse2, sse3, ssse3, sse4.1, sse4.2, popcnt, lzcnt, tsc, tscinvbit, avx, avx2, aes, erms, clmul, bmi1, bmi2, adx, fma, vzeroupper, clflush, clflushopt, rdtscp, f16c
CPU Model and flags from /proc/cpuinfo:
model name	: Intel(R) Core(TM) i7-10510U CPU @ 1.80GHz
flags		: fpu vme de pse tsc msr pae mce cx8 apic sep mtrr pge mca cmov pat pse36 clflush dts acpi mmx fxsr sse sse2 ss ht tm pbe syscall nx pdpe1gb rdtscp lm constant_tsc art arch_perfmon pebs bts rep_good nopl xtopology nonstop_tsc cpuid aperfmperf pni pclmulqdq dtes64 monitor ds_cpl est tm2 ssse3 sdbg fma cx16 xtpr pdcm pcid sse4_1 sse4_2 x2apic movbe popcnt tsc_deadline_timer aes xsave avx f16c rdrand lahf_lm abm 3dnowprefetch cpuid_fault epb ssbd ibrs ibpb stibp ibrs_enhanced fsgsbase tsc_adjust sgx bmi1 avx2 smep bmi2 erms invpcid mpx rdseed adx smap clflushopt intel_pt xsaveopt xsavec xgetbv1 xsaves dtherm ida arat pln pts hwp hwp_notify hwp_act_window hwp_epp md_clear flush_l1d arch_capabilities

Online cpus: 0-7
Offline cpus: 
BIOS frequency limitation: <Not Available>
Frequency switch latency (ns): 0
Available cpu frequencies: <Not Available>
Current governor: powersave
Core performance/turbo boost: <Not Available>

Memory: 4k page, physical 15966544k(10590368k free), swap 9388024k(9388024k free)
Page Sizes: 4k

vm_info: OpenJDK 64-Bit Server VM (21.0.7+6-LTS) for linux-amd64 JRE (21.0.7+6-LTS), built on 2025-04-15T00:00:00Z by "admin" with gcc 11.3.0

END.
