#
# A fatal error has been detected by the Java Runtime Environment:
#
#  SIGSEGV (0xb) at pc=0x00007fb55998ef35, pid=82705, tid=82716
#
# JRE version: OpenJDK Runtime Environment Temurin-21.0.7+6 (21.0.7+6) (build 21.0.7+6-LTS)
# Java VM: OpenJDK 64-Bit Server VM Temurin-21.0.7+6 (21.0.7+6-LTS, mixed mode, sharing, tiered, compressed oops, compressed class ptrs, parallel gc, linux-amd64)
# Problematic frame:
# V  [libjvm.so+0xf8ef35]  TypeOopPtr::filter_helper(Type const*, bool) const+0x25
#
# Core dump will be written. Default location: Core dumps may be processed with "/usr/lib/systemd/systemd-coredump %P %u %g %s %t %c %h" (or dumping to /home/gsscala/Documents/code/github/mc-322/core.82705)
#
# If you would like to submit a bug report, please visit:
#   https://github.com/adoptium/adoptium-support/issues
#

---------------  S U M M A R Y ------------

Command Line: --add-modules=ALL-SYSTEM --add-opens=java.base/java.util=ALL-UNNAMED --add-opens=java.base/java.lang=ALL-UNNAMED --add-opens=java.base/sun.nio.fs=ALL-UNNAMED -Declipse.application=org.eclipse.jdt.ls.core.id1 -Dosgi.bundles.defaultStartLevel=4 -Declipse.product=org.eclipse.jdt.ls.core.product -Djava.import.generatesMetadataFilesAtProjectRoot=false -DDetectVMInstallationsJob.disabled=true -Dfile.encoding=utf8 -XX:+UseParallelGC -XX:GCTimeRatio=4 -XX:AdaptiveSizePolicyWeight=90 -Dsun.zip.disableMemoryMapping=true -Xmx1G -Xms100m -Xlog:disable -javaagent:/home/gsscala/.vscode/extensions/redhat.java-1.42.0-linux-x64/lombok/lombok-1.18.36.jar /home/gsscala/.vscode/extensions/redhat.java-1.42.0-linux-x64/server/plugins/org.eclipse.equinox.launcher_1.7.0.v20250424-1814.jar -configuration /home/gsscala/.config/Code/User/globalStorage/redhat.java/1.42.0/config_ss_linux -data /home/gsscala/.config/Code/User/workspaceStorage/01a5893b996b50ce3bf1d6c00a271e04/redhat.java/ss_ws --pipe=/run/user/1000/lsp-3fc2937b79cd540f0fd49e19d8e658ed.sock

Host: Intel(R) Core(TM) i7-10510U CPU @ 1.80GHz, 8 cores, 15G, Fedora release 42 (Adams)
Time: Wed May 28 00:15:36 2025 -03 elapsed time: 6.563905 seconds (0d 0h 0m 6s)

---------------  T H R E A D  ---------------

Current thread (0x00007fb55417c1b0):  JavaThread "C2 CompilerThread0" daemon [_thread_in_native, id=82716, stack(0x00007fb4f8b00000,0x00007fb4f8c00000) (1024K)]


Current CompileTask:
C2:6563 5031       4       java.util.IdentityHashMap::put (137 bytes)

Stack: [0x00007fb4f8b00000,0x00007fb4f8c00000],  sp=0x00007fb4f8bfca70,  free space=1010k
Native frames: (J=compiled Java code, j=interpreted, Vv=VM code, C=native code)
V  [libjvm.so+0xf8ef35]  TypeOopPtr::filter_helper(Type const*, bool) const+0x25
V  [libjvm.so+0x5b28be]  PhiNode::Value(PhaseGVN*) const+0xee
V  [libjvm.so+0xd5789f]  PhaseGVN::transform_no_reclaim(Node*)+0xbf
V  [libjvm.so+0xd34498]  Parse::merge_common(Parse::Block*, int)+0x2d8
V  [libjvm.so+0xd35495]  Parse::do_all_blocks()+0xe5
V  [libjvm.so+0xd37bf5]  Parse::Parse(JVMState*, ciMethod*, float)+0x725
V  [libjvm.so+0x59985b]  ParseGenerator::generate(JVMState*)+0x8b
V  [libjvm.so+0x6716b6]  Compile::Compile(ciEnv*, ciMethod*, int, Options, DirectiveSet*)+0xd76
V  [libjvm.so+0x59865b]  C2Compiler::compile_method(ciEnv*, ciMethod*, int, bool, DirectiveSet*)+0x18b
V  [libjvm.so+0x677d0e]  CompileBroker::invoke_compiler_on_method(CompileTask*)+0xc9e
V  [libjvm.so+0x67b038]  CompileBroker::compiler_thread_loop()+0x738
V  [libjvm.so+0x928f78]  JavaThread::thread_main_inner()+0x1d8
V  [libjvm.so+0xf78c38]  Thread::call_run()+0xa8
V  [libjvm.so+0xd0487a]  thread_native_entry(Thread*)+0xda
C  [libc.so.6+0x70f14]  start_thread+0x2e4

siginfo: si_signo: 11 (SIGSEGV), si_code: 1 (SEGV_MAPERR), si_addr: 0x0000000000000048

Registers:
RAX=0x0000000000000000, RBX=0x0000000000000004, RCX=0x00007fb4f8bfddd0, RDX=0x0000000000000001
RSP=0x00007fb4f8bfca70, RBP=0x00007fb4f8bfca80, RSI=0x00007fb478748348, RDI=0x00007fb4787082e8
R8 =0x00007fb4bc003968, R9 =0x0000000000000004, R10=0x0000000000000005, R11=0x0000000000000000
R12=0x00007fb4787082e8, R13=0x00007fb4bc4b3680, R14=0x00007fb4f8bfcff0, R15=0x00007fb4bc4b3680
RIP=0x00007fb55998ef35, EFLAGS=0x0000000000010206, CSGSFS=0x002b000000000033, ERR=0x0000000000000004
  TRAPNO=0x000000000000000e

XMM[0]=0x0000000000000000 0x0000000000000000
XMM[1]=0x0000000000000000 0x0000000000000000
XMM[2]=0x00007fb4bc0023f8 0x00007fb4bc0038e8
XMM[3]=0x00007fb4bc4ae470 0x00007fb4bc4ae128
XMM[4]=0x00007fb4c82c98a8 0x00007fb4c82c6378
XMM[5]=0x00007fb4c82c38f8 0x00007fb4c82c1e20
XMM[6]=0x00007fb4bc4aff00 0x00007fb4bc4aff78
XMM[7]=0x00007fb4bc4af168 0x00007fb4bc4aeb70
XMM[8]=0x0000000000000000 0x0000000000000000
XMM[9]=0x00007fb4785bec10 0x00007fb4785bebb0
XMM[10]=0x00007fb4785be5b0 0x00007fb4785be670
XMM[11]=0x00007fb4785be610 0x00007fb4785be6d0
XMM[12]=0x00007fb4785be550 0x00007fb4785be4f0
XMM[13]=0x0000000000000000 0x00007fb4785be9d0
XMM[14]=0x0000000000000000 0x00007fb4785bea90
XMM[15]=0x0000000000000000 0x00007fb4785beb50
  MXCSR=0x00001fa2


Register to memory mapping:

RAX=0x0 is null
RBX=0x0000000000000004 is an unknown value
RCX=0x00007fb4f8bfddd0 is pointing into the stack for thread: 0x00007fb55417c1b0
RDX=0x0000000000000001 is an unknown value
RSP=0x00007fb4f8bfca70 is pointing into the stack for thread: 0x00007fb55417c1b0
RBP=0x00007fb4f8bfca80 is pointing into the stack for thread: 0x00007fb55417c1b0
RSI=0x00007fb478748348 points into unknown readable memory: 0x00007fb559e285e0 | e0 85 e2 59 b5 7f 00 00
RDI=0x00007fb4787082e8 points into unknown readable memory: 0x0000000000000000 | 00 00 00 00 00 00 00 00
R8 =0x00007fb4bc003968 points into unknown readable memory: 0x00007fb559e28250 | 50 82 e2 59 b5 7f 00 00
R9 =0x0000000000000004 is an unknown value
R10=0x0000000000000005 is an unknown value
R11=0x0 is null
R12=0x00007fb4787082e8 points into unknown readable memory: 0x0000000000000000 | 00 00 00 00 00 00 00 00
R13=0x00007fb4bc4b3680 points into unknown readable memory: 0x00007fb559eba5a0 | a0 a5 eb 59 b5 7f 00 00
R14=0x00007fb4f8bfcff0 is pointing into the stack for thread: 0x00007fb55417c1b0
R15=0x00007fb4bc4b3680 points into unknown readable memory: 0x00007fb559eba5a0 | a0 a5 eb 59 b5 7f 00 00

Top of Stack: (sp=0x00007fb4f8bfca70)
0x00007fb4f8bfca70:   00007fb4bc4b3680 00007fb4bc4b34d0
0x00007fb4f8bfca80:   00007fb4f8bfcae0 00007fb558fb28be
0x00007fb4f8bfca90:   00007fb4f8bfcf00 00007fb400000000
0x00007fb4f8bfcaa0:   00007fb400000000 0000000000000000
0x00007fb4f8bfcab0:   0000000000000000 00000000000000b8
0x00007fb4f8bfcac0:   00007fb4f8bfcff0 00007fb4c818c860
0x00007fb4f8bfcad0:   00007fb4bc4b3680 00007fb4bc4b3680
0x00007fb4f8bfcae0:   00007fb4f8bfcb20 00007fb55975789f
0x00007fb4f8bfcaf0:   00007fb559b1747f 0000000000000001
0x00007fb4f8bfcb00:   00007fb4bc4b3680 00007fb478abc5f0
0x00007fb4f8bfcb10:   0000000000000009 00007fb4f8bfcc60
0x00007fb4f8bfcb20:   00007fb4f8bfcba0 00007fb559734498
0x00007fb4f8bfcb30:   00007fb4f8bfcc60 0000000000000048
0x00007fb4f8bfcb40:   00007fb4bc4aecc8 00007fb4c8e6cab8
0x00007fb4f8bfcb50:   01007fb4f8bfcb01 00007fb4c8e6c888
0x00007fb4f8bfcb60:   0000000000000008 00007fb4bc4b34d0
0x00007fb4f8bfcb70:   0000000000000002 00007fb4c8e6cab8
0x00007fb4f8bfcb80:   0000000000000000 0000000000000001
0x00007fb4f8bfcb90:   0000000000000009 00007fb4f8bfcc60
0x00007fb4f8bfcba0:   00007fb4f8bfcc00 00007fb559735495
0x00007fb4f8bfcbb0:   0000000000000002 00007fb4c8e6c7e8
0x00007fb4f8bfcbc0:   00007fb4bc4b34d0 00007fb4bc4b34d0
0x00007fb4f8bfcbd0:   0000000000000000 00007fb4f8bfcc60
0x00007fb4f8bfcbe0:   00007fb4c8e6c7e8 0000000000000000
0x00007fb4f8bfcbf0:   0000000000000000 00007fb4bc4ac810
0x00007fb4f8bfcc00:   00007fb4f8bfcc50 00007fb559737bf5
0x00007fb4f8bfcc10:   00007fb4f8bfccd0 00007fb559005c0c
0x00007fb4f8bfcc20:   00007fb4c8e6c810 00007fb4c81908c0
0x00007fb4f8bfcc30:   00007fb4f8bfdab0 00007fb4c81908d8
0x00007fb4f8bfcc40:   00007fb4f8bfced0 00007fb4f8bfdab0
0x00007fb4f8bfcc50:   00007fb4f8bfcde0 00007fb558f9985b
0x00007fb4f8bfcc60:   00007fb559e24350 00007fb500000001 

Instructions: (pc=0x00007fb55998ef35)
0x00007fb55998ee35:   c0 c9 c3 0f 1f 84 00 00 00 00 00 4c 89 e7 ff d0
0x00007fb55998ee45:   eb cb 66 0f 1f 84 00 00 00 00 00 31 c0 c3 90 66
0x00007fb55998ee55:   66 2e 0f 1f 84 00 00 00 00 00 90 48 8b 47 18 48
0x00007fb55998ee65:   85 c0 74 47 55 48 8b 77 08 31 d2 48 8b 78 08 48
0x00007fb55998ee75:   89 e5 e8 f4 fc ff ff 48 8d 15 3d e8 90 ff 48 8b
0x00007fb55998ee85:   78 08 48 8b 07 48 8b 80 a0 00 00 00 48 39 d0 75
0x00007fb55998ee95:   2a 48 63 4f 28 48 8d 15 ff 64 25 00 5d 39 4c 8a
0x00007fb55998eea5:   48 0f 94 c0 c3 66 0f 1f 44 00 00 b8 01 00 00 00
0x00007fb55998eeb5:   c3 66 2e 0f 1f 84 00 00 00 00 00 5d ff e0 90 66
0x00007fb55998eec5:   66 2e 0f 1f 84 00 00 00 00 00 90 48 8b 57 18 48
0x00007fb55998eed5:   85 d2 75 07 31 c0 c3 0f 1f 40 00 55 48 8b 77 08
0x00007fb55998eee5:   48 8b 7a 08 31 d2 48 89 e5 e8 7d fc ff ff 5d 48
0x00007fb55998eef5:   8b 40 08 48 39 05 11 d1 5d 00 0f 94 c0 c3 90 66
0x00007fb55998ef05:   66 2e 0f 1f 84 00 00 00 00 00 90 55 0f b6 d2 48
0x00007fb55998ef15:   89 e5 41 54 48 83 ec 08 48 8b 76 08 48 8b 7f 08
0x00007fb55998ef25:   e8 46 fc ff ff 4c 8b 60 08 49 8b 04 24 4c 89 e7
0x00007fb55998ef35:   ff 50 48 84 c0 4c 0f 45 25 c6 d2 5d 00 4c 89 e0
0x00007fb55998ef45:   4c 8b 65 f8 c9 c3 90 0f 1f 40 00 55 48 89 e5 41
0x00007fb55998ef55:   57 41 56 49 89 f6 41 55 41 89 d5 41 54 49 89 fc
0x00007fb55998ef65:   53 48 83 ec 08 48 8b 07 ff 90 b0 00 00 00 48 85
0x00007fb55998ef75:   c0 0f 84 8c 00 00 00 4d 8b 7c 24 18 4c 89 f6 4c
0x00007fb55998ef85:   89 e7 49 8b 07 48 8b 58 08 49 8b 04 24 ff 90 b8
0x00007fb55998ef95:   00 00 00 41 0f b6 d5 4c 89 ff 48 8b 70 18 ff d3
0x00007fb55998efa5:   49 89 c5 48 8b 00 4c 89 ef ff 50 48 84 c0 75 33
0x00007fb55998efb5:   41 8b 45 10 83 e8 12 83 f8 08 77 2e 49 8b 04 24
0x00007fb55998efc5:   4c 89 ee 4c 89 e7 48 8b 80 c8 00 00 00 48 83 c4
0x00007fb55998efd5:   08 5b 41 5c 41 5d 41 5e 41 5f 5d ff e0 66 0f 1f
0x00007fb55998efe5:   44 00 00 4c 8b 2d 19 d2 5d 00 48 83 c4 08 4c 89
0x00007fb55998eff5:   e8 5b 41 5c 41 5d 41 5e 41 5f 5d c3 0f 1f 80 00
0x00007fb55998f005:   00 00 00 41 8b 46 10 83 e8 12 83 f8 08 77 d4 49
0x00007fb55998f015:   8b 44 24 18 49 8b 76 08 41 0f b6 d5 48 8b 78 08
0x00007fb55998f025:   e8 46 fb ff ff 4c 8b 68 08 49 8b 45 00 4c 89 ef 


Stack slot to memory mapping:

stack at sp + 0 slots: 0x00007fb4bc4b3680 points into unknown readable memory: 0x00007fb559eba5a0 | a0 a5 eb 59 b5 7f 00 00
stack at sp + 1 slots: 0x00007fb4bc4b34d0 points into unknown readable memory: 0x00007fb559ec8b90 | 90 8b ec 59 b5 7f 00 00
stack at sp + 2 slots: 0x00007fb4f8bfcae0 is pointing into the stack for thread: 0x00007fb55417c1b0
stack at sp + 3 slots: 0x00007fb558fb28be: <offset 0x00000000005b28be> in /home/gsscala/.vscode/extensions/redhat.java-1.42.0-linux-x64/jre/21.0.7-linux-x86_64/lib/server/libjvm.so at 0x00007fb558a00000
stack at sp + 4 slots: 0x00007fb4f8bfcf00 is pointing into the stack for thread: 0x00007fb55417c1b0
stack at sp + 5 slots: 0x00007fb400000000 is an unknown value
stack at sp + 6 slots: 0x00007fb400000000 is an unknown value
stack at sp + 7 slots: 0x0 is null


---------------  P R O C E S S  ---------------

Threads class SMR info:
_java_thread_list=0x00007fb474085830, length=30, elements={
0x00007fb55402a7e0, 0x00007fb554174ed0, 0x00007fb554176400, 0x00007fb554177b50,
0x00007fb554179150, 0x00007fb55417a6b0, 0x00007fb55417c1b0, 0x00007fb554185820,
0x00007fb554195b20, 0x00007fb554252730, 0x00007fb55445f5b0, 0x00007fb5544c7610,
0x00007fb5544c9f80, 0x00007fb4940367d0, 0x00007fb4940a9210, 0x00007fb49424e8c0,
0x00007fb49430d0e0, 0x00007fb494323f70, 0x00007fb4bc373e40, 0x00007fb4bc4d6290,
0x00007fb5544f2d60, 0x00007fb554672db0, 0x00007fb554673e50, 0x00007fb464073470,
0x00007fb464074fb0, 0x00007fb464076920, 0x00007fb464077af0, 0x00007fb464078d20,
0x00007fb474001b80, 0x00007fb44c000f50
}

Java Threads: ( => current thread )
  0x00007fb55402a7e0 JavaThread "main"                              [_thread_blocked, id=82706, stack(0x00007fb558812000,0x00007fb558912000) (1024K)]
  0x00007fb554174ed0 JavaThread "Reference Handler"          daemon [_thread_blocked, id=82711, stack(0x00007fb5400e6000,0x00007fb5401e6000) (1024K)]
  0x00007fb554176400 JavaThread "Finalizer"                  daemon [_thread_blocked, id=82712, stack(0x00007fb4f8f00000,0x00007fb4f9000000) (1024K)]
  0x00007fb554177b50 JavaThread "Signal Dispatcher"          daemon [_thread_blocked, id=82713, stack(0x00007fb4f8e00000,0x00007fb4f8f00000) (1024K)]
  0x00007fb554179150 JavaThread "Service Thread"             daemon [_thread_blocked, id=82714, stack(0x00007fb4f8d00000,0x00007fb4f8e00000) (1024K)]
  0x00007fb55417a6b0 JavaThread "Monitor Deflation Thread"   daemon [_thread_blocked, id=82715, stack(0x00007fb4f8c00000,0x00007fb4f8d00000) (1024K)]
=>0x00007fb55417c1b0 JavaThread "C2 CompilerThread0"         daemon [_thread_in_native, id=82716, stack(0x00007fb4f8b00000,0x00007fb4f8c00000) (1024K)]
  0x00007fb554185820 JavaThread "C1 CompilerThread0"         daemon [_thread_in_native, id=82717, stack(0x00007fb4f8a00000,0x00007fb4f8b00000) (1024K)]
  0x00007fb554195b20 JavaThread "Common-Cleaner"             daemon [_thread_blocked, id=82718, stack(0x00007fb4f8900000,0x00007fb4f8a00000) (1024K)]
  0x00007fb554252730 JavaThread "Notification Thread"        daemon [_thread_blocked, id=82732, stack(0x00007fb4f8700000,0x00007fb4f8800000) (1024K)]
  0x00007fb55445f5b0 JavaThread "Active Thread: Equinox Container: 91992c0e-9a5a-4792-b98a-6d6a7942cfa5"        [_thread_blocked, id=82760, stack(0x00007fb4f81fd000,0x00007fb4f82fd000) (1024K)]
  0x00007fb5544c7610 JavaThread "Framework Event Dispatcher: Equinox Container: 91992c0e-9a5a-4792-b98a-6d6a7942cfa5" daemon [_thread_blocked, id=82764, stack(0x00007fb4f80fd000,0x00007fb4f81fd000) (1024K)]
  0x00007fb5544c9f80 JavaThread "Start Level: Equinox Container: 91992c0e-9a5a-4792-b98a-6d6a7942cfa5" daemon [_thread_blocked, id=82765, stack(0x00007fb4e7f00000,0x00007fb4e8000000) (1024K)]
  0x00007fb4940367d0 JavaThread "SCR Component Actor"        daemon [_thread_blocked, id=82766, stack(0x00007fb4d9f00000,0x00007fb4da000000) (1024K)]
  0x00007fb4940a9210 JavaThread "SCR Component Registry"     daemon [_thread_blocked, id=82768, stack(0x00007fb4d9cff000,0x00007fb4d9dff000) (1024K)]
  0x00007fb49424e8c0 JavaThread "Worker-JM"                         [_thread_blocked, id=82771, stack(0x00007fb4f8600000,0x00007fb4f8700000) (1024K)]
  0x00007fb49430d0e0 JavaThread "Worker-0"                          [_thread_blocked, id=82779, stack(0x00007fb4d98fc000,0x00007fb4d99fc000) (1024K)]
  0x00007fb494323f70 JavaThread "Worker-1"                          [_thread_blocked, id=82780, stack(0x00007fb4d97fc000,0x00007fb4d98fc000) (1024K)]
  0x00007fb4bc373e40 JavaThread "C2 CompilerThread1"         daemon [_thread_in_native, id=82785, stack(0x00007fb4f8800000,0x00007fb4f8900000) (1024K)]
  0x00007fb4bc4d6290 JavaThread "C2 CompilerThread2"         daemon [_thread_in_native, id=82786, stack(0x00007fb4d96fc000,0x00007fb4d97fc000) (1024K)]
  0x00007fb5544f2d60 JavaThread "pool-2-thread-1"                   [_thread_blocked, id=82790, stack(0x00007fb4d95fc000,0x00007fb4d96fc000) (1024K)]
  0x00007fb554672db0 JavaThread "WorkspaceEventsHandler"            [_thread_blocked, id=82792, stack(0x00007fb4d90d2000,0x00007fb4d91d2000) (1024K)]
  0x00007fb554673e50 JavaThread "pool-1-thread-1"                   [_thread_blocked, id=82793, stack(0x00007fb4d8fd2000,0x00007fb4d90d2000) (1024K)]
  0x00007fb464073470 JavaThread "ForkJoinPool.commonPool-worker-1" daemon [_thread_blocked, id=82796, stack(0x00007fb4d94fc000,0x00007fb4d95fc000) (1024K)]
  0x00007fb464074fb0 JavaThread "ForkJoinPool.commonPool-worker-2" daemon [_thread_in_Java, id=82797, stack(0x00007fb4d93fc000,0x00007fb4d94fc000) (1024K)]
  0x00007fb464076920 JavaThread "ForkJoinPool.commonPool-worker-3" daemon [_thread_blocked, id=82798, stack(0x00007fb4d92fc000,0x00007fb4d93fc000) (1024K)]
  0x00007fb464077af0 JavaThread "ForkJoinPool.commonPool-worker-4" daemon [_thread_blocked, id=82799, stack(0x00007fb4d91fc000,0x00007fb4d92fc000) (1024K)]
  0x00007fb464078d20 JavaThread "ForkJoinPool.commonPool-worker-5" daemon [_thread_blocked, id=82800, stack(0x00007fb4d8ed2000,0x00007fb4d8fd2000) (1024K)]
  0x00007fb474001b80 JavaThread "Worker-2"                          [_thread_blocked, id=82812, stack(0x00007fb4d8dd2000,0x00007fb4d8ed2000) (1024K)]
  0x00007fb44c000f50 JavaThread "Worker-3"                          [_thread_blocked, id=82817, stack(0x00007fb4d8cd2000,0x00007fb4d8dd2000) (1024K)]
Total: 30

Other Threads:
  0x00007fb55416bb00 VMThread "VM Thread"                           [id=82710, stack(0x00007fb5401e7000,0x00007fb5402e7000) (1024K)]
  0x00007fb554052030 WatcherThread "VM Periodic Task Thread"        [id=82709, stack(0x00007fb541b00000,0x00007fb541c00000) (1024K)]
  0x00007fb554043320 WorkerThread "GC Thread#0"                     [id=82707, stack(0x00007fb55833b000,0x00007fb55843b000) (1024K)]
  0x00007fb4e80015b0 WorkerThread "GC Thread#1"                     [id=82757, stack(0x00007fb4f8500000,0x00007fb4f8600000) (1024K)]
  0x00007fb4e8003680 WorkerThread "GC Thread#2"                     [id=82758, stack(0x00007fb4f83ff000,0x00007fb4f84ff000) (1024K)]
  0x00007fb4e8003fd0 WorkerThread "GC Thread#3"                     [id=82759, stack(0x00007fb4f82fe000,0x00007fb4f83fe000) (1024K)]
  0x00007fb4e8004fd0 WorkerThread "GC Thread#4"                     [id=82767, stack(0x00007fb4d9e00000,0x00007fb4d9f00000) (1024K)]
  0x00007fb4e8004be0 WorkerThread "GC Thread#5"                     [id=82776, stack(0x00007fb4d9bff000,0x00007fb4d9cff000) (1024K)]
  0x00007fb4e8006a40 WorkerThread "GC Thread#6"                     [id=82777, stack(0x00007fb4d9afe000,0x00007fb4d9bfe000) (1024K)]
  0x00007fb4e80073a0 WorkerThread "GC Thread#7"                     [id=82778, stack(0x00007fb4d99fd000,0x00007fb4d9afd000) (1024K)]
Total: 10

Threads with active compile tasks:
C2 CompilerThread0  6597 5031       4       java.util.IdentityHashMap::put (137 bytes)
C1 CompilerThread0  6597 5056   !   3       org.eclipse.jdt.internal.compiler.classfmt.ClassFileReader::<init> (2135 bytes)
C2 CompilerThread1  6597 5060   !   4       org.eclipse.jdt.internal.compiler.parser.Scanner::getNextToken0 (3064 bytes)
C2 CompilerThread2  6597 5059       4       java.lang.reflect.AccessibleObject::checkAccess (40 bytes)
Total: 4

VM state: not at safepoint (normal execution)

VM Mutex/Monitor currently owned by a thread: None

Heap address: 0x00000000c0000000, size: 1024 MB, Compressed Oops mode: 32-bit

CDS archive(s) mapped at: [0x00007fb4f9000000-0x00007fb4f9bb6000-0x00007fb4f9bb6000), size 12279808, SharedBaseAddress: 0x00007fb4f9000000, ArchiveRelocationMode: 1.
Compressed class space mapped at: 0x00007fb4fa000000-0x00007fb53a000000, reserved size: 1073741824
Narrow klass base: 0x00007fb4f9000000, Narrow klass shift: 0, Narrow klass range: 0x100000000

GC Precious Log:
 CardTable entry size: 512
 CPUs: 8 total, 8 available
 Memory: 15592M
 Large Page Support: Disabled
 NUMA Support: Disabled
 Compressed Oops: Enabled (32-bit)
 Alignments: Space 512K, Generation 512K, Heap 2M
 Heap Min Capacity: 100M
 Heap Initial Capacity: 100M
 Heap Max Capacity: 1G
 Pre-touch: Disabled
 Parallel Workers: 8

Heap:
 PSYoungGen      total 23040K, used 13010K [0x00000000eab00000, 0x00000000ec380000, 0x0000000100000000)
  eden space 20992K, 53% used [0x00000000eab00000,0x00000000eb5de748,0x00000000ebf80000)
  from space 2048K, 91% used [0x00000000ebf80000,0x00000000ec156200,0x00000000ec180000)
  to   space 2048K, 0% used [0x00000000ec180000,0x00000000ec180000,0x00000000ec380000)
 ParOldGen       total 68608K, used 30831K [0x00000000c0000000, 0x00000000c4300000, 0x00000000eab00000)
  object space 68608K, 44% used [0x00000000c0000000,0x00000000c1e1bec0,0x00000000c4300000)
 Metaspace       used 40325K, committed 41280K, reserved 1114112K
  class space    used 3944K, committed 4416K, reserved 1048576K

Card table byte_map: [0x00007fb55843b000,0x00007fb55863c000] _byte_map_base: 0x00007fb557e3b000

Marking Bits: (ParMarkBitMap*) 0x00007fb559f4bea0
 Begin Bits: [0x00007fb53a000000, 0x00007fb53b000000)
 End Bits:   [0x00007fb53b000000, 0x00007fb53c000000)

Polling page: 0x00007fb55a22d000

Metaspace:

Usage:
  Non-class:     35,53 MB used.
      Class:      3,85 MB used.
       Both:     39,38 MB used.

Virtual space:
  Non-class space:       64,00 MB reserved,      36,00 MB ( 56%) committed,  1 nodes.
      Class space:        1,00 GB reserved,       4,31 MB ( <1%) committed,  1 nodes.
             Both:        1,06 GB reserved,      40,31 MB (  4%) committed. 

Chunk freelists:
   Non-Class:  11,58 MB
       Class:  11,51 MB
        Both:  23,09 MB

MaxMetaspaceSize: unlimited
CompressedClassSpaceSize: 1,00 GB
Initial GC threshold: 21,00 MB
Current GC threshold: 58,38 MB
CDS: on
 - commit_granule_bytes: 65536.
 - commit_granule_words: 8192.
 - virtual_space_node_default_size: 8388608.
 - enlarge_chunks_in_place: 1.
 - use_allocation_guard: 0.


Internal statistics:

num_allocs_failed_limit: 6.
num_arena_births: 780.
num_arena_deaths: 28.
num_vsnodes_births: 2.
num_vsnodes_deaths: 0.
num_space_committed: 645.
num_space_uncommitted: 0.
num_chunks_returned_to_freelist: 37.
num_chunks_taken_from_freelist: 2476.
num_chunk_merges: 13.
num_chunk_splits: 1578.
num_chunks_enlarged: 981.
num_inconsistent_stats: 0.

CodeHeap 'non-profiled nmethods': size=120028Kb used=2765Kb max_used=2765Kb free=117262Kb
 bounds [0x00007fb5498c9000, 0x00007fb549b89000, 0x00007fb550e00000]
CodeHeap 'profiled nmethods': size=120028Kb used=9252Kb max_used=9252Kb free=110775Kb
 bounds [0x00007fb541e00000, 0x00007fb542710000, 0x00007fb549337000]
CodeHeap 'non-nmethods': size=5704Kb used=1374Kb max_used=1475Kb free=4329Kb
 bounds [0x00007fb549337000, 0x00007fb5495a7000, 0x00007fb5498c9000]
 total_blobs=5296 nmethods=4613 adapters=589
 compilation: enabled
              stopped_count=0, restarted_count=0
 full_count=0

Compilation events (20 events):
Event: 6,512 Thread 0x00007fb55417c1b0 nmethod 5015 0x00007fb549b72090 code [0x00007fb549b72200, 0x00007fb549b72298]
Event: 6,512 Thread 0x00007fb55417c1b0 4690 %     4       org.eclipse.jdt.core.compiler.CharOperation::replace @ 14 (35 bytes)
Event: 6,515 Thread 0x00007fb554185820 nmethod 4999 0x00007fb5426eca10 code [0x00007fb5426ecca0, 0x00007fb5426ed988]
Event: 6,515 Thread 0x00007fb554185820 4979       3       java.util.HashMap::putVal (300 bytes)
Event: 6,516 Thread 0x00007fb554185820 nmethod 4979 0x00007fb5426ee390 code [0x00007fb5426ee640, 0x00007fb5426ef6d0]
Event: 6,516 Thread 0x00007fb554185820 5017   !   2       java.util.concurrent.ConcurrentHashMap::putVal (432 bytes)
Event: 6,518 Thread 0x00007fb55417c1b0 nmethod 4690% 0x00007fb549b72390 code [0x00007fb549b72520, 0x00007fb549b72768]
Event: 6,518 Thread 0x00007fb55417c1b0 5039       4       lombok.eclipse.EclipseAST::traverseChildren (41 bytes)
Event: 6,521 Thread 0x00007fb55417c1b0 nmethod 5039 0x00007fb549b72810 code [0x00007fb549b729c0, 0x00007fb549b72bb8]
Event: 6,521 Thread 0x00007fb55417c1b0 5031       4       java.util.IdentityHashMap::put (137 bytes)
Event: 6,522 Thread 0x00007fb4bc373e40 nmethod 4692% 0x00007fb549b72e10 code [0x00007fb549b72fa0, 0x00007fb549b73358]
Event: 6,522 Thread 0x00007fb4bc373e40 5038       4       java.util.IdentityHashMap::maskNull (12 bytes)
Event: 6,522 Thread 0x00007fb554185820 nmethod 5017 0x00007fb5426efb90 code [0x00007fb5426efe40, 0x00007fb5426f0bb8]
Event: 6,522 Thread 0x00007fb554185820 4980       2       org.eclipse.jdt.internal.compiler.parser.Parser::consumeRule (7748 bytes)
Event: 6,522 Thread 0x00007fb4bc373e40 nmethod 5038 0x00007fb549b73490 code [0x00007fb549b73600, 0x00007fb549b73688]
Event: 6,522 Thread 0x00007fb4bc373e40 5030       4       java.util.ArrayList::toArray (12 bytes)
Event: 6,525 Thread 0x00007fb4bc373e40 nmethod 5030 0x00007fb549b73790 code [0x00007fb549b73920, 0x00007fb549b73c48]
Event: 6,525 Thread 0x00007fb4bc373e40 5034   !   4       lombok.eclipse.EclipseNode::$SWITCH_TABLE$lombok$core$AST$Kind (157 bytes)
Event: 6,526 Thread 0x00007fb4bc373e40 nmethod 5034 0x00007fb549b73d90 code [0x00007fb549b73f00, 0x00007fb549b73f98]
Event: 6,526 Thread 0x00007fb4bc373e40 5035       4       lombok.eclipse.EclipseNode::traverse (800 bytes)

GC Heap History (20 events):
Event: 4,415 GC heap before
{Heap before GC invocations=14 (full 2):
 PSYoungGen      total 23040K, used 448K [0x00000000eab00000, 0x00000000ec700000, 0x0000000100000000)
  eden space 22528K, 0% used [0x00000000eab00000,0x00000000eab00000,0x00000000ec100000)
  from space 512K, 87% used [0x00000000ec680000,0x00000000ec6f0000,0x00000000ec700000)
  to   space 1024K, 0% used [0x00000000ec500000,0x00000000ec500000,0x00000000ec600000)
 ParOldGen       total 68608K, used 16235K [0x00000000c0000000, 0x00000000c4300000, 0x00000000eab00000)
  object space 68608K, 23% used [0x00000000c0000000,0x00000000c0fdada8,0x00000000c4300000)
 Metaspace       used 35024K, committed 35840K, reserved 1114112K
  class space    used 3417K, committed 3840K, reserved 1048576K
}
Event: 4,489 GC heap after
{Heap after GC invocations=14 (full 2):
 PSYoungGen      total 23040K, used 0K [0x00000000eab00000, 0x00000000ec700000, 0x0000000100000000)
  eden space 22528K, 0% used [0x00000000eab00000,0x00000000eab00000,0x00000000ec100000)
  from space 512K, 0% used [0x00000000ec680000,0x00000000ec680000,0x00000000ec700000)
  to   space 1024K, 0% used [0x00000000ec500000,0x00000000ec500000,0x00000000ec600000)
 ParOldGen       total 68608K, used 16176K [0x00000000c0000000, 0x00000000c4300000, 0x00000000eab00000)
  object space 68608K, 23% used [0x00000000c0000000,0x00000000c0fcc1f8,0x00000000c4300000)
 Metaspace       used 35012K, committed 35840K, reserved 1114112K
  class space    used 3414K, committed 3840K, reserved 1048576K
}
Event: 4,704 GC heap before
{Heap before GC invocations=15 (full 2):
 PSYoungGen      total 23040K, used 22528K [0x00000000eab00000, 0x00000000ec700000, 0x0000000100000000)
  eden space 22528K, 100% used [0x00000000eab00000,0x00000000ec100000,0x00000000ec100000)
  from space 512K, 0% used [0x00000000ec680000,0x00000000ec680000,0x00000000ec700000)
  to   space 1024K, 0% used [0x00000000ec500000,0x00000000ec500000,0x00000000ec600000)
 ParOldGen       total 68608K, used 16176K [0x00000000c0000000, 0x00000000c4300000, 0x00000000eab00000)
  object space 68608K, 23% used [0x00000000c0000000,0x00000000c0fcc1f8,0x00000000c4300000)
 Metaspace       used 36284K, committed 37248K, reserved 1114112K
  class space    used 3551K, committed 3968K, reserved 1048576K
}
Event: 4,711 GC heap after
{Heap after GC invocations=15 (full 2):
 PSYoungGen      total 23040K, used 928K [0x00000000eab00000, 0x00000000ec700000, 0x0000000100000000)
  eden space 22016K, 0% used [0x00000000eab00000,0x00000000eab00000,0x00000000ec080000)
  from space 1024K, 90% used [0x00000000ec500000,0x00000000ec5e8000,0x00000000ec600000)
  to   space 1024K, 0% used [0x00000000ec600000,0x00000000ec600000,0x00000000ec700000)
 ParOldGen       total 68608K, used 16184K [0x00000000c0000000, 0x00000000c4300000, 0x00000000eab00000)
  object space 68608K, 23% used [0x00000000c0000000,0x00000000c0fce1f8,0x00000000c4300000)
 Metaspace       used 36284K, committed 37248K, reserved 1114112K
  class space    used 3551K, committed 3968K, reserved 1048576K
}
Event: 5,203 GC heap before
{Heap before GC invocations=16 (full 2):
 PSYoungGen      total 23040K, used 22937K [0x00000000eab00000, 0x00000000ec700000, 0x0000000100000000)
  eden space 22016K, 99% used [0x00000000eab00000,0x00000000ec07e490,0x00000000ec080000)
  from space 1024K, 90% used [0x00000000ec500000,0x00000000ec5e8000,0x00000000ec600000)
  to   space 1024K, 0% used [0x00000000ec600000,0x00000000ec600000,0x00000000ec700000)
 ParOldGen       total 68608K, used 16184K [0x00000000c0000000, 0x00000000c4300000, 0x00000000eab00000)
  object space 68608K, 23% used [0x00000000c0000000,0x00000000c0fce1f8,0x00000000c4300000)
 Metaspace       used 38786K, committed 39680K, reserved 1114112K
  class space    used 3770K, committed 4160K, reserved 1048576K
}
Event: 5,212 GC heap after
{Heap after GC invocations=16 (full 2):
 PSYoungGen      total 23040K, used 992K [0x00000000eab00000, 0x00000000ec700000, 0x0000000100000000)
  eden space 22016K, 0% used [0x00000000eab00000,0x00000000eab00000,0x00000000ec080000)
  from space 1024K, 96% used [0x00000000ec600000,0x00000000ec6f8010,0x00000000ec700000)
  to   space 2560K, 0% used [0x00000000ec200000,0x00000000ec200000,0x00000000ec480000)
 ParOldGen       total 68608K, used 17383K [0x00000000c0000000, 0x00000000c4300000, 0x00000000eab00000)
  object space 68608K, 25% used [0x00000000c0000000,0x00000000c10f9d10,0x00000000c4300000)
 Metaspace       used 38786K, committed 39680K, reserved 1114112K
  class space    used 3770K, committed 4160K, reserved 1048576K
}
Event: 5,483 GC heap before
{Heap before GC invocations=17 (full 2):
 PSYoungGen      total 23040K, used 23008K [0x00000000eab00000, 0x00000000ec700000, 0x0000000100000000)
  eden space 22016K, 100% used [0x00000000eab00000,0x00000000ec080000,0x00000000ec080000)
  from space 1024K, 96% used [0x00000000ec600000,0x00000000ec6f8010,0x00000000ec700000)
  to   space 2560K, 0% used [0x00000000ec200000,0x00000000ec200000,0x00000000ec480000)
 ParOldGen       total 68608K, used 17383K [0x00000000c0000000, 0x00000000c4300000, 0x00000000eab00000)
  object space 68608K, 25% used [0x00000000c0000000,0x00000000c10f9d10,0x00000000c4300000)
 Metaspace       used 39479K, committed 40512K, reserved 1114112K
  class space    used 3841K, committed 4352K, reserved 1048576K
}
Event: 5,494 GC heap after
{Heap after GC invocations=17 (full 2):
 PSYoungGen      total 24576K, used 2509K [0x00000000eab00000, 0x00000000ec680000, 0x0000000100000000)
  eden space 22016K, 0% used [0x00000000eab00000,0x00000000eab00000,0x00000000ec080000)
  from space 2560K, 98% used [0x00000000ec200000,0x00000000ec473520,0x00000000ec480000)
  to   space 2048K, 0% used [0x00000000ec480000,0x00000000ec480000,0x00000000ec680000)
 ParOldGen       total 68608K, used 18224K [0x00000000c0000000, 0x00000000c4300000, 0x00000000eab00000)
  object space 68608K, 26% used [0x00000000c0000000,0x00000000c11cc090,0x00000000c4300000)
 Metaspace       used 39479K, committed 40512K, reserved 1114112K
  class space    used 3841K, committed 4352K, reserved 1048576K
}
Event: 5,739 GC heap before
{Heap before GC invocations=18 (full 2):
 PSYoungGen      total 24576K, used 24525K [0x00000000eab00000, 0x00000000ec680000, 0x0000000100000000)
  eden space 22016K, 100% used [0x00000000eab00000,0x00000000ec080000,0x00000000ec080000)
  from space 2560K, 98% used [0x00000000ec200000,0x00000000ec473520,0x00000000ec480000)
  to   space 2048K, 0% used [0x00000000ec480000,0x00000000ec480000,0x00000000ec680000)
 ParOldGen       total 68608K, used 18224K [0x00000000c0000000, 0x00000000c4300000, 0x00000000eab00000)
  object space 68608K, 26% used [0x00000000c0000000,0x00000000c11cc090,0x00000000c4300000)
 Metaspace       used 39688K, committed 40640K, reserved 1114112K
  class space    used 3874K, committed 4352K, reserved 1048576K
}
Event: 5,757 GC heap after
{Heap after GC invocations=18 (full 2):
 PSYoungGen      total 23040K, used 2018K [0x00000000eab00000, 0x00000000eca80000, 0x0000000100000000)
  eden space 20992K, 0% used [0x00000000eab00000,0x00000000eab00000,0x00000000ebf80000)
  from space 2048K, 98% used [0x00000000ec480000,0x00000000ec678810,0x00000000ec680000)
  to   space 5120K, 0% used [0x00000000ebf80000,0x00000000ebf80000,0x00000000ec480000)
 ParOldGen       total 68608K, used 20901K [0x00000000c0000000, 0x00000000c4300000, 0x00000000eab00000)
  object space 68608K, 30% used [0x00000000c0000000,0x00000000c14695a0,0x00000000c4300000)
 Metaspace       used 39688K, committed 40640K, reserved 1114112K
  class space    used 3874K, committed 4352K, reserved 1048576K
}
Event: 5,827 GC heap before
{Heap before GC invocations=19 (full 2):
 PSYoungGen      total 23040K, used 23010K [0x00000000eab00000, 0x00000000eca80000, 0x0000000100000000)
  eden space 20992K, 100% used [0x00000000eab00000,0x00000000ebf80000,0x00000000ebf80000)
  from space 2048K, 98% used [0x00000000ec480000,0x00000000ec678810,0x00000000ec680000)
  to   space 5120K, 0% used [0x00000000ebf80000,0x00000000ebf80000,0x00000000ec480000)
 ParOldGen       total 68608K, used 20901K [0x00000000c0000000, 0x00000000c4300000, 0x00000000eab00000)
  object space 68608K, 30% used [0x00000000c0000000,0x00000000c14695a0,0x00000000c4300000)
 Metaspace       used 39691K, committed 40640K, reserved 1114112K
  class space    used 3874K, committed 4352K, reserved 1048576K
}
Event: 5,848 GC heap after
{Heap after GC invocations=19 (full 2):
 PSYoungGen      total 23552K, used 2080K [0x00000000eab00000, 0x00000000ec580000, 0x0000000100000000)
  eden space 20992K, 0% used [0x00000000eab00000,0x00000000eab00000,0x00000000ebf80000)
  from space 2560K, 81% used [0x00000000ebf80000,0x00000000ec188010,0x00000000ec200000)
  to   space 3072K, 0% used [0x00000000ec280000,0x00000000ec280000,0x00000000ec580000)
 ParOldGen       total 68608K, used 22807K [0x00000000c0000000, 0x00000000c4300000, 0x00000000eab00000)
  object space 68608K, 33% used [0x00000000c0000000,0x00000000c1645da0,0x00000000c4300000)
 Metaspace       used 39691K, committed 40640K, reserved 1114112K
  class space    used 3874K, committed 4352K, reserved 1048576K
}
Event: 5,940 GC heap before
{Heap before GC invocations=20 (full 2):
 PSYoungGen      total 23552K, used 23072K [0x00000000eab00000, 0x00000000ec580000, 0x0000000100000000)
  eden space 20992K, 100% used [0x00000000eab00000,0x00000000ebf80000,0x00000000ebf80000)
  from space 2560K, 81% used [0x00000000ebf80000,0x00000000ec188010,0x00000000ec200000)
  to   space 3072K, 0% used [0x00000000ec280000,0x00000000ec280000,0x00000000ec580000)
 ParOldGen       total 68608K, used 22807K [0x00000000c0000000, 0x00000000c4300000, 0x00000000eab00000)
  object space 68608K, 33% used [0x00000000c0000000,0x00000000c1645da0,0x00000000c4300000)
 Metaspace       used 39724K, committed 40704K, reserved 1114112K
  class space    used 3874K, committed 4352K, reserved 1048576K
}
Event: 5,966 GC heap after
{Heap after GC invocations=20 (full 2):
 PSYoungGen      total 23552K, used 2340K [0x00000000eab00000, 0x00000000ec500000, 0x0000000100000000)
  eden space 20992K, 0% used [0x00000000eab00000,0x00000000eab00000,0x00000000ebf80000)
  from space 2560K, 91% used [0x00000000ec280000,0x00000000ec4c9000,0x00000000ec500000)
  to   space 2560K, 0% used [0x00000000ebf80000,0x00000000ebf80000,0x00000000ec200000)
 ParOldGen       total 68608K, used 24743K [0x00000000c0000000, 0x00000000c4300000, 0x00000000eab00000)
  object space 68608K, 36% used [0x00000000c0000000,0x00000000c1829db0,0x00000000c4300000)
 Metaspace       used 39724K, committed 40704K, reserved 1114112K
  class space    used 3874K, committed 4352K, reserved 1048576K
}
Event: 6,124 GC heap before
{Heap before GC invocations=21 (full 2):
 PSYoungGen      total 23552K, used 23332K [0x00000000eab00000, 0x00000000ec500000, 0x0000000100000000)
  eden space 20992K, 100% used [0x00000000eab00000,0x00000000ebf80000,0x00000000ebf80000)
  from space 2560K, 91% used [0x00000000ec280000,0x00000000ec4c9000,0x00000000ec500000)
  to   space 2560K, 0% used [0x00000000ebf80000,0x00000000ebf80000,0x00000000ec200000)
 ParOldGen       total 68608K, used 24743K [0x00000000c0000000, 0x00000000c4300000, 0x00000000eab00000)
  object space 68608K, 36% used [0x00000000c0000000,0x00000000c1829db0,0x00000000c4300000)
 Metaspace       used 39748K, committed 40704K, reserved 1114112K
  class space    used 3874K, committed 4352K, reserved 1048576K
}
Event: 6,139 GC heap after
{Heap after GC invocations=21 (full 2):
 PSYoungGen      total 23552K, used 1952K [0x00000000eab00000, 0x00000000ec480000, 0x0000000100000000)
  eden space 20992K, 0% used [0x00000000eab00000,0x00000000eab00000,0x00000000ebf80000)
  from space 2560K, 76% used [0x00000000ebf80000,0x00000000ec168000,0x00000000ec200000)
  to   space 2560K, 0% used [0x00000000ec200000,0x00000000ec200000,0x00000000ec480000)
 ParOldGen       total 68608K, used 26935K [0x00000000c0000000, 0x00000000c4300000, 0x00000000eab00000)
  object space 68608K, 39% used [0x00000000c0000000,0x00000000c1a4deb0,0x00000000c4300000)
 Metaspace       used 39748K, committed 40704K, reserved 1114112K
  class space    used 3874K, committed 4352K, reserved 1048576K
}
Event: 6,285 GC heap before
{Heap before GC invocations=22 (full 2):
 PSYoungGen      total 23552K, used 22944K [0x00000000eab00000, 0x00000000ec480000, 0x0000000100000000)
  eden space 20992K, 100% used [0x00000000eab00000,0x00000000ebf80000,0x00000000ebf80000)
  from space 2560K, 76% used [0x00000000ebf80000,0x00000000ec168000,0x00000000ec200000)
  to   space 2560K, 0% used [0x00000000ec200000,0x00000000ec200000,0x00000000ec480000)
 ParOldGen       total 68608K, used 26935K [0x00000000c0000000, 0x00000000c4300000, 0x00000000eab00000)
  object space 68608K, 39% used [0x00000000c0000000,0x00000000c1a4deb0,0x00000000c4300000)
 Metaspace       used 39817K, committed 40768K, reserved 1114112K
  class space    used 3874K, committed 4352K, reserved 1048576K
}
Event: 6,294 GC heap after
{Heap after GC invocations=22 (full 2):
 PSYoungGen      total 23552K, used 2144K [0x00000000eab00000, 0x00000000ec480000, 0x0000000100000000)
  eden space 20992K, 0% used [0x00000000eab00000,0x00000000eab00000,0x00000000ebf80000)
  from space 2560K, 83% used [0x00000000ec200000,0x00000000ec418010,0x00000000ec480000)
  to   space 2560K, 0% used [0x00000000ebf80000,0x00000000ebf80000,0x00000000ec200000)
 ParOldGen       total 68608K, used 28807K [0x00000000c0000000, 0x00000000c4300000, 0x00000000eab00000)
  object space 68608K, 41% used [0x00000000c0000000,0x00000000c1c21eb0,0x00000000c4300000)
 Metaspace       used 39817K, committed 40768K, reserved 1114112K
  class space    used 3874K, committed 4352K, reserved 1048576K
}
Event: 6,387 GC heap before
{Heap before GC invocations=23 (full 2):
 PSYoungGen      total 23552K, used 23136K [0x00000000eab00000, 0x00000000ec480000, 0x0000000100000000)
  eden space 20992K, 100% used [0x00000000eab00000,0x00000000ebf80000,0x00000000ebf80000)
  from space 2560K, 83% used [0x00000000ec200000,0x00000000ec418010,0x00000000ec480000)
  to   space 2560K, 0% used [0x00000000ebf80000,0x00000000ebf80000,0x00000000ec200000)
 ParOldGen       total 68608K, used 28807K [0x00000000c0000000, 0x00000000c4300000, 0x00000000eab00000)
  object space 68608K, 41% used [0x00000000c0000000,0x00000000c1c21eb0,0x00000000c4300000)
 Metaspace       used 39851K, committed 40832K, reserved 1114112K
  class space    used 3874K, committed 4352K, reserved 1048576K
}
Event: 6,398 GC heap after
{Heap after GC invocations=23 (full 2):
 PSYoungGen      total 23040K, used 1880K [0x00000000eab00000, 0x00000000ec380000, 0x0000000100000000)
  eden space 20992K, 0% used [0x00000000eab00000,0x00000000eab00000,0x00000000ebf80000)
  from space 2048K, 91% used [0x00000000ebf80000,0x00000000ec156200,0x00000000ec180000)
  to   space 2048K, 0% used [0x00000000ec180000,0x00000000ec180000,0x00000000ec380000)
 ParOldGen       total 68608K, used 30831K [0x00000000c0000000, 0x00000000c4300000, 0x00000000eab00000)
  object space 68608K, 44% used [0x00000000c0000000,0x00000000c1e1bec0,0x00000000c4300000)
 Metaspace       used 39851K, committed 40832K, reserved 1114112K
  class space    used 3874K, committed 4352K, reserved 1048576K
}

Dll operation events (9 events):
Event: 0,002 Loaded shared library /home/gsscala/.vscode/extensions/redhat.java-1.42.0-linux-x64/jre/21.0.7-linux-x86_64/lib/libjava.so
Event: 0,055 Loaded shared library /home/gsscala/.vscode/extensions/redhat.java-1.42.0-linux-x64/jre/21.0.7-linux-x86_64/lib/libzip.so
Event: 0,080 Loaded shared library /home/gsscala/.vscode/extensions/redhat.java-1.42.0-linux-x64/jre/21.0.7-linux-x86_64/lib/libinstrument.so
Event: 0,082 Loaded shared library /home/gsscala/.vscode/extensions/redhat.java-1.42.0-linux-x64/jre/21.0.7-linux-x86_64/lib/libnio.so
Event: 0,084 Loaded shared library /home/gsscala/.vscode/extensions/redhat.java-1.42.0-linux-x64/jre/21.0.7-linux-x86_64/lib/libzip.so
Event: 0,100 Loaded shared library /home/gsscala/.vscode/extensions/redhat.java-1.42.0-linux-x64/jre/21.0.7-linux-x86_64/lib/libjimage.so
Event: 0,153 Loaded shared library /home/gsscala/.vscode/extensions/redhat.java-1.42.0-linux-x64/jre/21.0.7-linux-x86_64/lib/libverify.so
Event: 0,885 Loaded shared library /home/gsscala/.vscode/extensions/redhat.java-1.42.0-linux-x64/jre/21.0.7-linux-x86_64/lib/libnet.so
Event: 1,395 Loaded shared library /home/gsscala/.config/Code/User/globalStorage/redhat.java/1.42.0/config_ss_linux/org.eclipse.equinox.launcher/org.eclipse.equinox.launcher.gtk.linux.x86_64_1.2.1400.v20250331-1702/eclipse_11911.so

Deoptimization events (20 events):
Event: 6,459 Thread 0x00007fb554673e50 Uncommon trap: trap_request=0xffffffde fr.pc=0x00007fb5499dbf80 relative=0x0000000000000aa0
Event: 6,459 Thread 0x00007fb554673e50 Uncommon trap: reason=class_check action=maybe_recompile pc=0x00007fb5499dbf80 method=java.util.concurrent.ConcurrentHashMap.putVal(Ljava/lang/Object;Ljava/lang/Object;Z)Ljava/lang/Object; @ 242 c2
Event: 6,459 Thread 0x00007fb554673e50 DEOPT PACKING pc=0x00007fb5499dbf80 sp=0x00007fb4d90cec30
Event: 6,460 Thread 0x00007fb554673e50 DEOPT UNPACKING pc=0x00007fb54938a399 sp=0x00007fb4d90ceb90 mode 2
Event: 6,460 Thread 0x00007fb464078d20 Uncommon trap: trap_request=0xffffffde fr.pc=0x00007fb5499dbec4 relative=0x00000000000009e4
Event: 6,460 Thread 0x00007fb464078d20 Uncommon trap: reason=class_check action=maybe_recompile pc=0x00007fb5499dbec4 method=java.util.concurrent.ConcurrentHashMap.putVal(Ljava/lang/Object;Ljava/lang/Object;Z)Ljava/lang/Object; @ 159 c2
Event: 6,460 Thread 0x00007fb464078d20 DEOPT PACKING pc=0x00007fb5499dbec4 sp=0x00007fb4d8fcf160
Event: 6,460 Thread 0x00007fb464078d20 DEOPT UNPACKING pc=0x00007fb54938a399 sp=0x00007fb4d8fcf0d0 mode 2
Event: 6,462 Thread 0x00007fb464077af0 Uncommon trap: trap_request=0xffffffcc fr.pc=0x00007fb549ac73e4 relative=0x0000000000001c24
Event: 6,462 Thread 0x00007fb464077af0 Uncommon trap: reason=intrinsic_or_type_checked_inlining action=make_not_entrant pc=0x00007fb549ac73e4 method=java.util.ArrayList$SubList.toArray([Ljava/lang/Object;)[Ljava/lang/Object; @ 58 c2
Event: 6,462 Thread 0x00007fb464077af0 DEOPT PACKING pc=0x00007fb549ac73e4 sp=0x00007fb4d92f8ec0
Event: 6,462 Thread 0x00007fb464077af0 DEOPT UNPACKING pc=0x00007fb54938a399 sp=0x00007fb4d92f8df8 mode 2
Event: 6,504 Thread 0x00007fb464077af0 Uncommon trap: trap_request=0xffffffcc fr.pc=0x00007fb549a92004 relative=0x0000000000002464
Event: 6,504 Thread 0x00007fb464077af0 Uncommon trap: reason=intrinsic_or_type_checked_inlining action=make_not_entrant pc=0x00007fb549a92004 method=java.util.ArrayList$SubList.toArray([Ljava/lang/Object;)[Ljava/lang/Object; @ 58 c2
Event: 6,504 Thread 0x00007fb464077af0 DEOPT PACKING pc=0x00007fb549a92004 sp=0x00007fb4d92f7500
Event: 6,504 Thread 0x00007fb464077af0 DEOPT UNPACKING pc=0x00007fb54938a399 sp=0x00007fb4d92f72c0 mode 2
Event: 6,524 Thread 0x00007fb464078d20 DEOPT PACKING pc=0x00007fb541ef3447 sp=0x00007fb4d8fcf240
Event: 6,524 Thread 0x00007fb464078d20 DEOPT UNPACKING pc=0x00007fb54938ab2f sp=0x00007fb4d8fce6d0 mode 0
Event: 6,525 Thread 0x00007fb464078d20 DEOPT PACKING pc=0x00007fb541ff0bb2 sp=0x00007fb4d8fcf2e0
Event: 6,525 Thread 0x00007fb464078d20 DEOPT UNPACKING pc=0x00007fb54938ab2f sp=0x00007fb4d8fce770 mode 0

Classes loaded (20 events):
Event: 5,372 Loading class java/lang/invoke/MethodHandleImpl$Makers
Event: 5,372 Loading class java/lang/invoke/MethodHandleImpl$Makers done
Event: 5,372 Loading class java/lang/invoke/MethodHandleImpl$Makers$1
Event: 5,373 Loading class java/lang/invoke/MethodHandleImpl$Makers$1 done
Event: 5,373 Loading class java/lang/invoke/MethodHandleImpl$Makers$2
Event: 5,373 Loading class java/lang/invoke/MethodHandleImpl$Makers$2 done
Event: 5,373 Loading class java/lang/invoke/MethodHandleImpl$Makers$3
Event: 5,373 Loading class java/lang/invoke/MethodHandleImpl$Makers$3 done
Event: 5,376 Loading class java/lang/runtime/ObjectMethods$1
Event: 5,376 Loading class java/lang/runtime/ObjectMethods$1 done
Event: 5,683 Loading class java/lang/invoke/MethodHandleImpl$CountingWrapper
Event: 5,683 Loading class java/lang/invoke/MethodHandleImpl$CountingWrapper done
Event: 5,895 Loading class java/lang/invoke/MethodHandleImpl$CountingWrapper$1
Event: 5,895 Loading class java/lang/invoke/MethodHandleImpl$CountingWrapper$1 done
Event: 6,458 Loading class java/lang/ProcessEnvironment$StringEntrySet
Event: 6,458 Loading class java/lang/ProcessEnvironment$StringEntrySet done
Event: 6,458 Loading class java/lang/ProcessEnvironment$StringEntrySet$1
Event: 6,459 Loading class java/lang/ProcessEnvironment$StringEntrySet$1 done
Event: 6,459 Loading class java/lang/ProcessEnvironment$StringEntry
Event: 6,459 Loading class java/lang/ProcessEnvironment$StringEntry done

Classes unloaded (14 events):
Event: 2,681 Thread 0x00007fb55416bb00 Unloading class 0x00007fb4fa181400 'java/lang/invoke/LambdaForm$MH+0x00007fb4fa181400'
Event: 2,681 Thread 0x00007fb55416bb00 Unloading class 0x00007fb4fa181000 'java/lang/invoke/LambdaForm$MH+0x00007fb4fa181000'
Event: 2,681 Thread 0x00007fb55416bb00 Unloading class 0x00007fb4fa180c00 'java/lang/invoke/LambdaForm$MH+0x00007fb4fa180c00'
Event: 2,681 Thread 0x00007fb55416bb00 Unloading class 0x00007fb4fa180800 'java/lang/invoke/LambdaForm$MH+0x00007fb4fa180800'
Event: 2,681 Thread 0x00007fb55416bb00 Unloading class 0x00007fb4fa180400 'java/lang/invoke/LambdaForm$BMH+0x00007fb4fa180400'
Event: 2,681 Thread 0x00007fb55416bb00 Unloading class 0x00007fb4fa180000 'java/lang/invoke/LambdaForm$DMH+0x00007fb4fa180000'
Event: 2,681 Thread 0x00007fb55416bb00 Unloading class 0x00007fb4fa17ec00 'java/lang/invoke/LambdaForm$DMH+0x00007fb4fa17ec00'
Event: 4,430 Thread 0x00007fb55416bb00 Unloading class 0x00007fb4fa388000 'java/lang/invoke/LambdaForm$MH+0x00007fb4fa388000'
Event: 4,430 Thread 0x00007fb55416bb00 Unloading class 0x00007fb4fa386c00 'java/lang/invoke/LambdaForm$MH+0x00007fb4fa386c00'
Event: 4,430 Thread 0x00007fb55416bb00 Unloading class 0x00007fb4fa386800 'java/lang/invoke/LambdaForm$MH+0x00007fb4fa386800'
Event: 4,430 Thread 0x00007fb55416bb00 Unloading class 0x00007fb4fa386000 'java/lang/invoke/LambdaForm$MH+0x00007fb4fa386000'
Event: 4,430 Thread 0x00007fb55416bb00 Unloading class 0x00007fb4fa385c00 'java/lang/invoke/LambdaForm$MH+0x00007fb4fa385c00'
Event: 4,430 Thread 0x00007fb55416bb00 Unloading class 0x00007fb4fa385400 'java/lang/invoke/LambdaForm$MH+0x00007fb4fa385400'
Event: 4,430 Thread 0x00007fb55416bb00 Unloading class 0x00007fb4fa385000 'java/lang/invoke/LambdaForm$MH+0x00007fb4fa385000'

Classes redefined (0 events):
No events

Internal exceptions (20 events):
Event: 5,371 Thread 0x00007fb464074fb0 Exception <a 'java/lang/NoSuchMethodError'{0x00000000eb1324d8}: 'java.lang.Object java.lang.invoke.DirectMethodHandle$Holder.invokeStaticInit(java.lang.Object, java.lang.Object, java.lang.Object, java.lang.Object, java.lang.Object, java.lang.Object, java.lang.Object)'> (0x00000000eb1324d8) 
thrown [src/hotspot/share/interpreter/linkResolver.cpp, line 772]
Event: 5,372 Thread 0x00007fb464074fb0 Exception <a 'java/lang/NoSuchMethodError'{0x00000000eb137548}: 'java.lang.Object java.lang.invoke.Invokers$Holder.invoke_MT(java.lang.Object, java.lang.Object, java.lang.Object, java.lang.Object, java.lang.Object, java.lang.Object, java.lang.Object, java.lang.Object, java.lang.Object, java.lang.Object)'> (0x00000000eb137548) 
thrown [src/hotspot/share/interpreter/linkResolver.cpp, line 772]
Event: 5,376 Thread 0x00007fb464077af0 Exception <a 'sun/nio/fs/UnixException'{0x00000000eaf707d8}> (0x00000000eaf707d8) 
thrown [src/hotspot/share/prims/jni.cpp, line 520]
Event: 5,377 Thread 0x00007fb464074fb0 Exception <a 'java/lang/NoSuchMethodError'{0x00000000eb18ab90}: 'int java.lang.invoke.DirectMethodHandle$Holder.invokeStaticInit(java.lang.Object, int, int)'> (0x00000000eb18ab90) 
thrown [src/hotspot/share/interpreter/linkResolver.cpp, line 772]
Event: 5,377 Thread 0x00007fb464074fb0 Exception <a 'java/lang/NoSuchMethodError'{0x00000000eb198fa0}: 'int java.lang.invoke.DirectMethodHandle$Holder.invokeStaticInit(java.lang.Object, long, long)'> (0x00000000eb198fa0) 
thrown [src/hotspot/share/interpreter/linkResolver.cpp, line 772]
Event: 5,378 Thread 0x00007fb464074fb0 Exception <a 'java/lang/NoSuchMethodError'{0x00000000eb1a6c78}: 'int java.lang.invoke.DirectMethodHandle$Holder.invokeStaticInit(java.lang.Object, float, float)'> (0x00000000eb1a6c78) 
thrown [src/hotspot/share/interpreter/linkResolver.cpp, line 772]
Event: 5,378 Thread 0x00007fb464074fb0 Exception <a 'java/lang/NoSuchMethodError'{0x00000000eb1adc00}: 'int java.lang.invoke.DirectMethodHandle$Holder.invokeStaticInit(java.lang.Object, double, double)'> (0x00000000eb1adc00) 
thrown [src/hotspot/share/interpreter/linkResolver.cpp, line 772]
Event: 5,379 Thread 0x00007fb464074fb0 Exception <a 'java/lang/NoSuchMethodError'{0x00000000eb1b5e18}: 'int java.lang.invoke.DirectMethodHandle$Holder.invokeStatic(java.lang.Object, long)'> (0x00000000eb1b5e18) 
thrown [src/hotspot/share/interpreter/linkResolver.cpp, line 772]
Event: 5,382 Thread 0x00007fb464074fb0 Exception <a 'java/lang/NoSuchMethodError'{0x00000000eb1e6690}: 'int java.lang.invoke.Invokers$Holder.linkToTargetMethod(java.lang.Object, java.lang.Object)'> (0x00000000eb1e6690) 
thrown [src/hotspot/share/interpreter/linkResolver.cpp, line 772]
Event: 5,392 Thread 0x00007fb464076920 Exception <a 'sun/nio/fs/UnixException'{0x00000000eaf7a728}> (0x00000000eaf7a728) 
thrown [src/hotspot/share/prims/jni.cpp, line 520]
Event: 5,394 Thread 0x00007fb464078d20 Exception <a 'sun/nio/fs/UnixException'{0x00000000eaf45190}> (0x00000000eaf45190) 
thrown [src/hotspot/share/prims/jni.cpp, line 520]
Event: 5,681 Thread 0x00007fb464076920 Exception <a 'java/lang/NoSuchMethodError'{0x00000000ebd88e48}: 'int java.lang.invoke.DirectMethodHandle$Holder.invokeSpecial(java.lang.Object, java.lang.Object, java.lang.Object, java.lang.Object)'> (0x00000000ebd88e48) 
thrown [src/hotspot/share/interpreter/linkResolver.cpp, line 772]
Event: 5,682 Thread 0x00007fb464076920 Exception <a 'java/lang/NoSuchMethodError'{0x00000000ebd969f8}: 'java.lang.Object java.lang.invoke.DirectMethodHandle$Holder.invokeStatic(java.lang.Object, int, java.lang.Object, java.lang.Object)'> (0x00000000ebd969f8) 
thrown [src/hotspot/share/interpreter/linkResolver.cpp, line 772]
Event: 5,683 Thread 0x00007fb464076920 Exception <a 'java/lang/NoSuchMethodError'{0x00000000ebd9a4a8}: 'java.lang.Object java.lang.invoke.DelegatingMethodHandle$Holder.delegate(java.lang.Object, int, java.lang.Object, java.lang.Object)'> (0x00000000ebd9a4a8) 
thrown [src/hotspot/share/interpreter/linkResolver.cpp, line 772]
Event: 5,683 Thread 0x00007fb464076920 Implicit null exception at 0x00007fb549a82180 to 0x00007fb549a8248c
Event: 5,688 Thread 0x00007fb554673e50 Implicit null exception at 0x00007fb549a82180 to 0x00007fb549a8248c
Event: 5,690 Thread 0x00007fb464078d20 Exception <a 'java/lang/NoSuchMethodError'{0x00000000ebdb67b8}: 'int java.lang.invoke.Invokers$Holder.linkToTargetMethod(java.lang.Object, java.lang.Object, java.lang.Object)'> (0x00000000ebdb67b8) 
thrown [src/hotspot/share/interpreter/linkResolver.cpp, line 772]
Event: 5,691 Thread 0x00007fb464077af0 Exception <a 'java/lang/NoSuchMethodError'{0x00000000ebdd2d18}: 'int java.lang.invoke.Invokers$Holder.linkToTargetMethod(java.lang.Object, java.lang.Object, java.lang.Object)'> (0x00000000ebdd2d18) 
thrown [src/hotspot/share/interpreter/linkResolver.cpp, line 772]
Event: 6,497 Thread 0x00007fb464077af0 Exception <a 'java/lang/NoSuchMethodError'{0x00000000eb0daa40}: 'int java.lang.invoke.DirectMethodHandle$Holder.invokeInterface(java.lang.Object, java.lang.Object)'> (0x00000000eb0daa40) 
thrown [src/hotspot/share/interpreter/linkResolver.cpp, line 772]
Event: 6,498 Thread 0x00007fb464077af0 Exception <a 'java/lang/IncompatibleClassChangeError'{0x00000000eb0e47e8}: Found class java.lang.Object, but interface was expected> (0x00000000eb0e47e8) 
thrown [src/hotspot/share/interpreter/linkResolver.cpp, line 840]

ZGC Phase Switch (0 events):
No events

VM Operations (20 events):
Event: 4,855 Executing VM operation: HandshakeAllThreads (Deoptimize)
Event: 4,856 Executing VM operation: HandshakeAllThreads (Deoptimize) done
Event: 4,992 Executing VM operation: HandshakeAllThreads (Deoptimize)
Event: 4,992 Executing VM operation: HandshakeAllThreads (Deoptimize) done
Event: 5,201 Executing VM operation: ParallelGCFailedAllocation (Allocation Failure)
Event: 5,212 Executing VM operation: ParallelGCFailedAllocation (Allocation Failure) done
Event: 5,482 Executing VM operation: ParallelGCFailedAllocation (Allocation Failure)
Event: 5,498 Executing VM operation: ParallelGCFailedAllocation (Allocation Failure) done
Event: 5,739 Executing VM operation: ParallelGCFailedAllocation (Allocation Failure)
Event: 5,757 Executing VM operation: ParallelGCFailedAllocation (Allocation Failure) done
Event: 5,827 Executing VM operation: ParallelGCFailedAllocation (Allocation Failure)
Event: 5,848 Executing VM operation: ParallelGCFailedAllocation (Allocation Failure) done
Event: 5,937 Executing VM operation: ParallelGCFailedAllocation (Allocation Failure)
Event: 5,966 Executing VM operation: ParallelGCFailedAllocation (Allocation Failure) done
Event: 6,124 Executing VM operation: ParallelGCFailedAllocation (Allocation Failure)
Event: 6,141 Executing VM operation: ParallelGCFailedAllocation (Allocation Failure) done
Event: 6,285 Executing VM operation: ParallelGCFailedAllocation (Allocation Failure)
Event: 6,294 Executing VM operation: ParallelGCFailedAllocation (Allocation Failure) done
Event: 6,387 Executing VM operation: ParallelGCFailedAllocation (Allocation Failure)
Event: 6,398 Executing VM operation: ParallelGCFailedAllocation (Allocation Failure) done

Memory protections (20 events):
Event: 1,536 Protecting memory [0x00007fb4d9cff000,0x00007fb4d9d03000] with protection modes 0
Event: 1,611 Protecting memory [0x00007fb4f8800000,0x00007fb4f8804000] with protection modes 0
Event: 1,812 Protecting memory [0x00007fb4f8600000,0x00007fb4f8604000] with protection modes 0
Event: 2,068 Protecting memory [0x00007fb4d98fc000,0x00007fb4d9900000] with protection modes 0
Event: 2,097 Protecting memory [0x00007fb4d97fc000,0x00007fb4d9800000] with protection modes 0
Event: 2,517 Protecting memory [0x00007fb4f8800000,0x00007fb4f8804000] with protection modes 0
Event: 2,616 Protecting memory [0x00007fb4d96fc000,0x00007fb4d9700000] with protection modes 0
Event: 2,657 Protecting memory [0x00007fb4d95fc000,0x00007fb4d9600000] with protection modes 0
Event: 3,130 Protecting memory [0x00007fb4d95fc000,0x00007fb4d9600000] with protection modes 0
Event: 3,348 Protecting memory [0x00007fb4d90d2000,0x00007fb4d90d6000] with protection modes 0
Event: 3,349 Protecting memory [0x00007fb4d8fd2000,0x00007fb4d8fd6000] with protection modes 0
Event: 3,578 Protecting memory [0x00007fb4d94fc000,0x00007fb4d9500000] with protection modes 0
Event: 3,581 Protecting memory [0x00007fb4d93fc000,0x00007fb4d9400000] with protection modes 0
Event: 3,589 Protecting memory [0x00007fb4d92fc000,0x00007fb4d9300000] with protection modes 0
Event: 3,593 Protecting memory [0x00007fb4d91fc000,0x00007fb4d9200000] with protection modes 0
Event: 3,594 Protecting memory [0x00007fb4d8ed2000,0x00007fb4d8ed6000] with protection modes 0
Event: 4,357 Protecting memory [0x00007fb4d8dd2000,0x00007fb4d8dd6000] with protection modes 0
Event: 5,230 Protecting memory [0x00007fb4d8cd2000,0x00007fb4d8cd6000] with protection modes 0
Event: 5,319 Protecting memory [0x00007fb4d8bd2000,0x00007fb4d8bd6000] with protection modes 0
Event: 5,324 Protecting memory [0x00007fb4d8ad2000,0x00007fb4d8ad6000] with protection modes 0

Nmethod flushes (20 events):
Event: 4,442 Thread 0x00007fb55416bb00 flushing  nmethod 0x00007fb5421dfc10
Event: 4,442 Thread 0x00007fb55416bb00 flushing  nmethod 0x00007fb5421f1190
Event: 4,442 Thread 0x00007fb55416bb00 flushing  nmethod 0x00007fb5421f2910
Event: 4,442 Thread 0x00007fb55416bb00 flushing  nmethod 0x00007fb542207d90
Event: 4,442 Thread 0x00007fb55416bb00 flushing  nmethod 0x00007fb54220a710
Event: 4,442 Thread 0x00007fb55416bb00 flushing  nmethod 0x00007fb54220b110
Event: 4,442 Thread 0x00007fb55416bb00 flushing  nmethod 0x00007fb542211c10
Event: 4,442 Thread 0x00007fb55416bb00 flushing  nmethod 0x00007fb542238310
Event: 4,442 Thread 0x00007fb55416bb00 flushing  nmethod 0x00007fb542248490
Event: 4,442 Thread 0x00007fb55416bb00 flushing  nmethod 0x00007fb542248d10
Event: 4,442 Thread 0x00007fb55416bb00 flushing  nmethod 0x00007fb542249110
Event: 4,442 Thread 0x00007fb55416bb00 flushing  nmethod 0x00007fb542249e90
Event: 4,442 Thread 0x00007fb55416bb00 flushing  nmethod 0x00007fb54224a290
Event: 4,442 Thread 0x00007fb55416bb00 flushing  nmethod 0x00007fb54224ac10
Event: 4,442 Thread 0x00007fb55416bb00 flushing  nmethod 0x00007fb542253010
Event: 4,442 Thread 0x00007fb55416bb00 flushing  nmethod 0x00007fb542253e10
Event: 4,442 Thread 0x00007fb55416bb00 flushing  nmethod 0x00007fb542259f90
Event: 4,442 Thread 0x00007fb55416bb00 flushing  nmethod 0x00007fb542264190
Event: 4,442 Thread 0x00007fb55416bb00 flushing osr nmethod 0x00007fb54228c390
Event: 4,442 Thread 0x00007fb55416bb00 flushing osr nmethod 0x00007fb5422b8d10

Events (20 events):
Event: 2,094 Thread 0x00007fb5544c9f80 Thread added: 0x00007fb494323f70
Event: 2,401 Thread 0x00007fb4bc344ac0 Thread exited: 0x00007fb4bc344ac0
Event: 2,517 Thread 0x00007fb554185820 Thread added: 0x00007fb4bc373e40
Event: 2,616 Thread 0x00007fb554185820 Thread added: 0x00007fb4bc4d6290
Event: 2,657 Thread 0x00007fb5544c9f80 Thread added: 0x00007fb49460b6f0
Event: 2,814 Thread 0x00007fb49460b6f0 Thread exited: 0x00007fb49460b6f0
Event: 3,129 Thread 0x00007fb55402a7e0 Thread added: 0x00007fb5544f2d60
Event: 3,348 Thread 0x00007fb55402a7e0 Thread added: 0x00007fb554672db0
Event: 3,349 Thread 0x00007fb55402a7e0 Thread added: 0x00007fb554673e50
Event: 3,578 Thread 0x00007fb554673e50 Thread added: 0x00007fb464073470
Event: 3,580 Thread 0x00007fb554673e50 Thread added: 0x00007fb464074fb0
Event: 3,589 Thread 0x00007fb554673e50 Thread added: 0x00007fb464076920
Event: 3,592 Thread 0x00007fb554673e50 Thread added: 0x00007fb464077af0
Event: 3,594 Thread 0x00007fb554673e50 Thread added: 0x00007fb464078d20
Event: 4,356 Thread 0x00007fb494323f70 Thread added: 0x00007fb474001b80
Event: 5,230 Thread 0x00007fb474001b80 Thread added: 0x00007fb44c000f50
Event: 5,319 Thread 0x00007fb494323f70 Thread added: 0x00007fb47408e110
Event: 5,324 Thread 0x00007fb47408e110 Thread added: 0x00007fb43c003480
Event: 5,325 Thread 0x00007fb43c003480 Thread exited: 0x00007fb43c003480
Event: 5,326 Thread 0x00007fb47408e110 Thread exited: 0x00007fb47408e110


Dynamic libraries:
c0000000-c4300000 rw-p 00000000 00:00 0 
c4300000-eab00000 ---p 00000000 00:00 0 
eab00000-ec380000 rw-p 00000000 00:00 0 
ec380000-100000000 ---p 00000000 00:00 0 
55e09555f000-55e095560000 r-xp 00000000 00:21 314622                     /home/gsscala/.vscode/extensions/redhat.java-1.42.0-linux-x64/jre/21.0.7-linux-x86_64/bin/java
55e095561000-55e095562000 r--p 00001000 00:21 314622                     /home/gsscala/.vscode/extensions/redhat.java-1.42.0-linux-x64/jre/21.0.7-linux-x86_64/bin/java
55e095562000-55e095563000 rw-p 00002000 00:21 314622                     /home/gsscala/.vscode/extensions/redhat.java-1.42.0-linux-x64/jre/21.0.7-linux-x86_64/bin/java
55e0bea86000-55e0beacd000 rw-p 00000000 00:00 0                          [heap]
7fb434000000-7fb434021000 rw-p 00000000 00:00 0 
7fb434021000-7fb438000000 ---p 00000000 00:00 0 
7fb43c000000-7fb43c021000 rw-p 00000000 00:00 0 
7fb43c021000-7fb440000000 ---p 00000000 00:00 0 
7fb443200000-7fb44be8c000 r--s 00000000 00:21 240390                     /usr/lib/jvm/java-21-openjdk/lib/modules
7fb44c000000-7fb44c021000 rw-p 00000000 00:00 0 
7fb44c021000-7fb450000000 ---p 00000000 00:00 0 
7fb450000000-7fb450021000 rw-p 00000000 00:00 0 
7fb450021000-7fb454000000 ---p 00000000 00:00 0 
7fb454000000-7fb45408d000 rw-p 00000000 00:00 0 
7fb45408d000-7fb458000000 ---p 00000000 00:00 0 
7fb458000000-7fb4580df000 rw-p 00000000 00:00 0 
7fb4580df000-7fb45c000000 ---p 00000000 00:00 0 
7fb45c000000-7fb45c03f000 rw-p 00000000 00:00 0 
7fb45c03f000-7fb460000000 ---p 00000000 00:00 0 
7fb460000000-7fb4600a7000 rw-p 00000000 00:00 0 
7fb4600a7000-7fb464000000 ---p 00000000 00:00 0 
7fb464000000-7fb4640fa000 rw-p 00000000 00:00 0 
7fb4640fa000-7fb468000000 ---p 00000000 00:00 0 
7fb468000000-7fb468154000 rw-p 00000000 00:00 0 
7fb468154000-7fb46c000000 ---p 00000000 00:00 0 
7fb46c000000-7fb46c021000 rw-p 00000000 00:00 0 
7fb46c021000-7fb470000000 ---p 00000000 00:00 0 
7fb470000000-7fb470021000 rw-p 00000000 00:00 0 
7fb470021000-7fb474000000 ---p 00000000 00:00 0 
7fb474000000-7fb4740d8000 rw-p 00000000 00:00 0 
7fb4740d8000-7fb478000000 ---p 00000000 00:00 0 
7fb478000000-7fb478f25000 rw-p 00000000 00:00 0 
7fb478f25000-7fb47c000000 ---p 00000000 00:00 0 
7fb47c000000-7fb47c021000 rw-p 00000000 00:00 0 
7fb47c021000-7fb480000000 ---p 00000000 00:00 0 
7fb480000000-7fb480063000 rw-p 00000000 00:00 0 
7fb480063000-7fb484000000 ---p 00000000 00:00 0 
7fb484000000-7fb484021000 rw-p 00000000 00:00 0 
7fb484021000-7fb488000000 ---p 00000000 00:00 0 
7fb488000000-7fb488021000 rw-p 00000000 00:00 0 
7fb488021000-7fb48c000000 ---p 00000000 00:00 0 
7fb48c000000-7fb48c021000 rw-p 00000000 00:00 0 
7fb48c021000-7fb490000000 ---p 00000000 00:00 0 
7fb490000000-7fb490021000 rw-p 00000000 00:00 0 
7fb490021000-7fb494000000 ---p 00000000 00:00 0 
7fb494000000-7fb4947b6000 rw-p 00000000 00:00 0 
7fb4947b6000-7fb498000000 ---p 00000000 00:00 0 
7fb498000000-7fb498021000 rw-p 00000000 00:00 0 
7fb498021000-7fb49c000000 ---p 00000000 00:00 0 
7fb49c000000-7fb49c021000 rw-p 00000000 00:00 0 
7fb49c021000-7fb4a0000000 ---p 00000000 00:00 0 
7fb4a0000000-7fb4a0021000 rw-p 00000000 00:00 0 
7fb4a0021000-7fb4a4000000 ---p 00000000 00:00 0 
7fb4a4000000-7fb4a4021000 rw-p 00000000 00:00 0 
7fb4a4021000-7fb4a8000000 ---p 00000000 00:00 0 
7fb4a8000000-7fb4a8021000 rw-p 00000000 00:00 0 
7fb4a8021000-7fb4ac000000 ---p 00000000 00:00 0 
7fb4ac000000-7fb4ac38e000 rw-p 00000000 00:00 0 
7fb4ac38e000-7fb4b0000000 ---p 00000000 00:00 0 
7fb4b0000000-7fb4b0021000 rw-p 00000000 00:00 0 
7fb4b0021000-7fb4b4000000 ---p 00000000 00:00 0 
7fb4b4000000-7fb4b5009000 rw-p 00000000 00:00 0 
7fb4b5009000-7fb4b8000000 ---p 00000000 00:00 0 
7fb4b8000000-7fb4b8021000 rw-p 00000000 00:00 0 
7fb4b8021000-7fb4bc000000 ---p 00000000 00:00 0 
7fb4bc000000-7fb4bc7f3000 rw-p 00000000 00:00 0 
7fb4bc7f3000-7fb4c0000000 ---p 00000000 00:00 0 
7fb4c0000000-7fb4c0021000 rw-p 00000000 00:00 0 
7fb4c0021000-7fb4c4000000 ---p 00000000 00:00 0 
7fb4c4000000-7fb4c4021000 rw-p 00000000 00:00 0 
7fb4c4021000-7fb4c8000000 ---p 00000000 00:00 0 
7fb4c8000000-7fb4c9425000 rw-p 00000000 00:00 0 
7fb4c9425000-7fb4cc000000 ---p 00000000 00:00 0 
7fb4cc000000-7fb4cc021000 rw-p 00000000 00:00 0 
7fb4cc021000-7fb4d0000000 ---p 00000000 00:00 0 
7fb4d0000000-7fb4d0021000 rw-p 00000000 00:00 0 
7fb4d0021000-7fb4d4000000 ---p 00000000 00:00 0 
7fb4d4000000-7fb4d4021000 rw-p 00000000 00:00 0 
7fb4d4021000-7fb4d8000000 ---p 00000000 00:00 0 
7fb4d87ed000-7fb4d8ad2000 rw-p 00000000 00:00 0 
7fb4d8ad2000-7fb4d8ad6000 ---p 00000000 00:00 0 
7fb4d8ad6000-7fb4d8bd2000 rw-p 00000000 00:00 0 
7fb4d8bd2000-7fb4d8bd6000 ---p 00000000 00:00 0 
7fb4d8bd6000-7fb4d8cd2000 rw-p 00000000 00:00 0 
7fb4d8cd2000-7fb4d8cd6000 ---p 00000000 00:00 0 
7fb4d8cd6000-7fb4d8dd2000 rw-p 00000000 00:00 0 
7fb4d8dd2000-7fb4d8dd6000 ---p 00000000 00:00 0 
7fb4d8dd6000-7fb4d8ed2000 rw-p 00000000 00:00 0 
7fb4d8ed2000-7fb4d8ed6000 ---p 00000000 00:00 0 
7fb4d8ed6000-7fb4d8fd2000 rw-p 00000000 00:00 0 
7fb4d8fd2000-7fb4d8fd6000 ---p 00000000 00:00 0 
7fb4d8fd6000-7fb4d90d2000 rw-p 00000000 00:00 0 
7fb4d90d2000-7fb4d90d6000 ---p 00000000 00:00 0 
7fb4d90d6000-7fb4d91d2000 rw-p 00000000 00:00 0 
7fb4d91fc000-7fb4d9200000 ---p 00000000 00:00 0 
7fb4d9200000-7fb4d92fc000 rw-p 00000000 00:00 0 
7fb4d92fc000-7fb4d9300000 ---p 00000000 00:00 0 
7fb4d9300000-7fb4d93fc000 rw-p 00000000 00:00 0 
7fb4d93fc000-7fb4d9400000 ---p 00000000 00:00 0 
7fb4d9400000-7fb4d94fc000 rw-p 00000000 00:00 0 
7fb4d94fc000-7fb4d9500000 ---p 00000000 00:00 0 
7fb4d9500000-7fb4d95fc000 rw-p 00000000 00:00 0 
7fb4d95fc000-7fb4d9600000 ---p 00000000 00:00 0 
7fb4d9600000-7fb4d96fc000 rw-p 00000000 00:00 0 
7fb4d96fc000-7fb4d9700000 ---p 00000000 00:00 0 
7fb4d9700000-7fb4d97fc000 rw-p 00000000 00:00 0 
7fb4d97fc000-7fb4d9800000 ---p 00000000 00:00 0 
7fb4d9800000-7fb4d98fc000 rw-p 00000000 00:00 0 
7fb4d98fc000-7fb4d9900000 ---p 00000000 00:00 0 
7fb4d9900000-7fb4d99fc000 rw-p 00000000 00:00 0 
7fb4d99fc000-7fb4d99fd000 ---p 00000000 00:00 0 
7fb4d99fd000-7fb4d9afd000 rw-p 00000000 00:00 0 
7fb4d9afd000-7fb4d9afe000 ---p 00000000 00:00 0 
7fb4d9afe000-7fb4d9bfe000 rw-p 00000000 00:00 0 
7fb4d9bfe000-7fb4d9bff000 ---p 00000000 00:00 0 
7fb4d9bff000-7fb4d9cff000 rw-p 00000000 00:00 0 
7fb4d9cff000-7fb4d9d03000 ---p 00000000 00:00 0 
7fb4d9d03000-7fb4d9dff000 rw-p 00000000 00:00 0 
7fb4d9dff000-7fb4d9e00000 ---p 00000000 00:00 0 
7fb4d9e00000-7fb4d9f00000 rw-p 00000000 00:00 0 
7fb4d9f00000-7fb4d9f04000 ---p 00000000 00:00 0 
7fb4d9f04000-7fb4da000000 rw-p 00000000 00:00 0 
7fb4da000000-7fb4e7e70000 r--p 00000000 00:21 363990                     /usr/lib/locale/locale-archive
7fb4e7f00000-7fb4e7f04000 ---p 00000000 00:00 0 
7fb4e7f04000-7fb4e8000000 rw-p 00000000 00:00 0 
7fb4e8000000-7fb4e8021000 rw-p 00000000 00:00 0 
7fb4e8021000-7fb4ec000000 ---p 00000000 00:00 0 
7fb4ec000000-7fb4ec021000 rw-p 00000000 00:00 0 
7fb4ec021000-7fb4f0000000 ---p 00000000 00:00 0 
7fb4f0000000-7fb4f0400000 rw-p 00000000 00:00 0 
7fb4f0400000-7fb4f0900000 rw-p 00000000 00:00 0 
7fb4f0900000-7fb4f0d00000 rw-p 00000000 00:00 0 
7fb4f0d00000-7fb4f0e00000 rw-p 00000000 00:00 0 
7fb4f0e00000-7fb4f1500000 rw-p 00000000 00:00 0 
7fb4f1500000-7fb4f1600000 rw-p 00000000 00:00 0 
7fb4f1600000-7fb4f1800000 rw-p 00000000 00:00 0 
7fb4f1800000-7fb4f1d00000 rw-p 00000000 00:00 0 
7fb4f1d00000-7fb4f1d90000 rw-p 00000000 00:00 0 
7fb4f1d90000-7fb4f1e00000 ---p 00000000 00:00 0 
7fb4f1e00000-7fb4f2470000 rw-p 00000000 00:00 0 
7fb4f2470000-7fb4f4000000 ---p 00000000 00:00 0 
7fb4f4000000-7fb4f4021000 rw-p 00000000 00:00 0 
7fb4f4021000-7fb4f8000000 ---p 00000000 00:00 0 
7fb4f80fd000-7fb4f8101000 ---p 00000000 00:00 0 
7fb4f8101000-7fb4f81fd000 rw-p 00000000 00:00 0 
7fb4f81fd000-7fb4f8201000 ---p 00000000 00:00 0 
7fb4f8201000-7fb4f82fd000 rw-p 00000000 00:00 0 
7fb4f82fd000-7fb4f82fe000 ---p 00000000 00:00 0 
7fb4f82fe000-7fb4f83fe000 rw-p 00000000 00:00 0 
7fb4f83fe000-7fb4f83ff000 ---p 00000000 00:00 0 
7fb4f83ff000-7fb4f84ff000 rw-p 00000000 00:00 0 
7fb4f84ff000-7fb4f8500000 ---p 00000000 00:00 0 
7fb4f8500000-7fb4f8600000 rw-p 00000000 00:00 0 
7fb4f8600000-7fb4f8604000 ---p 00000000 00:00 0 
7fb4f8604000-7fb4f8700000 rw-p 00000000 00:00 0 
7fb4f8700000-7fb4f8704000 ---p 00000000 00:00 0 
7fb4f8704000-7fb4f8800000 rw-p 00000000 00:00 0 
7fb4f8800000-7fb4f8804000 ---p 00000000 00:00 0 
7fb4f8804000-7fb4f8900000 rw-p 00000000 00:00 0 
7fb4f8900000-7fb4f8904000 ---p 00000000 00:00 0 
7fb4f8904000-7fb4f8a00000 rw-p 00000000 00:00 0 
7fb4f8a00000-7fb4f8a04000 ---p 00000000 00:00 0 
7fb4f8a04000-7fb4f8b00000 rw-p 00000000 00:00 0 
7fb4f8b00000-7fb4f8b04000 ---p 00000000 00:00 0 
7fb4f8b04000-7fb4f8c00000 rw-p 00000000 00:00 0 
7fb4f8c00000-7fb4f8c04000 ---p 00000000 00:00 0 
7fb4f8c04000-7fb4f8d00000 rw-p 00000000 00:00 0 
7fb4f8d00000-7fb4f8d04000 ---p 00000000 00:00 0 
7fb4f8d04000-7fb4f8e00000 rw-p 00000000 00:00 0 
7fb4f8e00000-7fb4f8e04000 ---p 00000000 00:00 0 
7fb4f8e04000-7fb4f8f00000 rw-p 00000000 00:00 0 
7fb4f8f00000-7fb4f8f04000 ---p 00000000 00:00 0 
7fb4f8f04000-7fb4f9000000 rw-p 00000000 00:00 0 
7fb4f9000000-7fb4f9bb6000 rw-p 00001000 00:21 315035                     /home/gsscala/.vscode/extensions/redhat.java-1.42.0-linux-x64/jre/21.0.7-linux-x86_64/lib/server/classes.jsa
7fb4f9bb6000-7fb4fa000000 ---p 00000000 00:00 0 
7fb4fa000000-7fb4fa040000 rw-p 00000000 00:00 0 
7fb4fa040000-7fb4fa0c0000 rw-p 00000000 00:00 0 
7fb4fa0c0000-7fb4fa100000 rw-p 00000000 00:00 0 
7fb4fa100000-7fb4fa280000 rw-p 00000000 00:00 0 
7fb4fa280000-7fb4fa440000 rw-p 00000000 00:00 0 
7fb4fa440000-7fb4fa450000 rw-p 00000000 00:00 0 
7fb4fa450000-7fb53a000000 ---p 00000000 00:00 0 
7fb53a000000-7fb53c021000 rw-p 00000000 00:00 0 
7fb53c021000-7fb540000000 ---p 00000000 00:00 0 
7fb5400e6000-7fb5400ea000 ---p 00000000 00:00 0 
7fb5400ea000-7fb5401e6000 rw-p 00000000 00:00 0 
7fb5401e6000-7fb5401e7000 ---p 00000000 00:00 0 
7fb5401e7000-7fb5402e7000 rw-p 00000000 00:00 0 
7fb5402e7000-7fb541aff000 rw-p 00000000 00:00 0 
7fb541aff000-7fb541b00000 ---p 00000000 00:00 0 
7fb541b00000-7fb541c00000 rw-p 00000000 00:00 0 
7fb541c00000-7fb541e00000 rw-p 00000000 00:00 0 
7fb541e00000-7fb542710000 rwxp 00000000 00:00 0 
7fb542710000-7fb549337000 ---p 00000000 00:00 0 
7fb549337000-7fb5495a7000 rwxp 00000000 00:00 0 
7fb5495a7000-7fb5498c9000 ---p 00000000 00:00 0 
7fb5498c9000-7fb549b89000 rwxp 00000000 00:00 0 
7fb549b89000-7fb550e00000 ---p 00000000 00:00 0 
7fb550e00000-7fb553fce000 r--s 00000000 00:21 315025                     /home/gsscala/.vscode/extensions/redhat.java-1.42.0-linux-x64/jre/21.0.7-linux-x86_64/lib/modules
7fb554000000-7fb55467e000 rw-p 00000000 00:00 0 
7fb55467e000-7fb558000000 ---p 00000000 00:00 0 
7fb558069000-7fb55806d000 r--p 00000000 00:21 467246                     /home/gsscala/.config/Code/User/globalStorage/redhat.java/1.42.0/config_ss_linux/org.eclipse.equinox.launcher/org.eclipse.equinox.launcher.gtk.linux.x86_64_1.2.1400.v20250331-1702/eclipse_11911.so
7fb55806d000-7fb558077000 r-xp 00004000 00:21 467246                     /home/gsscala/.config/Code/User/globalStorage/redhat.java/1.42.0/config_ss_linux/org.eclipse.equinox.launcher/org.eclipse.equinox.launcher.gtk.linux.x86_64_1.2.1400.v20250331-1702/eclipse_11911.so
7fb558077000-7fb55807a000 r--p 0000e000 00:21 467246                     /home/gsscala/.config/Code/User/globalStorage/redhat.java/1.42.0/config_ss_linux/org.eclipse.equinox.launcher/org.eclipse.equinox.launcher.gtk.linux.x86_64_1.2.1400.v20250331-1702/eclipse_11911.so
7fb55807a000-7fb55807b000 r--p 00010000 00:21 467246                     /home/gsscala/.config/Code/User/globalStorage/redhat.java/1.42.0/config_ss_linux/org.eclipse.equinox.launcher/org.eclipse.equinox.launcher.gtk.linux.x86_64_1.2.1400.v20250331-1702/eclipse_11911.so
7fb55807b000-7fb55807c000 rw-p 00011000 00:21 467246                     /home/gsscala/.config/Code/User/globalStorage/redhat.java/1.42.0/config_ss_linux/org.eclipse.equinox.launcher/org.eclipse.equinox.launcher.gtk.linux.x86_64_1.2.1400.v20250331-1702/eclipse_11911.so
7fb55807c000-7fb55807d000 rw-p 00000000 00:00 0 
7fb55807d000-7fb558084000 r--s 00000000 00:21 364749                     /usr/lib64/gconv/gconv-modules.cache
7fb558084000-7fb5580a9000 r--p 00000000 00:21 363962                     /usr/share/locale/fr/LC_MESSAGES/libc.mo
7fb5580a9000-7fb5580b6000 r-xp 00000000 00:21 315023                     /home/gsscala/.vscode/extensions/redhat.java-1.42.0-linux-x64/jre/21.0.7-linux-x86_64/lib/libverify.so
7fb5580b6000-7fb5580b8000 r--p 0000c000 00:21 315023                     /home/gsscala/.vscode/extensions/redhat.java-1.42.0-linux-x64/jre/21.0.7-linux-x86_64/lib/libverify.so
7fb5580b8000-7fb5580b9000 rw-p 0000e000 00:21 315023                     /home/gsscala/.vscode/extensions/redhat.java-1.42.0-linux-x64/jre/21.0.7-linux-x86_64/lib/libverify.so
7fb5580b9000-7fb5580c5000 r-xp 00000000 00:21 315015                     /home/gsscala/.vscode/extensions/redhat.java-1.42.0-linux-x64/jre/21.0.7-linux-x86_64/lib/libnet.so
7fb5580c5000-7fb5580c6000 r--p 0000b000 00:21 315015                     /home/gsscala/.vscode/extensions/redhat.java-1.42.0-linux-x64/jre/21.0.7-linux-x86_64/lib/libnet.so
7fb5580c6000-7fb5580c7000 rw-p 0000c000 00:21 315015                     /home/gsscala/.vscode/extensions/redhat.java-1.42.0-linux-x64/jre/21.0.7-linux-x86_64/lib/libnet.so
7fb5580c7000-7fb558206000 rw-p 00000000 00:00 0 
7fb558206000-7fb55833a000 ---p 00000000 00:00 0 
7fb55833a000-7fb55833b000 ---p 00000000 00:00 0 
7fb55833b000-7fb55843b000 rw-p 00000000 00:00 0 
7fb55843b000-7fb55845d000 rw-p 00000000 00:00 0 
7fb55845d000-7fb558590000 ---p 00000000 00:00 0 
7fb558590000-7fb55859d000 rw-p 00000000 00:00 0 
7fb55859d000-7fb55863c000 ---p 00000000 00:00 0 
7fb55863c000-7fb558642000 rw-p 00000000 00:00 0 
7fb558642000-7fb558727000 ---p 00000000 00:00 0 
7fb558727000-7fb55873a000 rw-p 00000000 00:00 0 
7fb55873a000-7fb558812000 ---p 00000000 00:00 0 
7fb558812000-7fb558816000 ---p 00000000 00:00 0 
7fb558816000-7fb558912000 rw-p 00000000 00:00 0 
7fb558912000-7fb55898e000 r-xp 00000000 00:21 364071                     /usr/lib64/libm.so.6
7fb55898e000-7fb5589fe000 r--p 0007c000 00:21 364071                     /usr/lib64/libm.so.6
7fb5589fe000-7fb5589ff000 r--p 000eb000 00:21 364071                     /usr/lib64/libm.so.6
7fb5589ff000-7fb558a00000 rw-p 000ec000 00:21 364071                     /usr/lib64/libm.so.6
7fb558a00000-7fb559e0f000 r-xp 00000000 00:21 315037                     /home/gsscala/.vscode/extensions/redhat.java-1.42.0-linux-x64/jre/21.0.7-linux-x86_64/lib/server/libjvm.so
7fb559e0f000-7fb559e10000 ---p 0140f000 00:21 315037                     /home/gsscala/.vscode/extensions/redhat.java-1.42.0-linux-x64/jre/21.0.7-linux-x86_64/lib/server/libjvm.so
7fb559e10000-7fb559ee4000 r--p 0140f000 00:21 315037                     /home/gsscala/.vscode/extensions/redhat.java-1.42.0-linux-x64/jre/21.0.7-linux-x86_64/lib/server/libjvm.so
7fb559ee4000-7fb559f14000 rw-p 014e3000 00:21 315037                     /home/gsscala/.vscode/extensions/redhat.java-1.42.0-linux-x64/jre/21.0.7-linux-x86_64/lib/server/libjvm.so
7fb559f14000-7fb559f7a000 rw-p 00000000 00:00 0 
7fb559f7f000-7fb559f93000 r-xp 00000000 00:21 315016                     /home/gsscala/.vscode/extensions/redhat.java-1.42.0-linux-x64/jre/21.0.7-linux-x86_64/lib/libnio.so
7fb559f93000-7fb559f94000 r--p 00013000 00:21 315016                     /home/gsscala/.vscode/extensions/redhat.java-1.42.0-linux-x64/jre/21.0.7-linux-x86_64/lib/libnio.so
7fb559f94000-7fb559f95000 rw-p 00014000 00:21 315016                     /home/gsscala/.vscode/extensions/redhat.java-1.42.0-linux-x64/jre/21.0.7-linux-x86_64/lib/libnio.so
7fb559f95000-7fb559fb0000 r-xp 00000000 00:21 315024                     /home/gsscala/.vscode/extensions/redhat.java-1.42.0-linux-x64/jre/21.0.7-linux-x86_64/lib/libzip.so
7fb559fb0000-7fb559fb1000 r--p 0001a000 00:21 315024                     /home/gsscala/.vscode/extensions/redhat.java-1.42.0-linux-x64/jre/21.0.7-linux-x86_64/lib/libzip.so
7fb559fb1000-7fb559fb2000 rw-p 0001b000 00:21 315024                     /home/gsscala/.vscode/extensions/redhat.java-1.42.0-linux-x64/jre/21.0.7-linux-x86_64/lib/libzip.so
7fb559fb2000-7fb559fcb000 rw-p 00000000 00:00 0 
7fb559fcb000-7fb559fd2000 ---p 00000000 00:00 0 
7fb559fd2000-7fb559fda000 rw-s 00000000 00:2a 7020                       /tmp/hsperfdata_gsscala/82705
7fb559fda000-7fb559ffa000 r-xp 00000000 00:21 315001                     /home/gsscala/.vscode/extensions/redhat.java-1.42.0-linux-x64/jre/21.0.7-linux-x86_64/lib/libjava.so
7fb559ffa000-7fb559ffb000 ---p 00020000 00:21 315001                     /home/gsscala/.vscode/extensions/redhat.java-1.42.0-linux-x64/jre/21.0.7-linux-x86_64/lib/libjava.so
7fb559ffb000-7fb559ffc000 r--p 00020000 00:21 315001                     /home/gsscala/.vscode/extensions/redhat.java-1.42.0-linux-x64/jre/21.0.7-linux-x86_64/lib/libjava.so
7fb559ffc000-7fb559ffd000 rw-p 00021000 00:21 315001                     /home/gsscala/.vscode/extensions/redhat.java-1.42.0-linux-x64/jre/21.0.7-linux-x86_64/lib/libjava.so
7fb559ffd000-7fb559ffe000 rw-p 00000000 00:00 0 
7fb559ffe000-7fb55a019000 r-xp 00000000 00:21 315005                     /home/gsscala/.vscode/extensions/redhat.java-1.42.0-linux-x64/jre/21.0.7-linux-x86_64/lib/libjimage.so
7fb55a019000-7fb55a01a000 ---p 0001b000 00:21 315005                     /home/gsscala/.vscode/extensions/redhat.java-1.42.0-linux-x64/jre/21.0.7-linux-x86_64/lib/libjimage.so
7fb55a01a000-7fb55a01c000 r--p 0001b000 00:21 315005                     /home/gsscala/.vscode/extensions/redhat.java-1.42.0-linux-x64/jre/21.0.7-linux-x86_64/lib/libjimage.so
7fb55a01c000-7fb55a01d000 rw-p 0001d000 00:21 315005                     /home/gsscala/.vscode/extensions/redhat.java-1.42.0-linux-x64/jre/21.0.7-linux-x86_64/lib/libjimage.so
7fb55a01d000-7fb55a01e000 r-xp 00000000 00:21 364079                     /usr/lib64/librt.so.1
7fb55a01e000-7fb55a01f000 r--p 00001000 00:21 364079                     /usr/lib64/librt.so.1
7fb55a01f000-7fb55a020000 r--p 00001000 00:21 364079                     /usr/lib64/librt.so.1
7fb55a020000-7fb55a023000 rw-p 00000000 00:00 0 
7fb55a023000-7fb55a192000 r-xp 00000000 00:21 364069                     /usr/lib64/libc.so.6
7fb55a192000-7fb55a207000 r--p 0016f000 00:21 364069                     /usr/lib64/libc.so.6
7fb55a207000-7fb55a20b000 r--p 001e3000 00:21 364069                     /usr/lib64/libc.so.6
7fb55a20b000-7fb55a20d000 rw-p 001e7000 00:21 364069                     /usr/lib64/libc.so.6
7fb55a20d000-7fb55a215000 rw-p 00000000 00:00 0 
7fb55a215000-7fb55a216000 r-xp 00000000 00:21 364070                     /usr/lib64/libdl.so.2
7fb55a216000-7fb55a217000 r--p 00001000 00:21 364070                     /usr/lib64/libdl.so.2
7fb55a217000-7fb55a218000 r--p 00001000 00:21 364070                     /usr/lib64/libdl.so.2
7fb55a218000-7fb55a219000 rw-p 00000000 00:00 0 
7fb55a219000-7fb55a21a000 r-xp 00000000 00:21 364077                     /usr/lib64/libpthread.so.0
7fb55a21a000-7fb55a21b000 r--p 00001000 00:21 364077                     /usr/lib64/libpthread.so.0
7fb55a21b000-7fb55a21c000 r--p 00001000 00:21 364077                     /usr/lib64/libpthread.so.0
7fb55a21c000-7fb55a21d000 rw-p 00000000 00:00 0 
7fb55a220000-7fb55a22a000 r-xp 00000000 00:21 314996                     /home/gsscala/.vscode/extensions/redhat.java-1.42.0-linux-x64/jre/21.0.7-linux-x86_64/lib/libinstrument.so
7fb55a22a000-7fb55a22b000 ---p 0000a000 00:21 314996                     /home/gsscala/.vscode/extensions/redhat.java-1.42.0-linux-x64/jre/21.0.7-linux-x86_64/lib/libinstrument.so
7fb55a22b000-7fb55a22c000 r--p 0000a000 00:21 314996                     /home/gsscala/.vscode/extensions/redhat.java-1.42.0-linux-x64/jre/21.0.7-linux-x86_64/lib/libinstrument.so
7fb55a22c000-7fb55a22d000 rw-p 0000b000 00:21 314996                     /home/gsscala/.vscode/extensions/redhat.java-1.42.0-linux-x64/jre/21.0.7-linux-x86_64/lib/libinstrument.so
7fb55a22d000-7fb55a22e000 ---p 00000000 00:00 0 
7fb55a22e000-7fb55a22f000 r--p 00000000 00:00 0 
7fb55a22f000-7fb55a230000 ---p 00000000 00:00 0 
7fb55a230000-7fb55a249000 r-xp 00000000 00:21 315006                     /home/gsscala/.vscode/extensions/redhat.java-1.42.0-linux-x64/jre/21.0.7-linux-x86_64/lib/libjli.so
7fb55a249000-7fb55a24a000 r--p 00018000 00:21 315006                     /home/gsscala/.vscode/extensions/redhat.java-1.42.0-linux-x64/jre/21.0.7-linux-x86_64/lib/libjli.so
7fb55a24a000-7fb55a24b000 rw-p 00019000 00:21 315006                     /home/gsscala/.vscode/extensions/redhat.java-1.42.0-linux-x64/jre/21.0.7-linux-x86_64/lib/libjli.so
7fb55a24b000-7fb55a24d000 rw-p 00000000 00:00 0 
7fb55a24d000-7fb55a24f000 r--p 00000000 00:00 0                          [vvar]
7fb55a24f000-7fb55a251000 r--p 00000000 00:00 0                          [vvar_vclock]
7fb55a251000-7fb55a253000 r-xp 00000000 00:00 0                          [vdso]
7fb55a253000-7fb55a27c000 r-xp 00000000 00:21 364066                     /usr/lib64/ld-linux-x86-64.so.2
7fb55a27c000-7fb55a287000 r--p 00029000 00:21 364066                     /usr/lib64/ld-linux-x86-64.so.2
7fb55a287000-7fb55a289000 r--p 00034000 00:21 364066                     /usr/lib64/ld-linux-x86-64.so.2
7fb55a289000-7fb55a28a000 rw-p 00036000 00:21 364066                     /usr/lib64/ld-linux-x86-64.so.2
7fb55a28a000-7fb55a28b000 rw-p 00000000 00:00 0 
7fff0d4d7000-7fff0d4f9000 rw-p 00000000 00:00 0                          [stack]
ffffffffff600000-ffffffffff601000 --xp 00000000 00:00 0                  [vsyscall]
Total number of mappings: 298


VM Arguments:
jvm_args: --add-modules=ALL-SYSTEM --add-opens=java.base/java.util=ALL-UNNAMED --add-opens=java.base/java.lang=ALL-UNNAMED --add-opens=java.base/sun.nio.fs=ALL-UNNAMED -Declipse.application=org.eclipse.jdt.ls.core.id1 -Dosgi.bundles.defaultStartLevel=4 -Declipse.product=org.eclipse.jdt.ls.core.product -Djava.import.generatesMetadataFilesAtProjectRoot=false -DDetectVMInstallationsJob.disabled=true -Dfile.encoding=utf8 -XX:+UseParallelGC -XX:GCTimeRatio=4 -XX:AdaptiveSizePolicyWeight=90 -Dsun.zip.disableMemoryMapping=true -Xmx1G -Xms100m -Xlog:disable -javaagent:/home/gsscala/.vscode/extensions/redhat.java-1.42.0-linux-x64/lombok/lombok-1.18.36.jar 
java_command: /home/gsscala/.vscode/extensions/redhat.java-1.42.0-linux-x64/server/plugins/org.eclipse.equinox.launcher_1.7.0.v20250424-1814.jar -configuration /home/gsscala/.config/Code/User/globalStorage/redhat.java/1.42.0/config_ss_linux -data /home/gsscala/.config/Code/User/workspaceStorage/01a5893b996b50ce3bf1d6c00a271e04/redhat.java/ss_ws --pipe=/run/user/1000/lsp-3fc2937b79cd540f0fd49e19d8e658ed.sock
java_class_path (initial): /home/gsscala/.vscode/extensions/redhat.java-1.42.0-linux-x64/server/plugins/org.eclipse.equinox.launcher_1.7.0.v20250424-1814.jar
Launcher Type: SUN_STANDARD

[Global flags]
    uintx AdaptiveSizePolicyWeight                 = 90                                        {product} {command line}
     intx CICompilerCount                          = 4                                         {product} {ergonomic}
    uintx GCTimeRatio                              = 4                                         {product} {command line}
   size_t InitialHeapSize                          = 104857600                                 {product} {command line}
   size_t MaxHeapSize                              = 1073741824                                {product} {command line}
   size_t MaxNewSize                               = 357564416                                 {product} {ergonomic}
   size_t MinHeapDeltaBytes                        = 524288                                    {product} {ergonomic}
   size_t MinHeapSize                              = 104857600                                 {product} {command line}
   size_t NewSize                                  = 34603008                                  {product} {ergonomic}
    uintx NonNMethodCodeHeapSize                   = 5839372                                {pd product} {ergonomic}
    uintx NonProfiledCodeHeapSize                  = 122909434                              {pd product} {ergonomic}
   size_t OldSize                                  = 70254592                                  {product} {ergonomic}
    uintx ProfiledCodeHeapSize                     = 122909434                              {pd product} {ergonomic}
    uintx ReservedCodeCacheSize                    = 251658240                              {pd product} {ergonomic}
     bool SegmentedCodeCache                       = true                                      {product} {ergonomic}
   size_t SoftMaxHeapSize                          = 1073741824                             {manageable} {ergonomic}
     bool UseCompressedOops                        = true                           {product lp64_product} {ergonomic}
     bool UseParallelGC                            = true                                      {product} {command line}

Logging:
Log output configuration:
 #0: stdout all=off uptime,level,tags foldmultilines=false
 #1: stderr all=off uptime,level,tags foldmultilines=false

Environment Variables:
PATH=/home/gsscala/.local/bin:/home/gsscala/bin:/usr/local/bin:/usr/local/sbin:/usr/bin:/usr/sbin
USERNAME=gsscala
SHELL=/bin/bash
DISPLAY=:0
LANG=fr_FR.UTF-8
TERM=xterm-256color

Active Locale:
LC_ALL=fr_FR.UTF-8
LC_COLLATE=fr_FR.UTF-8
LC_CTYPE=fr_FR.UTF-8
LC_MESSAGES=fr_FR.UTF-8
LC_MONETARY=fr_FR.UTF-8
LC_NUMERIC=fr_FR.UTF-8
LC_TIME=fr_FR.UTF-8

Signal Handlers:
   SIGSEGV: crash_handler in libjvm.so, mask=11100100010111111101111111111110, flags=SA_RESTART|SA_SIGINFO, unblocked
    SIGBUS: crash_handler in libjvm.so, mask=11100100010111111101111111111110, flags=SA_RESTART|SA_SIGINFO, unblocked
    SIGFPE: crash_handler in libjvm.so, mask=11100100010111111101111111111110, flags=SA_RESTART|SA_SIGINFO, unblocked
   SIGPIPE: javaSignalHandler in libjvm.so, mask=11100100010111111101111111111110, flags=SA_RESTART|SA_SIGINFO, blocked
   SIGXFSZ: javaSignalHandler in libjvm.so, mask=11100100010111111101111111111110, flags=SA_RESTART|SA_SIGINFO, blocked
    SIGILL: crash_handler in libjvm.so, mask=11100100010111111101111111111110, flags=SA_RESTART|SA_SIGINFO, unblocked
   SIGUSR2: SR_handler in libjvm.so, mask=00000000000000000000000000000000, flags=SA_RESTART|SA_SIGINFO, blocked
    SIGHUP: UserHandler in libjvm.so, mask=11100100010111111101111111111110, flags=SA_RESTART|SA_SIGINFO, blocked
    SIGINT: UserHandler in libjvm.so, mask=11100100010111111101111111111110, flags=SA_RESTART|SA_SIGINFO, blocked
   SIGTERM: UserHandler in libjvm.so, mask=11100100010111111101111111111110, flags=SA_RESTART|SA_SIGINFO, blocked
   SIGQUIT: UserHandler in libjvm.so, mask=11100100010111111101111111111110, flags=SA_RESTART|SA_SIGINFO, blocked
   SIGTRAP: crash_handler in libjvm.so, mask=11100100010111111101111111111110, flags=SA_RESTART|SA_SIGINFO, unblocked


Periodic native trim disabled

---------------  S Y S T E M  ---------------

OS:
Fedora release 42 (Adams)
uname: Linux 6.13.11-100.fc40.x86_64 #1 SMP PREEMPT_DYNAMIC Thu Apr 10 19:05:25 UTC 2025 x86_64
OS uptime: 2 days 8:04 hours
libc: glibc 2.41 NPTL 2.41 
rlimit (soft/hard): STACK 8192k/infinity , CORE infinity/infinity , NPROC 61830/61830 , NOFILE 524288/524288 , AS infinity/infinity , CPU infinity/infinity , DATA infinity/infinity , FSIZE infinity/infinity , MEMLOCK 8192k/8192k
load average: 3,66 2,18 1,70

/proc/meminfo:
MemTotal:       15966540 kB
MemFree:         4321268 kB
MemAvailable:   10560864 kB
Buffers:            6428 kB
Cached:          7370852 kB
SwapCached:            0 kB
Active:          6706880 kB
Inactive:        3116336 kB
Active(anon):    3433604 kB
Inactive(anon):        0 kB
Active(file):    3273276 kB
Inactive(file):  3116336 kB
Unevictable:      945120 kB
Mlocked:            5848 kB
SwapTotal:       9388024 kB
SwapFree:        9388024 kB
Zswap:                 0 kB
Zswapped:              0 kB
Dirty:             12356 kB
Writeback:             0 kB
AnonPages:       3391384 kB
Mapped:           773824 kB
Shmem:            982748 kB
KReclaimable:     193968 kB
Slab:             413952 kB
SReclaimable:     193968 kB
SUnreclaim:       219984 kB
KernelStack:       21600 kB
PageTables:        53024 kB
SecPageTables:         0 kB
NFS_Unstable:          0 kB
Bounce:                0 kB
WritebackTmp:          0 kB
CommitLimit:    17371292 kB
Committed_AS:   16036944 kB
VmallocTotal:   34359738367 kB
VmallocUsed:       88124 kB
VmallocChunk:          0 kB
Percpu:             8096 kB
HardwareCorrupted:     0 kB
AnonHugePages:         0 kB
ShmemHugePages:        0 kB
ShmemPmdMapped:        0 kB
FileHugePages:         0 kB
FilePmdMapped:         0 kB
CmaTotal:              0 kB
CmaFree:               0 kB
Unaccepted:            0 kB
HugePages_Total:       0
HugePages_Free:        0
HugePages_Rsvd:        0
HugePages_Surp:        0
Hugepagesize:       2048 kB
Hugetlb:               0 kB
DirectMap4k:      253540 kB
DirectMap2M:     3543040 kB
DirectMap1G:    13631488 kB

/sys/kernel/mm/transparent_hugepage/enabled: always [madvise] never
/sys/kernel/mm/transparent_hugepage/hpage_pmd_size: 2097152
/sys/kernel/mm/transparent_hugepage/defrag (defrag/compaction efforts parameter): always defer defer+madvise [madvise] never

Process Memory:
Virtual Size: 5738840K (peak: 5801412K)
Resident Set Size: 242832K (peak: 242832K) (anon: 206720K, file: 36112K, shmem: 0K)
Swapped out: 0K
C-Heap outstanding allocations: 74915K, retained: 35480K
glibc malloc tunables: (default)

/proc/sys/kernel/threads-max (system-wide limit on the number of threads): 123660
/proc/sys/vm/max_map_count (maximum number of memory map areas a process may have): 1048576
/proc/sys/vm/swappiness (control to define how aggressively the kernel swaps out anonymous memory): 60
/proc/sys/kernel/pid_max (system-wide limit on number of process identifiers): 4194304

container (cgroup) information:
container_type: cgroupv2
cpu_cpuset_cpus: not supported
cpu_memory_nodes: not supported
active_processor_count: 8
cpu_quota: no quota
cpu_period: 100000
cpu_shares: 8192
memory_limit_in_bytes: unlimited
memory_and_swap_limit_in_bytes: unlimited
memory_soft_limit_in_bytes: unlimited
memory_usage_in_bytes: 1568968 k
memory_max_usage_in_bytes: not supported
memory_swap_current_in_bytes: unlimited
memory_swap_max_limit_in_bytes: unlimited
maximum number of tasks: 18549
current number of tasks: 247

Steal ticks since vm start: 0
Steal ticks percentage since vm start:  0,000

CPU: total 8 (initial active 8) (4 cores per cpu, 2 threads per core) family 6 model 142 stepping 12 microcode 0xfc, cx8, cmov, fxsr, ht, mmx, 3dnowpref, sse, sse2, sse3, ssse3, sse4.1, sse4.2, popcnt, lzcnt, tsc, tscinvbit, avx, avx2, aes, erms, clmul, bmi1, bmi2, adx, fma, vzeroupper, clflush, clflushopt, rdtscp, f16c
CPU Model and flags from /proc/cpuinfo:
model name	: Intel(R) Core(TM) i7-10510U CPU @ 1.80GHz
flags		: fpu vme de pse tsc msr pae mce cx8 apic sep mtrr pge mca cmov pat pse36 clflush dts acpi mmx fxsr sse sse2 ss ht tm pbe syscall nx pdpe1gb rdtscp lm constant_tsc art arch_perfmon pebs bts rep_good nopl xtopology nonstop_tsc cpuid aperfmperf pni pclmulqdq dtes64 monitor ds_cpl est tm2 ssse3 sdbg fma cx16 xtpr pdcm pcid sse4_1 sse4_2 x2apic movbe popcnt tsc_deadline_timer aes xsave avx f16c rdrand lahf_lm abm 3dnowprefetch cpuid_fault epb ssbd ibrs ibpb stibp ibrs_enhanced fsgsbase tsc_adjust sgx bmi1 avx2 smep bmi2 erms invpcid mpx rdseed adx smap clflushopt intel_pt xsaveopt xsavec xgetbv1 xsaves dtherm ida arat pln pts hwp hwp_notify hwp_act_window hwp_epp md_clear flush_l1d arch_capabilities

Online cpus: 0-7
Offline cpus: 
BIOS frequency limitation: <Not Available>
Frequency switch latency (ns): 0
Available cpu frequencies: <Not Available>
Current governor: powersave
Core performance/turbo boost: <Not Available>

Memory: 4k page, physical 15966540k(10560864k free), swap 9388024k(9388024k free)
Page Sizes: 4k

vm_info: OpenJDK 64-Bit Server VM (21.0.7+6-LTS) for linux-amd64 JRE (21.0.7+6-LTS), built on 2025-04-15T00:00:00Z by "admin" with gcc 11.3.0

END.
