#
# A fatal error has been detected by the Java Runtime Environment:
#
#  SIGSEGV (0xb) at pc=0x00007f3f19bf063d, pid=96590, tid=96591
#
# JRE version: OpenJDK Runtime Environment Temurin-21.0.7+6 (21.0.7+6) (build 21.0.7+6-LTS)
# Java VM: OpenJDK 64-Bit Server VM Temurin-21.0.7+6 (21.0.7+6-LTS, mixed mode, sharing, tiered, compressed oops, compressed class ptrs, g1 gc, linux-amd64)
# Problematic frame:
# V  [libjvm.so+0x5f063d]  AccessInternal::PostRuntimeDispatch<G1BarrierSet::AccessBarrier<286822ul, G1BarrierSet>, (AccessInternal::BarrierType)1, 286822ul>::oop_access_barrier(oopDesc*, long, oopDesc*)+0x4d
#
# Core dump will be written. Default location: Core dumps may be processed with "/usr/lib/systemd/systemd-coredump %P %u %g %s %t %c %h" (or dumping to /home/gsscala/Documents/code/github/mc-322/core.96590)
#
# If you would like to submit a bug report, please visit:
#   https://github.com/adoptium/adoptium-support/issues
#

---------------  S U M M A R Y ------------

Command Line: -Dapplication.home=/home/gsscala/.vscode/extensions/redhat.java-1.42.0-linux-x64/jre/21.0.7-linux-x86_64 -Xms8m -Djdk.module.main=jdk.jcmd jdk.jcmd/sun.tools.jcmd.JCmd 85290 VM.uptime

Host: Intel(R) Core(TM) i7-10510U CPU @ 1.80GHz, 8 cores, 15G, Fedora release 42 (Adams)
Time: Wed May 28 00:59:41 2025 -03 elapsed time: 0.279377 seconds (0d 0h 0m 0s)

---------------  T H R E A D  ---------------

Current thread (0x00007f3f1402b670):  JavaThread "main"             [_thread_in_vm, id=96591, stack(0x00007f3f19500000,0x00007f3f19600000) (1024K)]

Stack: [0x00007f3f19500000,0x00007f3f19600000],  sp=0x00007f3f195fdc80,  free space=1015k
Native frames: (J=compiled Java code, j=interpreted, Vv=VM code, C=native code)
V  [libjvm.so+0x5f063d]  AccessInternal::PostRuntimeDispatch<G1BarrierSet::AccessBarrier<286822ul, G1BarrierSet>, (AccessInternal::BarrierType)1, 286822ul>::oop_access_barrier(oopDesc*, long, oopDesc*)+0x4d
V  [libjvm.so+0x925634]  java_lang_Class::restore_archived_mirror(Klass*, Handle, Handle, Handle, JavaThread*)+0x244
V  [libjvm.so+0xb4cf2e]  Klass::restore_unshareable_info(ClassLoaderData*, Handle, JavaThread*)+0x27e
V  [libjvm.so+0x8e3a41]  InstanceKlass::restore_unshareable_info(ClassLoaderData*, Handle, PackageEntry*, JavaThread*)+0x51
V  [libjvm.so+0xf35c1a]  SystemDictionary::load_shared_class(InstanceKlass*, Handle, Handle, ClassFileStream const*, PackageEntry*, JavaThread*)+0x17a
V  [libjvm.so+0xf3629d]  SystemDictionary::load_instance_class_impl(Symbol*, Handle, JavaThread*)+0x4fd
V  [libjvm.so+0xf3444c]  SystemDictionary::load_instance_class(Symbol*, Handle, JavaThread*)+0x1c
V  [libjvm.so+0xf34c9a]  SystemDictionary::resolve_instance_class_or_null(Symbol*, Handle, Handle, JavaThread*)+0x6ca
V  [libjvm.so+0xf3638e]  SystemDictionary::resolve_or_fail(Symbol*, Handle, Handle, bool, JavaThread*)+0x5e
V  [libjvm.so+0x69d6e7]  ConstantPool::klass_at_impl(constantPoolHandle const&, int, JavaThread*)+0x157
V  [libjvm.so+0x90654c]  InterpreterRuntime::_new(JavaThread*, ConstantPool*, int)+0x6c
j  java.util.regex.Pattern$Start.<init>(Ljava/util/regex/Pattern$Node;)V+9 java.base@21.0.7
j  java.util.regex.Pattern.compile()V+433 java.base@21.0.7
j  java.util.regex.Pattern.<init>(Ljava/lang/String;I)V+108 java.base@21.0.7
j  java.util.regex.Pattern.compile(Ljava/lang/String;)Ljava/util/regex/Pattern;+6 java.base@21.0.7
j  java.lang.String.split(Ljava/lang/String;IZ)[Ljava/lang/String;+121 java.base@21.0.7
j  java.lang.String.split(Ljava/lang/String;)[Ljava/lang/String;+4 java.base@21.0.7
j  sun.tools.attach.VirtualMachineImpl.getNamespacePid(I)I+109 jdk.attach@21.0.7
j  sun.tools.attach.VirtualMachineImpl.<init>(Lcom/sun/tools/attach/spi/AttachProvider;Ljava/lang/String;)V+32 jdk.attach@21.0.7
j  sun.tools.attach.AttachProviderImpl.attachVirtualMachine(Ljava/lang/String;)Lcom/sun/tools/attach/VirtualMachine;+15 jdk.attach@21.0.7
j  com.sun.tools.attach.VirtualMachine.attach(Ljava/lang/String;)Lcom/sun/tools/attach/VirtualMachine;+69 jdk.attach@21.0.7
j  sun.tools.jcmd.JCmd.executeCommandForPid(Ljava/lang/String;Ljava/lang/String;)V+1 jdk.jcmd@21.0.7
j  sun.tools.jcmd.JCmd.main([Ljava/lang/String;)V+255 jdk.jcmd@21.0.7
v  ~StubRoutines::call_stub 0x00007f3f09337cc6
V  [libjvm.so+0x911545]  JavaCalls::call_helper(JavaValue*, methodHandle const&, JavaCallArguments*, JavaThread*)+0x2e5
V  [libjvm.so+0x9bb6d0]  jni_invoke_static(JNIEnv_*, JavaValue*, _jobject*, JNICallType, _jmethodID*, JNI_ArgumentPusher*, JavaThread*) [clone .constprop.1]+0x390
V  [libjvm.so+0x9be5b7]  jni_CallStaticVoidMethod+0x167
C  [libjli.so+0xa6d4]  JavaMain+0x1054
C  [libjli.so+0xd259]  ThreadJavaMain+0x9
C  [libc.so.6+0x70f14]  start_thread+0x2e4
Java frames: (J=compiled Java code, j=interpreted, Vv=VM code)
j  java.util.regex.Pattern$Start.<init>(Ljava/util/regex/Pattern$Node;)V+9 java.base@21.0.7
j  java.util.regex.Pattern.compile()V+433 java.base@21.0.7
j  java.util.regex.Pattern.<init>(Ljava/lang/String;I)V+108 java.base@21.0.7
j  java.util.regex.Pattern.compile(Ljava/lang/String;)Ljava/util/regex/Pattern;+6 java.base@21.0.7
j  java.lang.String.split(Ljava/lang/String;IZ)[Ljava/lang/String;+121 java.base@21.0.7
j  java.lang.String.split(Ljava/lang/String;)[Ljava/lang/String;+4 java.base@21.0.7
j  sun.tools.attach.VirtualMachineImpl.getNamespacePid(I)I+109 jdk.attach@21.0.7
j  sun.tools.attach.VirtualMachineImpl.<init>(Lcom/sun/tools/attach/spi/AttachProvider;Ljava/lang/String;)V+32 jdk.attach@21.0.7
j  sun.tools.attach.AttachProviderImpl.attachVirtualMachine(Ljava/lang/String;)Lcom/sun/tools/attach/VirtualMachine;+15 jdk.attach@21.0.7
j  com.sun.tools.attach.VirtualMachine.attach(Ljava/lang/String;)Lcom/sun/tools/attach/VirtualMachine;+69 jdk.attach@21.0.7
j  sun.tools.jcmd.JCmd.executeCommandForPid(Ljava/lang/String;Ljava/lang/String;)V+1 jdk.jcmd@21.0.7
j  sun.tools.jcmd.JCmd.main([Ljava/lang/String;)V+255 jdk.jcmd@21.0.7
v  ~StubRoutines::call_stub 0x00007f3f09337cc6

siginfo: si_signo: 11 (SIGSEGV), si_code: 2 (SEGV_ACCERR), si_addr: 0x00000007ffcb5574

Registers:
RAX=0x00000000e1958f2c, RBX=0x00000007ffcb5574, RCX=0x0000000000000003, RDX=0x00007f3f1ab1a980
RSP=0x00007f3f195fdc80, RBP=0x00007f3f195fdca0, RSI=0x000000000000006c, RDI=0x00000007ffcb5508
R8 =0x0000000000000002, R9 =0x0000000000000000, R10=0x0000000000000000, R11=0x00007f3f1af35000
R12=0x00000000e1958f2c, R13=0x00007f3f14048c60, R14=0x00007f3f1402b670, R15=0x0000000000000000
RIP=0x00007f3f19bf063d, EFLAGS=0x0000000000010202, CSGSFS=0x002b000000000033, ERR=0x0000000000000006
  TRAPNO=0x000000000000000e

XMM[0]=0x00007f3f1402b670 0x00007f3f195fdc50
XMM[1]=0x00007f3f1402bdc0 0x00007f3f1402bdb0
XMM[2]=0x00ffffffffffffff 0xffffffffffffffff
XMM[3]=0x0000000000000000 0x00007f3f140d65d0
XMM[4]=0x0000000000000000 0x00007f3f1402b670
XMM[5]=0x0000000000000000 0x00007f3f1402b670
XMM[6]=0x0000000000000000 0x00007f3f1402b670
XMM[7]=0x0000000000000000 0x00007f3f1402b670
XMM[8]=0x0000000000000000 0x090001400c020005
XMM[9]=0x0000000000000000 0x0000000000000000
XMM[10]=0x0000000000000000 0x0000000000000000
XMM[11]=0x0000000000000000 0x9999999999999999
XMM[12]=0x0000000000000000 0x2020202020202020
XMM[13]=0x0000000000000000 0x0000000000000000
XMM[14]=0x0000000000000000 0x0000000000000000
XMM[15]=0x0000000000000000 0x0000000000000000
  MXCSR=0x00001fa2


Register to memory mapping:

RAX=3784675116 is a compressed pointer to object: [I 
{0x000000070cac7960} - klass: {type array int}
 - length: 0
RBX=0x00000007ffcb5574 is an unallocated location in the heap
RCX=0x0000000000000003 is an unknown value
RDX=0x00007f3f1ab1a980: <offset 0x000000000151a980> in /home/gsscala/.vscode/extensions/redhat.java-1.42.0-linux-x64/jre/21.0.7-linux-x86_64/lib/server/libjvm.so at 0x00007f3f19600000
RSP=0x00007f3f195fdc80 is pointing into the stack for thread: 0x00007f3f1402b670
RBP=0x00007f3f195fdca0 is pointing into the stack for thread: 0x00007f3f1402b670
RSI=0x000000000000006c is an unknown value
RDI=0x00000007ffcb5508 is an unallocated location in the heap
R8 =0x0000000000000002 is an unknown value
R9 =0x0 is null
R10=0x0 is null
R11=0x00007f3f1af35000 points into unknown readable memory: 0x0000000103bee530 | 30 e5 be 03 01 00 00 00
R12=3784675116 is a compressed pointer to object: [I 
{0x000000070cac7960} - klass: {type array int}
 - length: 0
R13=0x00007f3f14048c60 points into unknown readable memory: 0x00007f3f1aad6948 | 48 69 ad 1a 3f 7f 00 00
R14=0x00007f3f1402b670 is a thread
R15=0x0 is null

Top of Stack: (sp=0x00007f3f195fdc80)
0x00007f3f195fdc80:   00007f3f1402c1f8 00007f3e9f338b50
0x00007f3f195fdc90:   0000000000000001 00007f3f1402b670
0x00007f3f195fdca0:   00007f3f195fdd10 00007f3f19f25634
0x00007f3f195fdcb0:   00007f3e9f3334f0 00007f3e9f3334f0
0x00007f3f195fdcc0:   0000000000000000 00007f3f1a39161f
0x00007f3f195fdcd0:   00007f3f1402c1f0 0000000000000000
0x00007f3f195fdce0:   00007f3f195fdd00 00007f3f1402b670
0x00007f3f195fdcf0:   00007f3e9f338b50 0000000000000000
0x00007f3f195fdd00:   00007f3f1402c1f0 00007f3f1402bd70
0x00007f3f195fdd10:   00007f3f195fdd90 00007f3f1a14cf2e
0x00007f3f195fdd20:   00007f3f1402bdb0 00007f3f1402bdc0
0x00007f3f195fdd30:   00007f3f1402c198 0000000000000000
0x00007f3f195fdd40:   00000000000003d8 00007f3f1402bdc0
0x00007f3f195fdd50:   00007f3f1402bdb0 0000000000000000
0x00007f3f195fdd60:   00000000000003d8 00007f3f1402b670
0x00007f3f195fdd70:   00007f3e9f338b50 00007f3f140d65d0
0x00007f3f195fdd80:   0000000000000000 00007f3f195fde20
0x00007f3f195fdd90:   00007f3f195fddf0 00007f3f19ee3a41
0x00007f3f195fdda0:   00007f3e9f9f9618 00007f3f1402b670
0x00007f3f195fddb0:   0000000100000000 751097d4863b6200
0x00007f3f195fddc0:   000000000000000c 00007f3e9f338b50
0x00007f3f195fddd0:   00007f3e9f338b50 00007f3f1402b670
0x00007f3f195fdde0:   0000000000000000 00007f3f14109d90
0x00007f3f195fddf0:   00007f3f195fdeb0 00007f3f1a535c1a
0x00007f3f195fde00:   0000000000000050 00007f3f195fde40
0x00007f3f195fde10:   00007f3f140d65d0 0000000000000000
0x00007f3f195fde20:   00007f3f1402b670 0000000000000000
0x00007f3f195fde30:   00007f3e9fb9ea40 000000000000000f
0x00007f3f195fde40:   00007f3f1402b670 00007f3f1402c1a0
0x00007f3f195fde50:   00007f3f1402c1e0 00007f3f1402c1f0
0x00007f3f195fde60:   00007f3f1402c2c8 00000000000000d8
0x00007f3f195fde70:   00007f3f195fe0b0 00007f3f1402bd70 

Instructions: (pc=0x00007f3f19bf063d)
0x00007f3f19bf053d:   00 00 eb c6 0f 1f 80 00 00 00 00 48 8d 05 21 04
0x00007f3f19bf054d:   00 00 eb b6 0f 1f 80 00 00 00 00 48 8d 05 d1 fe
0x00007f3f19bf055d:   ff ff eb a6 0f 1f 80 00 00 00 00 48 8d 05 41 07
0x00007f3f19bf056d:   00 00 eb 96 0f 1f 80 00 00 00 00 48 8d 05 d1 fe
0x00007f3f19bf057d:   ff ff eb 86 0f 1f 80 00 00 00 00 48 8d 05 f1 fe
0x00007f3f19bf058d:   ff ff e9 73 ff ff ff 0f 1f 40 00 48 8d 05 11 01
0x00007f3f19bf059d:   00 00 e9 63 ff ff ff 0f 1f 40 00 48 8d 05 31 02
0x00007f3f19bf05ad:   00 00 e9 53 ff ff ff 0f 1f 40 00 48 8d 05 d1 fe
0x00007f3f19bf05bd:   ff ff e9 43 ff ff ff 48 8d 05 85 89 ef 00 48 8d
0x00007f3f19bf05cd:   0d 16 a5 b5 00 ba e2 00 00 00 48 8d 35 42 a5 b5
0x00007f3f19bf05dd:   00 bf 00 00 00 e0 48 8b 00 c6 00 58 31 c0 e8 90
0x00007f3f19bf05ed:   b0 0c 00 55 48 8d 05 d8 93 f2 00 48 89 e5 41 56
0x00007f3f19bf05fd:   41 55 41 54 49 89 d4 53 4c 8b 28 48 8d 1c 37 41
0x00007f3f19bf060d:   80 bd 18 06 00 00 00 74 06 8b 03 85 c0 75 44 31
0x00007f3f19bf061d:   c0 4d 85 e4 74 13 48 8d 05 66 88 ef 00 8b 48 08
0x00007f3f19bf062d:   4c 2b 20 49 d3 ec 4c 89 e0 48 8d 15 43 a3 f2 00
0x00007f3f19bf063d:   89 03 49 8b 45 48 8b 0a 48 8b 70 30 48 d3 eb 48
0x00007f3f19bf064d:   01 de 0f b6 06 3c 02 75 4a 5b 41 5c 41 5d 41 5e
0x00007f3f19bf065d:   5d c3 90 41 89 c6 48 8d 05 26 88 ef 00 8b 48 08
0x00007f3f19bf066d:   49 d3 e6 4c 03 30 66 48 8d 3d 45 2d ef 00 66 66
0x00007f3f19bf067d:   48 e8 1d 21 cb ff 49 8d bd f0 04 00 00 4c 89 f2
0x00007f3f19bf068d:   48 8b 30 48 83 c6 28 e8 f7 a1 7c 00 eb 81 0f 1f
0x00007f3f19bf069d:   44 00 00 5b 4c 89 ef 41 5c 41 5d 41 5e 5d e9 20
0x00007f3f19bf06ad:   67 1c 00 55 48 8d 05 18 93 f2 00 48 89 e5 41 56
0x00007f3f19bf06bd:   41 55 41 54 49 89 d4 53 4c 8b 28 48 8d 1c 37 41
0x00007f3f19bf06cd:   80 bd 18 06 00 00 00 74 2e 4c 8b 33 4d 85 f6 74
0x00007f3f19bf06dd:   26 66 48 8d 3d da 2c ef 00 66 66 48 e8 b2 20 cb
0x00007f3f19bf06ed:   ff 49 8d bd f0 04 00 00 4c 89 f2 48 8b 30 48 83
0x00007f3f19bf06fd:   c6 28 e8 8c a1 7c 00 48 8d 15 75 a2 f2 00 4c 89
0x00007f3f19bf070d:   23 49 8b 45 48 8b 0a 48 8b 70 30 48 d3 eb 48 01
0x00007f3f19bf071d:   de 0f b6 06 3c 02 75 0b 5b 41 5c 41 5d 41 5e 5d
0x00007f3f19bf072d:   c3 66 90 5b 4c 89 ef 41 5c 41 5d 41 5e 5d e9 90 


Stack slot to memory mapping:

stack at sp + 0 slots: 0x00007f3f1402c1f8 points into unknown readable memory: 0x00000007ffcb5508 | 08 55 cb ff 07 00 00 00
stack at sp + 1 slots: 0x00007f3e9f338b50 is a pointer to class: 
java.util.regex.Pattern$TreeInfo {0x00007f3e9f338b50}
 - instance size:     3
 - klass size:        63
 - access:            final synchronized 
 - flags:             rewritten has_nonstatic_fields is_shared_boot_class 
 - state:             allocated
 - name:              'java/util/regex/Pattern$TreeInfo'
 - super:             'java/lang/Object'
 - sub:               
 - arrays:            null
 - methods:           Array<T>(0x00007f3e9f9fdef0)
 - method ordering:   Array<T>(0x00007f3e9f9fdfa0)
 - local interfaces:  Array<T>(0x00007f3e9f616348)
 - trans. interfaces: Array<T>(0x00007f3e9f616348)
 - constants:         constant pool [38] {0x00007f3e9f9fdd60} for 'java/util/regex/Pattern$TreeInfo' cache=0x00007f3e9f338d78
 - class loader data:  loader data: 0x00007f3f140d65d0 of 'bootstrap'
 - inner classes:     Array<T>(0x00007f3e9f9fded8)
 - nest members:     Array<T>(0x00007f3e9f6162d0)
 - permitted subclasses:     Array<T>(0x00007f3e9f6162d0)
 - java mirror:       null
 - vtable length      5  (start addr: 0x00007f3e9f338d10)
 - itable length      2 (start addr: 0x00007f3e9f338d38)
 - ---- static fields (0 words):
 - ---- non-static fields (3 words):
 - 'minLength' 'I' @12 
 - 'maxLength' 'I' @16 
 - 'maxValid' 'Z' @20 
 - 'deterministic' 'Z' @21 
 - non-static oop maps: 
stack at sp + 2 slots: 0x0000000000000001 is an unknown value
stack at sp + 3 slots: 0x00007f3f1402b670 is a thread
stack at sp + 4 slots: 0x00007f3f195fdd10 is pointing into the stack for thread: 0x00007f3f1402b670
stack at sp + 5 slots: 0x00007f3f19f25634: <offset 0x0000000000925634> in /home/gsscala/.vscode/extensions/redhat.java-1.42.0-linux-x64/jre/21.0.7-linux-x86_64/lib/server/libjvm.so at 0x00007f3f19600000
stack at sp + 6 slots: 0x00007f3e9f3334f0 is a pointer to class: 
java.util.regex.Pattern$Node {0x00007f3e9f3334f0}
 - instance size:     2
 - klass size:        66
 - access:            synchronized 
 - flags:             rewritten has_nonstatic_fields is_shared_boot_class 
 - state:             fully_initialized
 - name:              'java/util/regex/Pattern$Node'
 - super:             'java/lang/Object'
 - sub:               'java/util/regex/Pattern$Start'   'java/util/regex/Pattern$First'   'java/util/regex/Pattern$Dollar'   'java/util/regex/Pattern$Begin'   (6 more klasses...)
 - arrays:            'java/util/regex/Pattern$Node'[]
 - methods:           Array<T>(0x00007f3e9f9f98c8)
 - method ordering:   Array<T>(0x00007f3e9f9f9930)
 - local interfaces:  Array<T>(0x00007f3e9f616348)
 - trans. interfaces: Array<T>(0x00007f3e9f616348)
 - constants:         constant pool [61] {0x00007f3e9f9f9618} for 'java/util/regex/Pattern$Node' cache=0x00007f3e9f3337a0
 - class loader data:  loader data: 0x00007f3f140d65d0 of 'bootstrap'
 - inner classes:     Array<T>(0x00007f3e9f9f98a8)
 - nest members:     Array<T>(0x00007f3e9f6162d0)
 - permitted subclasses:     Array<T>(0x00007f3e9f6162d0)
 - java mirror:       a 'java/lang/Class'{0x00000007ffeb4cc8} = 'java/util/regex/Pattern$Node'
 - vtable length      7  (start addr: 0x00007f3e9f3336b0)
 - itable length      2 (start addr: 0x00007f3e9f3336e8)
 - ---- static fields (0 words):
 - ---- non-static fields (1 words):
 - 'next' 'Ljava/util/regex/Pattern$Node;' @12 
 - non-static oop maps: 12-12 
stack at sp + 7 slots: 0x00007f3e9f3334f0 is a pointer to class: 
java.util.regex.Pattern$Node {0x00007f3e9f3334f0}
 - instance size:     2
 - klass size:        66
 - access:            synchronized 
 - flags:             rewritten has_nonstatic_fields is_shared_boot_class 
 - state:             fully_initialized
 - name:              'java/util/regex/Pattern$Node'
 - super:             'java/lang/Object'
 - sub:               'java/util/regex/Pattern$Start'   'java/util/regex/Pattern$First'   'java/util/regex/Pattern$Dollar'   'java/util/regex/Pattern$Begin'   (6 more klasses...)
 - arrays:            'java/util/regex/Pattern$Node'[]
 - methods:           Array<T>(0x00007f3e9f9f98c8)
 - method ordering:   Array<T>(0x00007f3e9f9f9930)
 - local interfaces:  Array<T>(0x00007f3e9f616348)
 - trans. interfaces: Array<T>(0x00007f3e9f616348)
 - constants:         constant pool [61] {0x00007f3e9f9f9618} for 'java/util/regex/Pattern$Node' cache=0x00007f3e9f3337a0
 - class loader data:  loader data: 0x00007f3f140d65d0 of 'bootstrap'
 - inner classes:     Array<T>(0x00007f3e9f9f98a8)
 - nest members:     Array<T>(0x00007f3e9f6162d0)
 - permitted subclasses:     Array<T>(0x00007f3e9f6162d0)
 - java mirror:       a 'java/lang/Class'{0x00000007ffeb4cc8} = 'java/util/regex/Pattern$Node'
 - vtable length      7  (start addr: 0x00007f3e9f3336b0)
 - itable length      2 (start addr: 0x00007f3e9f3336e8)
 - ---- static fields (0 words):
 - ---- non-static fields (1 words):
 - 'next' 'Ljava/util/regex/Pattern$Node;' @12 
 - non-static oop maps: 12-12 


---------------  P R O C E S S  ---------------

Threads class SMR info:
_java_thread_list=0x00007f3e680f8c80, length=11, elements={
0x00007f3f1402b670, 0x00007f3f140f8610, 0x00007f3f140f9a30, 0x00007f3f140fb070,
0x00007f3f140fc6a0, 0x00007f3f140fdc30, 0x00007f3f140ff760, 0x00007f3f14100e10,
0x00007f3f14134f80, 0x00007f3f1413eb00, 0x00007f3e680f7c30
}

Java Threads: ( => current thread )
=>0x00007f3f1402b670 JavaThread "main"                              [_thread_in_vm, id=96591, stack(0x00007f3f19500000,0x00007f3f19600000) (1024K)]
  0x00007f3f140f8610 JavaThread "Reference Handler"          daemon [_thread_blocked, id=96599, stack(0x00007f3efcb8a000,0x00007f3efcc8a000) (1024K)]
  0x00007f3f140f9a30 JavaThread "Finalizer"                  daemon [_thread_blocked, id=96600, stack(0x00007f3efca8a000,0x00007f3efcb8a000) (1024K)]
  0x00007f3f140fb070 JavaThread "Signal Dispatcher"          daemon [_thread_blocked, id=96601, stack(0x00007f3efc98a000,0x00007f3efca8a000) (1024K)]
  0x00007f3f140fc6a0 JavaThread "Service Thread"             daemon [_thread_blocked, id=96602, stack(0x00007f3efc88a000,0x00007f3efc98a000) (1024K)]
  0x00007f3f140fdc30 JavaThread "Monitor Deflation Thread"   daemon [_thread_blocked, id=96603, stack(0x00007f3efc78a000,0x00007f3efc88a000) (1024K)]
  0x00007f3f140ff760 JavaThread "C2 CompilerThread0"         daemon [_thread_blocked, id=96604, stack(0x00007f3efc68a000,0x00007f3efc78a000) (1024K)]
  0x00007f3f14100e10 JavaThread "C1 CompilerThread0"         daemon [_thread_blocked, id=96605, stack(0x00007f3efc58a000,0x00007f3efc68a000) (1024K)]
  0x00007f3f14134f80 JavaThread "Notification Thread"        daemon [_thread_blocked, id=96606, stack(0x00007f3efc48a000,0x00007f3efc58a000) (1024K)]
  0x00007f3f1413eb00 JavaThread "Common-Cleaner"             daemon [_thread_blocked, id=96607, stack(0x00007f3efc374000,0x00007f3efc474000) (1024K)]
  0x00007f3e680f7c30 JavaThread "C2 CompilerThread1"         daemon [_thread_in_native, id=96609, stack(0x00007f3efc173000,0x00007f3efc273000) (1024K)]
Total: 11

Other Threads:
  0x00007f3f140eeef0 VMThread "VM Thread"                           [id=96598, stack(0x00007f3efcc8b000,0x00007f3efcd8b000) (1024K)]
  0x00007f3f140dcdf0 WatcherThread "VM Periodic Task Thread"        [id=96597, stack(0x00007f3efcd8c000,0x00007f3efce8c000) (1024K)]
  0x00007f3f14092230 WorkerThread "GC Thread#0"                     [id=96592, stack(0x00007f3f18206000,0x00007f3f18306000) (1024K)]
  0x00007f3e940077f0 WorkerThread "GC Thread#1"                     [id=96608, stack(0x00007f3efc274000,0x00007f3efc374000) (1024K)]
  0x00007f3f140a2ac0 ConcurrentGCThread "G1 Main Marker"            [id=96593, stack(0x00007f3f18105000,0x00007f3f18205000) (1024K)]
  0x00007f3f140a3920 WorkerThread "G1 Conc#0"                       [id=96594, stack(0x00007f3f18004000,0x00007f3f18104000) (1024K)]
  0x00007f3f140ca6a0 ConcurrentGCThread "G1 Refine#0"               [id=96595, stack(0x00007f3efd06a000,0x00007f3efd16a000) (1024K)]
  0x00007f3f140cb650 ConcurrentGCThread "G1 Service"                [id=96596, stack(0x00007f3efcf69000,0x00007f3efd069000) (1024K)]
Total: 8

Threads with active compile tasks:
C2 CompilerThread1  289  382       4       java.io.StreamTokenizer::nextToken (1266 bytes)
Total: 1

VM state: not at safepoint (normal execution)

VM Mutex/Monitor currently owned by a thread: None

Heap address: 0x000000070c400000, size: 3900 MB, Compressed Oops mode: Zero based, Oop shift amount: 3

CDS archive(s) mapped at: [0x00007f3e9f000000-0x00007f3e9fbb6000-0x00007f3e9fbb6000), size 12279808, SharedBaseAddress: 0x00007f3e9f000000, ArchiveRelocationMode: 1.
Compressed class space mapped at: 0x00007f3ea0000000-0x00007f3ee0000000, reserved size: 1073741824
Narrow klass base: 0x00007f3e9f000000, Narrow klass shift: 0, Narrow klass range: 0x100000000

GC Precious Log:
 CardTable entry size: 512
 Card Set container configuration: InlinePtr #cards 4 size 8 Array Of Cards #cards 16 size 48 Howl #buckets 8 coarsen threshold 3686 Howl Bitmap #cards 512 size 80 coarsen threshold 460 Card regions per heap region 1 cards per card region 4096
 CPUs: 8 total, 8 available
 Memory: 15592M
 Large Page Support: Disabled
 NUMA Support: Disabled
 Compressed Oops: Enabled (Zero based)
 Heap Region Size: 2M
 Heap Min Capacity: 8M
 Heap Initial Capacity: 8M
 Heap Max Capacity: 3900M
 Pre-touch: Disabled
 Parallel Workers: 8
 Concurrent Workers: 2
 Concurrent Refinement Workers: 8
 Periodic GC: Disabled

Heap:
 garbage-first heap   total 10240K, used 1578K [0x000000070c400000, 0x0000000800000000)
  region size 2048K, 2 young (4096K), 1 survivors (2048K)
 Metaspace       used 1315K, committed 1536K, reserved 1114112K
  class space    used 135K, committed 256K, reserved 1048576K

Heap Regions: E=young(eden), S=young(survivor), O=old, HS=humongous(starts), HC=humongous(continues), CS=collection set, F=free, TAMS=top-at-mark-start, PB=parsable bottom
|   0|0x000000070c400000, 0x000000070c400000, 0x000000070c600000|  0%| F|  |TAMS 0x000000070c400000| PB 0x000000070c400000| Untracked 
|   1|0x000000070c600000, 0x000000070c600000, 0x000000070c800000|  0%| F|  |TAMS 0x000000070c600000| PB 0x000000070c600000| Untracked 
|   2|0x000000070c800000, 0x000000070c880000, 0x000000070ca00000| 25%| S|CS|TAMS 0x000000070c800000| PB 0x000000070c800000| Complete 
|   3|0x000000070ca00000, 0x000000070cac7d20, 0x000000070cc00000| 39%| E|  |TAMS 0x000000070ca00000| PB 0x000000070ca00000| Complete 
|1949|0x00000007ffe00000, 0x00000007fff0aa80, 0x0000000800000000| 52%| O|  |TAMS 0x00000007ffe00000| PB 0x00000007ffe00000| Untracked 

Card table byte_map: [0x00007f3f01662000,0x00007f3f01e00000] _byte_map_base: 0x00007f3efde00000

Marking Bits: (CMBitMap*) 0x00007f3f14092c10
 Bits: [0x00007f3efd972000, 0x00007f3f01662000)

Polling page: 0x00007f3f1af15000

Metaspace:

Usage:
  Non-class:      1,15 MB used.
      Class:    135,26 KB used.
       Both:      1,28 MB used.

Virtual space:
  Non-class space:       64,00 MB reserved,       1,25 MB (  2%) committed,  1 nodes.
      Class space:        1,00 GB reserved,     256,00 KB ( <1%) committed,  1 nodes.
             Both:        1,06 GB reserved,       1,50 MB ( <1%) committed. 

Chunk freelists:
   Non-Class:  11,73 MB
       Class:  15,68 MB
        Both:  27,41 MB

MaxMetaspaceSize: unlimited
CompressedClassSpaceSize: 1,00 GB
Initial GC threshold: 21,00 MB
Current GC threshold: 21,00 MB
CDS: on
 - commit_granule_bytes: 65536.
 - commit_granule_words: 8192.
 - virtual_space_node_default_size: 8388608.
 - enlarge_chunks_in_place: 1.
 - use_allocation_guard: 0.


Internal statistics:

num_allocs_failed_limit: 0.
num_arena_births: 68.
num_arena_deaths: 0.
num_vsnodes_births: 2.
num_vsnodes_deaths: 0.
num_space_committed: 24.
num_space_uncommitted: 0.
num_chunks_returned_to_freelist: 0.
num_chunks_taken_from_freelist: 94.
num_chunk_merges: 0.
num_chunk_splits: 56.
num_chunks_enlarged: 34.
num_inconsistent_stats: 0.

CodeHeap 'non-profiled nmethods': size=120028Kb used=139Kb max_used=139Kb free=119888Kb
 bounds [0x00007f3f098c9000, 0x00007f3f09b39000, 0x00007f3f10e00000]
CodeHeap 'profiled nmethods': size=120028Kb used=503Kb max_used=503Kb free=119524Kb
 bounds [0x00007f3f01e00000, 0x00007f3f02070000, 0x00007f3f09337000]
CodeHeap 'non-nmethods': size=5704Kb used=1305Kb max_used=1321Kb free=4398Kb
 bounds [0x00007f3f09337000, 0x00007f3f095a7000, 0x00007f3f098c9000]
 total_blobs=849 nmethods=418 adapters=337
 compilation: enabled
              stopped_count=0, restarted_count=0
 full_count=0

Compilation events (20 events):
Event: 0,265 Thread 0x00007f3f14100e10 nmethod 401 0x00007f3f01e7a790 code [0x00007f3f01e7a920, 0x00007f3f01e7aab0]
Event: 0,265 Thread 0x00007f3f14100e10  402       1       jdk.internal.util.ClassFileDumper::isEnabled (5 bytes)
Event: 0,265 Thread 0x00007f3f14100e10 nmethod 402 0x00007f3f098e9290 code [0x00007f3f098e9420, 0x00007f3f098e94e8]
Event: 0,265 Thread 0x00007f3f14100e10  403       3       jdk.internal.org.objectweb.asm.Frame::pop (42 bytes)
Event: 0,265 Thread 0x00007f3f14100e10 nmethod 403 0x00007f3f01e7ab10 code [0x00007f3f01e7acc0, 0x00007f3f01e7ae70]
Event: 0,265 Thread 0x00007f3f14100e10  404       3       java.lang.invoke.LambdaForm$Name::useCount (51 bytes)
Event: 0,266 Thread 0x00007f3f14100e10 nmethod 404 0x00007f3f01e7af90 code [0x00007f3f01e7b140, 0x00007f3f01e7b3a0]
Event: 0,266 Thread 0x00007f3f14100e10  406       3       jdk.internal.org.objectweb.asm.SymbolTable::addConstantUtf8Reference (101 bytes)
Event: 0,267 Thread 0x00007f3f14100e10 nmethod 406 0x00007f3f01e7b490 code [0x00007f3f01e7b6c0, 0x00007f3f01e7bc98]
Event: 0,267 Thread 0x00007f3f14100e10  405       3       jdk.internal.org.objectweb.asm.SymbolTable::addConstantClass (8 bytes)
Event: 0,267 Thread 0x00007f3f14100e10 nmethod 405 0x00007f3f01e7bf90 code [0x00007f3f01e7c140, 0x00007f3f01e7c280]
Event: 0,267 Thread 0x00007f3f14100e10  410       3       java.lang.invoke.MemberName::getReferenceKind (12 bytes)
Event: 0,267 Thread 0x00007f3f14100e10 nmethod 410 0x00007f3f01e7c310 code [0x00007f3f01e7c4a0, 0x00007f3f01e7c5b0]
Event: 0,267 Thread 0x00007f3f14100e10  408       3       java.util.ImmutableCollections$List12::get (35 bytes)
Event: 0,267 Thread 0x00007f3f14100e10 nmethod 408 0x00007f3f01e7c610 code [0x00007f3f01e7c7c0, 0x00007f3f01e7ca50]
Event: 0,267 Thread 0x00007f3f14100e10  414       1       java.util.ArrayList::size (5 bytes)
Event: 0,267 Thread 0x00007f3f14100e10 nmethod 414 0x00007f3f098ea710 code [0x00007f3f098ea8a0, 0x00007f3f098ea960]
Event: 0,267 Thread 0x00007f3f14100e10  416       1       java.lang.invoke.MethodTypeForm::basicType (5 bytes)
Event: 0,267 Thread 0x00007f3f14100e10 nmethod 416 0x00007f3f098ead10 code [0x00007f3f098eaea0, 0x00007f3f098eaf68]
Event: 0,274 Thread 0x00007f3f14100e10  418       3       java.util.ArrayList::add (25 bytes)

GC Heap History (2 events):
Event: 0,226 GC heap before
{Heap before GC invocations=0 (full 0):
 garbage-first heap   total 10240K, used 3114K [0x000000070c400000, 0x0000000800000000)
  region size 2048K, 1 young (2048K), 0 survivors (0K)
 Metaspace       used 670K, committed 896K, reserved 1114112K
  class space    used 69K, committed 192K, reserved 1048576K
}
Event: 0,228 GC heap after
{Heap after GC invocations=1 (full 0):
 garbage-first heap   total 10240K, used 1578K [0x000000070c400000, 0x0000000800000000)
  region size 2048K, 1 young (2048K), 1 survivors (2048K)
 Metaspace       used 670K, committed 896K, reserved 1114112K
  class space    used 69K, committed 192K, reserved 1048576K
}

Dll operation events (7 events):
Event: 0,004 Loaded shared library /home/gsscala/.vscode/extensions/redhat.java-1.42.0-linux-x64/jre/21.0.7-linux-x86_64/lib/libjava.so
Event: 0,105 Loaded shared library /home/gsscala/.vscode/extensions/redhat.java-1.42.0-linux-x64/jre/21.0.7-linux-x86_64/lib/libzip.so
Event: 0,147 Loaded shared library /home/gsscala/.vscode/extensions/redhat.java-1.42.0-linux-x64/jre/21.0.7-linux-x86_64/lib/libnio.so
Event: 0,148 Loaded shared library /home/gsscala/.vscode/extensions/redhat.java-1.42.0-linux-x64/jre/21.0.7-linux-x86_64/lib/libjimage.so
Event: 0,162 Loaded shared library /home/gsscala/.vscode/extensions/redhat.java-1.42.0-linux-x64/jre/21.0.7-linux-x86_64/lib/libzip.so
Event: 0,264 Loaded shared library /home/gsscala/.vscode/extensions/redhat.java-1.42.0-linux-x64/jre/21.0.7-linux-x86_64/lib/libattach.so
Event: 0,271 Loaded shared library /home/gsscala/.vscode/extensions/redhat.java-1.42.0-linux-x64/jre/21.0.7-linux-x86_64/lib/libnet.so

Deoptimization events (4 events):
Event: 0,168 Thread 0x00007f3f1402b670 Uncommon trap: trap_request=0xffffff45 fr.pc=0x00007f3f098ccbc0 relative=0x00000000000000a0
Event: 0,168 Thread 0x00007f3f1402b670 Uncommon trap: reason=unstable_if action=reinterpret pc=0x00007f3f098ccbc0 method=java.lang.String.hashCode()I @ 13 c2
Event: 0,168 Thread 0x00007f3f1402b670 DEOPT PACKING pc=0x00007f3f098ccbc0 sp=0x00007f3f195fd0b0
Event: 0,168 Thread 0x00007f3f1402b670 DEOPT UNPACKING pc=0x00007f3f0938af99 sp=0x00007f3f195fd068 mode 2

Classes loaded (20 events):
Event: 0,272 Loading class java/nio/channels/spi/AbstractSelectableChannel
Event: 0,272 Loading class java/nio/channels/SelectableChannel
Event: 0,272 Loading class java/nio/channels/SelectableChannel done
Event: 0,272 Loading class java/nio/channels/spi/AbstractSelectableChannel done
Event: 0,273 Loading class java/nio/channels/SocketChannel done
Event: 0,273 Loading class sun/nio/ch/SocketChannelImpl done
Event: 0,273 Loading class sun/nio/ch/ChannelInputStream
Event: 0,273 Loading class sun/nio/ch/ChannelInputStream done
Event: 0,273 Loading class sun/nio/ch/NativeThread
Event: 0,273 Loading class sun/nio/ch/NativeThread done
Event: 0,273 Loading class sun/nio/ch/Util
Event: 0,273 Loading class sun/nio/ch/Util done
Event: 0,273 Loading class sun/nio/ch/Util$1
Event: 0,273 Loading class sun/nio/ch/Util$1 done
Event: 0,273 Loading class sun/nio/ch/Util$BufferCache
Event: 0,274 Loading class sun/nio/ch/Util$BufferCache done
Event: 0,274 Loading class java/nio/DirectByteBuffer$Deallocator
Event: 0,274 Loading class java/nio/DirectByteBuffer$Deallocator done
Event: 0,274 Loading class sun/nio/ch/IOStatus
Event: 0,274 Loading class sun/nio/ch/IOStatus done

Classes unloaded (0 events):
No events

Classes redefined (0 events):
No events

Internal exceptions (7 events):
Event: 0,216 Thread 0x00007f3f1402b670 Exception <a 'java/lang/NoSuchMethodError'{0x000000070cbce288}: 'java.lang.Object java.lang.invoke.DirectMethodHandle$Holder.newInvokeSpecial(java.lang.Object, java.lang.Object, int)'> (0x000000070cbce288) 
thrown [src/hotspot/share/interpreter/linkResolver.cpp, line 772]
Event: 0,218 Thread 0x00007f3f1402b670 Exception <a 'java/lang/NoSuchMethodError'{0x000000070cbd29f0}: 'int java.lang.invoke.DirectMethodHandle$Holder.invokeSpecial(java.lang.Object, java.lang.Object, java.lang.Object, int)'> (0x000000070cbd29f0) 
thrown [src/hotspot/share/interpreter/linkResolver.cpp, line 772]
Event: 0,221 Thread 0x00007f3f1402b670 Exception <a 'java/lang/NoSuchMethodError'{0x000000070cbe5830}: 'java.lang.Object java.lang.invoke.DirectMethodHandle$Holder.invokeStatic(java.lang.Object, java.lang.Object, java.lang.Object, java.lang.Object, int)'> (0x000000070cbe5830) 
thrown [src/hotspot/share/interpreter/linkResolver.cpp, line 772]
Event: 0,223 Thread 0x00007f3f1402b670 Exception <a 'java/lang/NoSuchMethodError'{0x000000070cbee640}: 'int java.lang.invoke.DirectMethodHandle$Holder.invokeSpecial(java.lang.Object, java.lang.Object, java.lang.Object)'> (0x000000070cbee640) 
thrown [src/hotspot/share/interpreter/linkResolver.cpp, line 772]
Event: 0,258 Thread 0x00007f3f1402b670 Exception <a 'java/lang/NoSuchMethodError'{0x000000070ca8e990}: 'java.lang.Object java.lang.invoke.DirectMethodHandle$Holder.invokeStatic(java.lang.Object, long, java.lang.Object)'> (0x000000070ca8e990) 
thrown [src/hotspot/share/interpreter/linkResolver.cpp, line 772]
Event: 0,258 Thread 0x00007f3f1402b670 Exception <a 'java/lang/NoSuchMethodError'{0x000000070ca92c88}: 'java.lang.Object java.lang.invoke.DirectMethodHandle$Holder.invokeStaticInit(java.lang.Object, long, java.lang.Object)'> (0x000000070ca92c88) 
thrown [src/hotspot/share/interpreter/linkResolver.cpp, line 772]
Event: 0,259 Thread 0x00007f3f1402b670 Exception <a 'java/lang/NoSuchMethodError'{0x000000070ca99af8}: 'java.lang.Object java.lang.invoke.DirectMethodHandle$Holder.newInvokeSpecial(java.lang.Object, long)'> (0x000000070ca99af8) 
thrown [src/hotspot/share/interpreter/linkResolver.cpp, line 772]

ZGC Phase Switch (0 events):
No events

VM Operations (2 events):
Event: 0,226 Executing VM operation: G1CollectForAllocation (G1 Evacuation Pause)
Event: 0,228 Executing VM operation: G1CollectForAllocation (G1 Evacuation Pause) done

Memory protections (11 events):
Event: 0,003 Protecting memory [0x00007f3f19500000,0x00007f3f19504000] with protection modes 0
Event: 0,065 Protecting memory [0x00007f3efcb8a000,0x00007f3efcb8e000] with protection modes 0
Event: 0,066 Protecting memory [0x00007f3efca8a000,0x00007f3efca8e000] with protection modes 0
Event: 0,067 Protecting memory [0x00007f3efc98a000,0x00007f3efc98e000] with protection modes 0
Event: 0,067 Protecting memory [0x00007f3efc88a000,0x00007f3efc88e000] with protection modes 0
Event: 0,068 Protecting memory [0x00007f3efc78a000,0x00007f3efc78e000] with protection modes 0
Event: 0,068 Protecting memory [0x00007f3efc68a000,0x00007f3efc68e000] with protection modes 0
Event: 0,069 Protecting memory [0x00007f3efc58a000,0x00007f3efc58e000] with protection modes 0
Event: 0,143 Protecting memory [0x00007f3efc48a000,0x00007f3efc48e000] with protection modes 0
Event: 0,160 Protecting memory [0x00007f3efc374000,0x00007f3efc378000] with protection modes 0
Event: 0,249 Protecting memory [0x00007f3efc173000,0x00007f3efc177000] with protection modes 0

Nmethod flushes (0 events):
No events

Events (11 events):
Event: 0,036 Thread 0x00007f3f1402b670 Thread added: 0x00007f3f1402b670
Event: 0,065 Thread 0x00007f3f1402b670 Thread added: 0x00007f3f140f8610
Event: 0,066 Thread 0x00007f3f1402b670 Thread added: 0x00007f3f140f9a30
Event: 0,067 Thread 0x00007f3f1402b670 Thread added: 0x00007f3f140fb070
Event: 0,067 Thread 0x00007f3f1402b670 Thread added: 0x00007f3f140fc6a0
Event: 0,068 Thread 0x00007f3f1402b670 Thread added: 0x00007f3f140fdc30
Event: 0,068 Thread 0x00007f3f1402b670 Thread added: 0x00007f3f140ff760
Event: 0,069 Thread 0x00007f3f1402b670 Thread added: 0x00007f3f14100e10
Event: 0,143 Thread 0x00007f3f1402b670 Thread added: 0x00007f3f14134f80
Event: 0,160 Thread 0x00007f3f1402b670 Thread added: 0x00007f3f1413eb00
Event: 0,249 Thread 0x00007f3f140ff760 Thread added: 0x00007f3e680f7c30


Dynamic libraries:
70c400000-70cc00000 rw-p 00000000 00:00 0 
70cc00000-7ffe00000 ---p 00000000 00:00 0 
7ffe00000-7fff0b000 rw-p 00bf2000 00:21 315035                           /home/gsscala/.vscode/extensions/redhat.java-1.42.0-linux-x64/jre/21.0.7-linux-x86_64/lib/server/classes.jsa
7fff0b000-800000000 rw-p 00000000 00:00 0 
5652c9844000-5652c9845000 r-xp 00000000 00:21 314626                     /home/gsscala/.vscode/extensions/redhat.java-1.42.0-linux-x64/jre/21.0.7-linux-x86_64/bin/jcmd
5652c9846000-5652c9847000 r--p 00001000 00:21 314626                     /home/gsscala/.vscode/extensions/redhat.java-1.42.0-linux-x64/jre/21.0.7-linux-x86_64/bin/jcmd
5652c9847000-5652c9848000 rw-p 00002000 00:21 314626                     /home/gsscala/.vscode/extensions/redhat.java-1.42.0-linux-x64/jre/21.0.7-linux-x86_64/bin/jcmd
5652d65bd000-5652d6603000 rw-p 00000000 00:00 0                          [heap]
7f3e58000000-7f3e58021000 rw-p 00000000 00:00 0 
7f3e58021000-7f3e5c000000 ---p 00000000 00:00 0 
7f3e5c000000-7f3e5c1f4000 rw-p 00000000 00:00 0 
7f3e5c1f4000-7f3e60000000 ---p 00000000 00:00 0 
7f3e60000000-7f3e60021000 rw-p 00000000 00:00 0 
7f3e60021000-7f3e64000000 ---p 00000000 00:00 0 
7f3e64000000-7f3e64021000 rw-p 00000000 00:00 0 
7f3e64021000-7f3e68000000 ---p 00000000 00:00 0 
7f3e68000000-7f3e6819d000 rw-p 00000000 00:00 0 
7f3e6819d000-7f3e6c000000 ---p 00000000 00:00 0 
7f3e6c000000-7f3e6c1a2000 rw-p 00000000 00:00 0 
7f3e6c1a2000-7f3e70000000 ---p 00000000 00:00 0 
7f3e70000000-7f3e70021000 rw-p 00000000 00:00 0 
7f3e70021000-7f3e74000000 ---p 00000000 00:00 0 
7f3e74000000-7f3e74021000 rw-p 00000000 00:00 0 
7f3e74021000-7f3e78000000 ---p 00000000 00:00 0 
7f3e78000000-7f3e78021000 rw-p 00000000 00:00 0 
7f3e78021000-7f3e7c000000 ---p 00000000 00:00 0 
7f3e7c000000-7f3e7c021000 rw-p 00000000 00:00 0 
7f3e7c021000-7f3e80000000 ---p 00000000 00:00 0 
7f3e80000000-7f3e80021000 rw-p 00000000 00:00 0 
7f3e80021000-7f3e84000000 ---p 00000000 00:00 0 
7f3e86000000-7f3e93e70000 r--p 00000000 00:21 363990                     /usr/lib/locale/locale-archive
7f3e94000000-7f3e94021000 rw-p 00000000 00:00 0 
7f3e94021000-7f3e98000000 ---p 00000000 00:00 0 
7f3e9b000000-7f3e9b0f0000 rw-p 00000000 00:00 0 
7f3e9b0f0000-7f3e9b400000 ---p 00000000 00:00 0 
7f3e9b400000-7f3e9b450000 rw-p 00000000 00:00 0 
7f3e9b450000-7f3e9f000000 ---p 00000000 00:00 0 
7f3e9f000000-7f3e9fbb6000 rw-p 00001000 00:21 315035                     /home/gsscala/.vscode/extensions/redhat.java-1.42.0-linux-x64/jre/21.0.7-linux-x86_64/lib/server/classes.jsa
7f3e9fbb6000-7f3ea0000000 ---p 00000000 00:00 0 
7f3ea0000000-7f3ea0020000 rw-p 00000000 00:00 0 
7f3ea0020000-7f3ea0040000 ---p 00000000 00:00 0 
7f3ea0040000-7f3ea0060000 rw-p 00000000 00:00 0 
7f3ea0060000-7f3ee0000000 ---p 00000000 00:00 0 
7f3ee0000000-7f3ee0021000 rw-p 00000000 00:00 0 
7f3ee0021000-7f3ee4000000 ---p 00000000 00:00 0 
7f3ee4000000-7f3ee4021000 rw-p 00000000 00:00 0 
7f3ee4021000-7f3ee8000000 ---p 00000000 00:00 0 
7f3ee8000000-7f3ee8021000 rw-p 00000000 00:00 0 
7f3ee8021000-7f3eec000000 ---p 00000000 00:00 0 
7f3eedb97000-7f3ef0021000 rw-p 00000000 00:00 0 
7f3ef0021000-7f3ef4000000 ---p 00000000 00:00 0 
7f3ef4000000-7f3ef4021000 rw-p 00000000 00:00 0 
7f3ef4021000-7f3ef8000000 ---p 00000000 00:00 0 
7f3ef8000000-7f3ef8021000 rw-p 00000000 00:00 0 
7f3ef8021000-7f3efc000000 ---p 00000000 00:00 0 
7f3efc173000-7f3efc177000 ---p 00000000 00:00 0 
7f3efc177000-7f3efc273000 rw-p 00000000 00:00 0 
7f3efc273000-7f3efc274000 ---p 00000000 00:00 0 
7f3efc274000-7f3efc374000 rw-p 00000000 00:00 0 
7f3efc374000-7f3efc378000 ---p 00000000 00:00 0 
7f3efc378000-7f3efc474000 rw-p 00000000 00:00 0 
7f3efc474000-7f3efc488000 r-xp 00000000 00:21 315016                     /home/gsscala/.vscode/extensions/redhat.java-1.42.0-linux-x64/jre/21.0.7-linux-x86_64/lib/libnio.so
7f3efc488000-7f3efc489000 r--p 00013000 00:21 315016                     /home/gsscala/.vscode/extensions/redhat.java-1.42.0-linux-x64/jre/21.0.7-linux-x86_64/lib/libnio.so
7f3efc489000-7f3efc48a000 rw-p 00014000 00:21 315016                     /home/gsscala/.vscode/extensions/redhat.java-1.42.0-linux-x64/jre/21.0.7-linux-x86_64/lib/libnio.so
7f3efc48a000-7f3efc48e000 ---p 00000000 00:00 0 
7f3efc48e000-7f3efc58a000 rw-p 00000000 00:00 0 
7f3efc58a000-7f3efc58e000 ---p 00000000 00:00 0 
7f3efc58e000-7f3efc68a000 rw-p 00000000 00:00 0 
7f3efc68a000-7f3efc68e000 ---p 00000000 00:00 0 
7f3efc68e000-7f3efc78a000 rw-p 00000000 00:00 0 
7f3efc78a000-7f3efc78e000 ---p 00000000 00:00 0 
7f3efc78e000-7f3efc88a000 rw-p 00000000 00:00 0 
7f3efc88a000-7f3efc88e000 ---p 00000000 00:00 0 
7f3efc88e000-7f3efc98a000 rw-p 00000000 00:00 0 
7f3efc98a000-7f3efc98e000 ---p 00000000 00:00 0 
7f3efc98e000-7f3efca8a000 rw-p 00000000 00:00 0 
7f3efca8a000-7f3efca8e000 ---p 00000000 00:00 0 
7f3efca8e000-7f3efcb8a000 rw-p 00000000 00:00 0 
7f3efcb8a000-7f3efcb8e000 ---p 00000000 00:00 0 
7f3efcb8e000-7f3efcc8a000 rw-p 00000000 00:00 0 
7f3efcc8a000-7f3efcc8b000 ---p 00000000 00:00 0 
7f3efcc8b000-7f3efcd8b000 rw-p 00000000 00:00 0 
7f3efcd8b000-7f3efcd8c000 ---p 00000000 00:00 0 
7f3efcd8c000-7f3efce8c000 rw-p 00000000 00:00 0 
7f3efce8c000-7f3efcf68000 rw-p 00000000 00:00 0 
7f3efcf68000-7f3efcf69000 ---p 00000000 00:00 0 
7f3efcf69000-7f3efd069000 rw-p 00000000 00:00 0 
7f3efd069000-7f3efd06a000 ---p 00000000 00:00 0 
7f3efd06a000-7f3efd16a000 rw-p 00000000 00:00 0 
7f3efd16a000-7f3efd992000 rw-p 00000000 00:00 0 
7f3efd992000-7f3f0165a000 ---p 00000000 00:00 0 
7f3f0165a000-7f3f01666000 rw-p 00000000 00:00 0 
7f3f01666000-7f3f01dff000 ---p 00000000 00:00 0 
7f3f01dff000-7f3f01e00000 rw-p 00000000 00:00 0 
7f3f01e00000-7f3f02070000 rwxp 00000000 00:00 0 
7f3f02070000-7f3f09337000 ---p 00000000 00:00 0 
7f3f09337000-7f3f095a7000 rwxp 00000000 00:00 0 
7f3f095a7000-7f3f098c9000 ---p 00000000 00:00 0 
7f3f098c9000-7f3f09b39000 rwxp 00000000 00:00 0 
7f3f09b39000-7f3f10e00000 ---p 00000000 00:00 0 
7f3f10e00000-7f3f13fce000 r--s 00000000 00:21 315025                     /home/gsscala/.vscode/extensions/redhat.java-1.42.0-linux-x64/jre/21.0.7-linux-x86_64/lib/modules
7f3f13fd5000-7f3f13fe1000 r-xp 00000000 00:21 315015                     /home/gsscala/.vscode/extensions/redhat.java-1.42.0-linux-x64/jre/21.0.7-linux-x86_64/lib/libnet.so
7f3f13fe1000-7f3f13fe2000 r--p 0000b000 00:21 315015                     /home/gsscala/.vscode/extensions/redhat.java-1.42.0-linux-x64/jre/21.0.7-linux-x86_64/lib/libnet.so
7f3f13fe2000-7f3f13fe3000 rw-p 0000c000 00:21 315015                     /home/gsscala/.vscode/extensions/redhat.java-1.42.0-linux-x64/jre/21.0.7-linux-x86_64/lib/libnet.so
7f3f13fe3000-7f3f13ffe000 r-xp 00000000 00:21 315024                     /home/gsscala/.vscode/extensions/redhat.java-1.42.0-linux-x64/jre/21.0.7-linux-x86_64/lib/libzip.so
7f3f13ffe000-7f3f13fff000 r--p 0001a000 00:21 315024                     /home/gsscala/.vscode/extensions/redhat.java-1.42.0-linux-x64/jre/21.0.7-linux-x86_64/lib/libzip.so
7f3f13fff000-7f3f14000000 rw-p 0001b000 00:21 315024                     /home/gsscala/.vscode/extensions/redhat.java-1.42.0-linux-x64/jre/21.0.7-linux-x86_64/lib/libzip.so
7f3f14000000-7f3f1423a000 rw-p 00000000 00:00 0 
7f3f1423a000-7f3f18000000 ---p 00000000 00:00 0 
7f3f18003000-7f3f18004000 ---p 00000000 00:00 0 
7f3f18004000-7f3f18104000 rw-p 00000000 00:00 0 
7f3f18104000-7f3f18105000 ---p 00000000 00:00 0 
7f3f18105000-7f3f18205000 rw-p 00000000 00:00 0 
7f3f18205000-7f3f18206000 ---p 00000000 00:00 0 
7f3f18206000-7f3f18306000 rw-p 00000000 00:00 0 
7f3f18306000-7f3f18388000 rw-p 00000000 00:00 0 
7f3f18388000-7f3f18b21000 ---p 00000000 00:00 0 
7f3f18b21000-7f3f1932f000 rw-p 00000000 00:00 0 
7f3f1932f000-7f3f19415000 ---p 00000000 00:00 0 
7f3f19415000-7f3f1941a000 rw-p 00000000 00:00 0 
7f3f1941a000-7f3f19500000 ---p 00000000 00:00 0 
7f3f19500000-7f3f19504000 ---p 00000000 00:00 0 
7f3f19504000-7f3f19600000 rw-p 00000000 00:00 0 
7f3f19600000-7f3f1aa0f000 r-xp 00000000 00:21 315037                     /home/gsscala/.vscode/extensions/redhat.java-1.42.0-linux-x64/jre/21.0.7-linux-x86_64/lib/server/libjvm.so
7f3f1aa0f000-7f3f1aa10000 ---p 0140f000 00:21 315037                     /home/gsscala/.vscode/extensions/redhat.java-1.42.0-linux-x64/jre/21.0.7-linux-x86_64/lib/server/libjvm.so
7f3f1aa10000-7f3f1aae4000 r--p 0140f000 00:21 315037                     /home/gsscala/.vscode/extensions/redhat.java-1.42.0-linux-x64/jre/21.0.7-linux-x86_64/lib/server/libjvm.so
7f3f1aae4000-7f3f1ab14000 rw-p 014e3000 00:21 315037                     /home/gsscala/.vscode/extensions/redhat.java-1.42.0-linux-x64/jre/21.0.7-linux-x86_64/lib/server/libjvm.so
7f3f1ab14000-7f3f1ab7a000 rw-p 00000000 00:00 0 
7f3f1ab7c000-7f3f1ab83000 r--s 00000000 00:21 364749                     /usr/lib64/gconv/gconv-modules.cache
7f3f1ab83000-7f3f1ab85000 r-xp 00000000 00:21 314988                     /home/gsscala/.vscode/extensions/redhat.java-1.42.0-linux-x64/jre/21.0.7-linux-x86_64/lib/libattach.so
7f3f1ab85000-7f3f1ab86000 r--p 00001000 00:21 314988                     /home/gsscala/.vscode/extensions/redhat.java-1.42.0-linux-x64/jre/21.0.7-linux-x86_64/lib/libattach.so
7f3f1ab86000-7f3f1ab87000 rw-p 00002000 00:21 314988                     /home/gsscala/.vscode/extensions/redhat.java-1.42.0-linux-x64/jre/21.0.7-linux-x86_64/lib/libattach.so
7f3f1ab87000-7f3f1abcd000 rw-p 00000000 00:00 0 
7f3f1abcd000-7f3f1abd4000 ---p 00000000 00:00 0 
7f3f1abd4000-7f3f1abf4000 r-xp 00000000 00:21 315001                     /home/gsscala/.vscode/extensions/redhat.java-1.42.0-linux-x64/jre/21.0.7-linux-x86_64/lib/libjava.so
7f3f1abf4000-7f3f1abf5000 ---p 00020000 00:21 315001                     /home/gsscala/.vscode/extensions/redhat.java-1.42.0-linux-x64/jre/21.0.7-linux-x86_64/lib/libjava.so
7f3f1abf5000-7f3f1abf6000 r--p 00020000 00:21 315001                     /home/gsscala/.vscode/extensions/redhat.java-1.42.0-linux-x64/jre/21.0.7-linux-x86_64/lib/libjava.so
7f3f1abf6000-7f3f1abf7000 rw-p 00021000 00:21 315001                     /home/gsscala/.vscode/extensions/redhat.java-1.42.0-linux-x64/jre/21.0.7-linux-x86_64/lib/libjava.so
7f3f1abf7000-7f3f1abf8000 rw-p 00000000 00:00 0 
7f3f1abf8000-7f3f1ac13000 r-xp 00000000 00:21 315005                     /home/gsscala/.vscode/extensions/redhat.java-1.42.0-linux-x64/jre/21.0.7-linux-x86_64/lib/libjimage.so
7f3f1ac13000-7f3f1ac14000 ---p 0001b000 00:21 315005                     /home/gsscala/.vscode/extensions/redhat.java-1.42.0-linux-x64/jre/21.0.7-linux-x86_64/lib/libjimage.so
7f3f1ac14000-7f3f1ac16000 r--p 0001b000 00:21 315005                     /home/gsscala/.vscode/extensions/redhat.java-1.42.0-linux-x64/jre/21.0.7-linux-x86_64/lib/libjimage.so
7f3f1ac16000-7f3f1ac17000 rw-p 0001d000 00:21 315005                     /home/gsscala/.vscode/extensions/redhat.java-1.42.0-linux-x64/jre/21.0.7-linux-x86_64/lib/libjimage.so
7f3f1ac17000-7f3f1ac93000 r-xp 00000000 00:21 364071                     /usr/lib64/libm.so.6
7f3f1ac93000-7f3f1ad03000 r--p 0007c000 00:21 364071                     /usr/lib64/libm.so.6
7f3f1ad03000-7f3f1ad04000 r--p 000eb000 00:21 364071                     /usr/lib64/libm.so.6
7f3f1ad04000-7f3f1ad05000 rw-p 000ec000 00:21 364071                     /usr/lib64/libm.so.6
7f3f1ad05000-7f3f1ad06000 r-xp 00000000 00:21 364079                     /usr/lib64/librt.so.1
7f3f1ad06000-7f3f1ad07000 r--p 00001000 00:21 364079                     /usr/lib64/librt.so.1
7f3f1ad07000-7f3f1ad08000 r--p 00001000 00:21 364079                     /usr/lib64/librt.so.1
7f3f1ad08000-7f3f1ad0b000 rw-p 00000000 00:00 0 
7f3f1ad0b000-7f3f1ae7a000 r-xp 00000000 00:21 364069                     /usr/lib64/libc.so.6
7f3f1ae7a000-7f3f1aeef000 r--p 0016f000 00:21 364069                     /usr/lib64/libc.so.6
7f3f1aeef000-7f3f1aef3000 r--p 001e3000 00:21 364069                     /usr/lib64/libc.so.6
7f3f1aef3000-7f3f1aef5000 rw-p 001e7000 00:21 364069                     /usr/lib64/libc.so.6
7f3f1aef5000-7f3f1aefd000 rw-p 00000000 00:00 0 
7f3f1aefd000-7f3f1aefe000 r-xp 00000000 00:21 364070                     /usr/lib64/libdl.so.2
7f3f1aefe000-7f3f1aeff000 r--p 00001000 00:21 364070                     /usr/lib64/libdl.so.2
7f3f1aeff000-7f3f1af00000 r--p 00001000 00:21 364070                     /usr/lib64/libdl.so.2
7f3f1af00000-7f3f1af01000 rw-p 00000000 00:00 0 
7f3f1af01000-7f3f1af02000 r-xp 00000000 00:21 364077                     /usr/lib64/libpthread.so.0
7f3f1af02000-7f3f1af03000 r--p 00001000 00:21 364077                     /usr/lib64/libpthread.so.0
7f3f1af03000-7f3f1af04000 r--p 00001000 00:21 364077                     /usr/lib64/libpthread.so.0
7f3f1af04000-7f3f1af05000 rw-p 00000000 00:00 0 
7f3f1af05000-7f3f1af0d000 r--s 00000000 00:2a 7129                       /tmp/hsperfdata_gsscala/85290
7f3f1af0d000-7f3f1af15000 rw-s 00000000 00:2a 7560                       /tmp/hsperfdata_gsscala/96590
7f3f1af15000-7f3f1af16000 ---p 00000000 00:00 0 
7f3f1af16000-7f3f1af17000 r--p 00000000 00:00 0 
7f3f1af17000-7f3f1af18000 ---p 00000000 00:00 0 
7f3f1af18000-7f3f1af31000 r-xp 00000000 00:21 315006                     /home/gsscala/.vscode/extensions/redhat.java-1.42.0-linux-x64/jre/21.0.7-linux-x86_64/lib/libjli.so
7f3f1af31000-7f3f1af32000 r--p 00018000 00:21 315006                     /home/gsscala/.vscode/extensions/redhat.java-1.42.0-linux-x64/jre/21.0.7-linux-x86_64/lib/libjli.so
7f3f1af32000-7f3f1af33000 rw-p 00019000 00:21 315006                     /home/gsscala/.vscode/extensions/redhat.java-1.42.0-linux-x64/jre/21.0.7-linux-x86_64/lib/libjli.so
7f3f1af33000-7f3f1af35000 rw-p 00000000 00:00 0 
7f3f1af35000-7f3f1af37000 r--p 00000000 00:00 0                          [vvar]
7f3f1af37000-7f3f1af39000 r--p 00000000 00:00 0                          [vvar_vclock]
7f3f1af39000-7f3f1af3b000 r-xp 00000000 00:00 0                          [vdso]
7f3f1af3b000-7f3f1af64000 r-xp 00000000 00:21 364066                     /usr/lib64/ld-linux-x86-64.so.2
7f3f1af64000-7f3f1af6f000 r--p 00029000 00:21 364066                     /usr/lib64/ld-linux-x86-64.so.2
7f3f1af6f000-7f3f1af71000 r--p 00034000 00:21 364066                     /usr/lib64/ld-linux-x86-64.so.2
7f3f1af71000-7f3f1af72000 rw-p 00036000 00:21 364066                     /usr/lib64/ld-linux-x86-64.so.2
7f3f1af72000-7f3f1af73000 rw-p 00000000 00:00 0 
7ffc37c96000-7ffc37cb8000 rw-p 00000000 00:00 0                          [stack]
ffffffffff600000-ffffffffff601000 --xp 00000000 00:00 0                  [vsyscall]
Total number of mappings: 183


VM Arguments:
jvm_args: -Dapplication.home=/home/gsscala/.vscode/extensions/redhat.java-1.42.0-linux-x64/jre/21.0.7-linux-x86_64 -Xms8m -Djdk.module.main=jdk.jcmd 
java_command: jdk.jcmd/sun.tools.jcmd.JCmd 85290 VM.uptime
java_class_path (initial): <not set>
Launcher Type: SUN_STANDARD

[Global flags]
     intx CICompilerCount                          = 4                                         {product} {ergonomic}
     uint ConcGCThreads                            = 2                                         {product} {ergonomic}
     uint G1ConcRefinementThreads                  = 8                                         {product} {ergonomic}
   size_t G1HeapRegionSize                         = 2097152                                   {product} {ergonomic}
    uintx GCDrainStackTargetSize                   = 64                                        {product} {ergonomic}
   size_t InitialHeapSize                          = 8388608                                   {product} {command line}
   size_t MarkStackSize                            = 4194304                                   {product} {ergonomic}
   size_t MaxHeapSize                              = 4089446400                                {product} {ergonomic}
   size_t MaxNewSize                               = 2453667840                                {product} {ergonomic}
   size_t MinHeapDeltaBytes                        = 2097152                                   {product} {ergonomic}
   size_t MinHeapSize                              = 8388608                                   {product} {command line}
    uintx NonNMethodCodeHeapSize                   = 5839372                                {pd product} {ergonomic}
    uintx NonProfiledCodeHeapSize                  = 122909434                              {pd product} {ergonomic}
    uintx ProfiledCodeHeapSize                     = 122909434                              {pd product} {ergonomic}
    uintx ReservedCodeCacheSize                    = 251658240                              {pd product} {ergonomic}
     bool SegmentedCodeCache                       = true                                      {product} {ergonomic}
   size_t SoftMaxHeapSize                          = 4089446400                             {manageable} {ergonomic}
     bool UseCompressedOops                        = true                           {product lp64_product} {ergonomic}
     bool UseG1GC                                  = true                                      {product} {ergonomic}

Logging:
Log output configuration:
 #0: stdout all=warning uptime,level,tags foldmultilines=false
 #1: stderr all=off uptime,level,tags foldmultilines=false

Environment Variables:
PATH=/home/gsscala/.local/bin:/home/gsscala/bin:/usr/local/bin:/usr/local/sbin:/usr/bin:/usr/sbin
USERNAME=gsscala
SHELL=/bin/bash
DISPLAY=:0
LANG=fr_FR.UTF-8
TERM=xterm-256color

Active Locale:
LC_ALL=fr_FR.UTF-8
LC_COLLATE=fr_FR.UTF-8
LC_CTYPE=fr_FR.UTF-8
LC_MESSAGES=fr_FR.UTF-8
LC_MONETARY=fr_FR.UTF-8
LC_NUMERIC=fr_FR.UTF-8
LC_TIME=fr_FR.UTF-8

Signal Handlers:
   SIGSEGV: crash_handler in libjvm.so, mask=11100100010111111101111111111110, flags=SA_RESTART|SA_SIGINFO, unblocked
    SIGBUS: crash_handler in libjvm.so, mask=11100100010111111101111111111110, flags=SA_RESTART|SA_SIGINFO, unblocked
    SIGFPE: crash_handler in libjvm.so, mask=11100100010111111101111111111110, flags=SA_RESTART|SA_SIGINFO, unblocked
   SIGPIPE: javaSignalHandler in libjvm.so, mask=11100100010111111101111111111110, flags=SA_RESTART|SA_SIGINFO, blocked
   SIGXFSZ: javaSignalHandler in libjvm.so, mask=11100100010111111101111111111110, flags=SA_RESTART|SA_SIGINFO, blocked
    SIGILL: crash_handler in libjvm.so, mask=11100100010111111101111111111110, flags=SA_RESTART|SA_SIGINFO, unblocked
   SIGUSR2: SR_handler in libjvm.so, mask=00000000000000000000000000000000, flags=SA_RESTART|SA_SIGINFO, blocked
    SIGHUP: UserHandler in libjvm.so, mask=11100100010111111101111111111110, flags=SA_RESTART|SA_SIGINFO, blocked
    SIGINT: UserHandler in libjvm.so, mask=11100100010111111101111111111110, flags=SA_RESTART|SA_SIGINFO, blocked
   SIGTERM: UserHandler in libjvm.so, mask=11100100010111111101111111111110, flags=SA_RESTART|SA_SIGINFO, blocked
   SIGQUIT: UserHandler in libjvm.so, mask=11100100010111111101111111111110, flags=SA_RESTART|SA_SIGINFO, blocked
   SIGTRAP: crash_handler in libjvm.so, mask=11100100010111111101111111111110, flags=SA_RESTART|SA_SIGINFO, unblocked


Periodic native trim disabled

---------------  S Y S T E M  ---------------

OS:
Fedora release 42 (Adams)
uname: Linux 6.13.11-100.fc40.x86_64 #1 SMP PREEMPT_DYNAMIC Thu Apr 10 19:05:25 UTC 2025 x86_64
OS uptime: 2 days 8:48 hours
libc: glibc 2.41 NPTL 2.41 
rlimit (soft/hard): STACK 8192k/infinity , CORE infinity/infinity , NPROC 61830/61830 , NOFILE 524288/524288 , AS infinity/infinity , CPU infinity/infinity , DATA infinity/infinity , FSIZE infinity/infinity , MEMLOCK 8192k/8192k
load average: 1,35 1,50 1,53

/proc/meminfo:
MemTotal:       15966540 kB
MemFree:         3519948 kB
MemAvailable:   10517256 kB
Buffers:            6428 kB
Cached:          8035400 kB
SwapCached:            0 kB
Active:          7300608 kB
Inactive:        3648056 kB
Active(anon):    3802436 kB
Inactive(anon):        0 kB
Active(file):    3498172 kB
Inactive(file):  3648056 kB
Unevictable:      847224 kB
Mlocked:            5848 kB
SwapTotal:       9388024 kB
SwapFree:        9388024 kB
Zswap:                 0 kB
Zswapped:              0 kB
Dirty:                 4 kB
Writeback:             0 kB
AnonPages:       3754224 kB
Mapped:           897516 kB
Shmem:            890672 kB
KReclaimable:     195064 kB
Slab:             414180 kB
SReclaimable:     195064 kB
SUnreclaim:       219116 kB
KernelStack:       20240 kB
PageTables:        50764 kB
SecPageTables:         0 kB
NFS_Unstable:          0 kB
Bounce:                0 kB
WritebackTmp:          0 kB
CommitLimit:    17371292 kB
Committed_AS:   15929712 kB
VmallocTotal:   34359738367 kB
VmallocUsed:       86796 kB
VmallocChunk:          0 kB
Percpu:             8192 kB
HardwareCorrupted:     0 kB
AnonHugePages:         0 kB
ShmemHugePages:        0 kB
ShmemPmdMapped:        0 kB
FileHugePages:         0 kB
FilePmdMapped:         0 kB
CmaTotal:              0 kB
CmaFree:               0 kB
Unaccepted:            0 kB
HugePages_Total:       0
HugePages_Free:        0
HugePages_Rsvd:        0
HugePages_Surp:        0
Hugepagesize:       2048 kB
Hugetlb:               0 kB
DirectMap4k:      253540 kB
DirectMap2M:     3543040 kB
DirectMap1G:    13631488 kB

/sys/kernel/mm/transparent_hugepage/enabled: always [madvise] never
/sys/kernel/mm/transparent_hugepage/hpage_pmd_size: 2097152
/sys/kernel/mm/transparent_hugepage/defrag (defrag/compaction efforts parameter): always defer defer+madvise [madvise] never

Process Memory:
Virtual Size: 7075040K (peak: 7076228K)
Resident Set Size: 57100K (peak: 57488K) (anon: 31500K, file: 25600K, shmem: 0K)
Swapped out: 0K
C-Heap outstanding allocations: 29879K, retained: 2464K
glibc malloc tunables: (default)

/proc/sys/kernel/threads-max (system-wide limit on the number of threads): 123660
/proc/sys/vm/max_map_count (maximum number of memory map areas a process may have): 1048576
/proc/sys/vm/swappiness (control to define how aggressively the kernel swaps out anonymous memory): 60
/proc/sys/kernel/pid_max (system-wide limit on number of process identifiers): 4194304

container (cgroup) information:
container_type: cgroupv2
cpu_cpuset_cpus: not supported
cpu_memory_nodes: not supported
active_processor_count: 8
cpu_quota: no quota
cpu_period: 100000
cpu_shares: 8192
memory_limit_in_bytes: unlimited
memory_and_swap_limit_in_bytes: unlimited
memory_soft_limit_in_bytes: unlimited
memory_usage_in_bytes: 2496284 k
memory_max_usage_in_bytes: not supported
memory_swap_current_in_bytes: unlimited
memory_swap_max_limit_in_bytes: unlimited
maximum number of tasks: 18549
current number of tasks: 235

Steal ticks since vm start: 0
Steal ticks percentage since vm start:  0,000

CPU: total 8 (initial active 8) (4 cores per cpu, 2 threads per core) family 6 model 142 stepping 12 microcode 0xfc, cx8, cmov, fxsr, ht, mmx, 3dnowpref, sse, sse2, sse3, ssse3, sse4.1, sse4.2, popcnt, lzcnt, tsc, tscinvbit, avx, avx2, aes, erms, clmul, bmi1, bmi2, adx, fma, vzeroupper, clflush, clflushopt, rdtscp, f16c
CPU Model and flags from /proc/cpuinfo:
model name	: Intel(R) Core(TM) i7-10510U CPU @ 1.80GHz
flags		: fpu vme de pse tsc msr pae mce cx8 apic sep mtrr pge mca cmov pat pse36 clflush dts acpi mmx fxsr sse sse2 ss ht tm pbe syscall nx pdpe1gb rdtscp lm constant_tsc art arch_perfmon pebs bts rep_good nopl xtopology nonstop_tsc cpuid aperfmperf pni pclmulqdq dtes64 monitor ds_cpl est tm2 ssse3 sdbg fma cx16 xtpr pdcm pcid sse4_1 sse4_2 x2apic movbe popcnt tsc_deadline_timer aes xsave avx f16c rdrand lahf_lm abm 3dnowprefetch cpuid_fault epb ssbd ibrs ibpb stibp ibrs_enhanced fsgsbase tsc_adjust sgx bmi1 avx2 smep bmi2 erms invpcid mpx rdseed adx smap clflushopt intel_pt xsaveopt xsavec xgetbv1 xsaves dtherm ida arat pln pts hwp hwp_notify hwp_act_window hwp_epp md_clear flush_l1d arch_capabilities

Online cpus: 0-7
Offline cpus: 
BIOS frequency limitation: <Not Available>
Frequency switch latency (ns): 0
Available cpu frequencies: <Not Available>
Current governor: powersave
Core performance/turbo boost: <Not Available>

Memory: 4k page, physical 15966540k(10517256k free), swap 9388024k(9388024k free)
Page Sizes: 4k

vm_info: OpenJDK 64-Bit Server VM (21.0.7+6-LTS) for linux-amd64 JRE (21.0.7+6-LTS), built on 2025-04-15T00:00:00Z by "admin" with gcc 11.3.0

END.
