#
# A fatal error has been detected by the Java Runtime Environment:
#
#  SIGSEGV (0xb) at pc=0x00007f60c8219795, pid=86199, tid=86217
#
# JRE version: OpenJDK Runtime Environment Temurin-21.0.7+6 (21.0.7+6) (build 21.0.7+6-LTS)
# Java VM: OpenJDK 64-Bit Server VM Temurin-21.0.7+6 (21.0.7+6-LTS, mixed mode, sharing, tiered, compressed oops, compressed class ptrs, g1 gc, linux-amd64)
# Problematic frame:
# V  [libjvm.so+0x819795]  G1ParScanThreadState::trim_queue_to_threshold(unsigned int)+0x1d75
#
# Core dump will be written. Default location: Core dumps may be processed with "/usr/lib/systemd/systemd-coredump %P %u %g %s %t %c %h" (or dumping to /home/gsscala/Documents/code/github/mc-322/core.86199)
#
# If you would like to submit a bug report, please visit:
#   https://github.com/adoptium/adoptium-support/issues
#

---------------  S U M M A R Y ------------

Command Line: -Dapplication.home=/home/gsscala/.vscode/extensions/redhat.java-1.42.0-linux-x64/jre/21.0.7-linux-x86_64 -Xms8m -Djdk.module.main=jdk.jcmd jdk.jcmd/sun.tools.jcmd.JCmd 84768 VM.uptime

Host: Intel(R) Core(TM) i7-10510U CPU @ 1.80GHz, 8 cores, 15G, Fedora release 42 (Adams)
Time: Thu May 29 00:34:48 2025 -03 elapsed time: 0.203171 seconds (0d 0h 0m 0s)

---------------  T H R E A D  ---------------

Current thread (0x00007f60400077f0):  WorkerThread "GC Thread#1"    [id=86217, stack(0x00007f60a8674000,0x00007f60a8774000) (1024K)]

Stack: [0x00007f60a8674000,0x00007f60a8774000],  sp=0x00007f60a87729c0,  free space=1018k
Native frames: (J=compiled Java code, j=interpreted, Vv=VM code, C=native code)
V  [libjvm.so+0x819795]  G1ParScanThreadState::trim_queue_to_threshold(unsigned int)+0x1d75
V  [libjvm.so+0x83ae5a]  G1ParCopyClosure<(G1Barrier)0, false>::do_oop(oopDesc**)+0x9a
V  [libjvm.so+0x83d615]  G1RootProcessor::process_vm_roots(G1RootClosures*, G1GCPhaseTimes*, unsigned int)+0x145
V  [libjvm.so+0x83db42]  G1RootProcessor::evacuate_roots(G1ParScanThreadState*, unsigned int)+0x72
V  [libjvm.so+0x851a92]  G1EvacuateRegionsTask::scan_roots(G1ParScanThreadState*, unsigned int)+0x22
V  [libjvm.so+0x851cf9]  G1EvacuateRegionsBaseTask::work(unsigned int)+0x89
V  [libjvm.so+0x1035110]  WorkerThread::run()+0x80
V  [libjvm.so+0xf78c38]  Thread::call_run()+0xa8
V  [libjvm.so+0xd0487a]  thread_native_entry(Thread*)+0xda
C  [libc.so.6+0x70f14]  start_thread+0x2e4

siginfo: si_signo: 11 (SIGSEGV), si_code: 2 (SEGV_ACCERR), si_addr: 0x00007f605f82efb3

Registers:
RAX=0x00007f605f82efab, RBX=0x00007f6010000cf0, RCX=0x0000000000000000, RDX=0x0000000000000001
RSP=0x00007f60a87729c0, RBP=0x00007f60a8772a60, RSI=0x00007f60c8ee8e80, RDI=0x0000000000003865
R8 =0x0000000000000000, R9 =0x0000000000000000, R10=0x000000070c8313c8, R11=0xe1954c58000dcc80
R12=0x000000070c8313dd, R13=0x000000070caa62b8, R14=0x00007f60c8eea6e8, R15=0x0000000000000001
RIP=0x00007f60c8219795, EFLAGS=0x0000000000010202, CSGSFS=0x002b000000000033, ERR=0x0000000000000004
  TRAPNO=0x000000000000000e

XMM[0]=0x00000010001a64d0 0x0000000000000001
XMM[1]=0x0000000000000000 0x0000000000000000
XMM[2]=0x0000000000000000 0x0000000000000000
XMM[3]=0x0000000000000000 0xe1952f0e00000000
XMM[4]=0x00000000e195278b 0x00000000e195272c
XMM[5]=0x0000000000000000 0xe195285f00000000
XMM[6]=0x0000000000000000 0xe19527ac00000000
XMM[7]=0xe19527c9e1952880 0x00000000e19526ea
XMM[8]=0xe195228de195225f 0xe195218800000000
XMM[9]=0x0000000000000000 0x0000000000000000
XMM[10]=0x3f3f3f3f3f3f3f3f 0x3f3f3f3f3f3f3f3f
XMM[11]=0x9999999999999999 0x9999999999999999
XMM[12]=0x2020202020202020 0x2020202020202020
XMM[13]=0x0000000000000000 0x0000000000000000
XMM[14]=0x0000000000000000 0x0000000000000000
XMM[15]=0x0000000000000000 0x0000000000000000
  MXCSR=0x00001fa2


Register to memory mapping:

RAX=0x00007f605f82efab is an unknown value
RBX=0x00007f6010000cf0 points into unknown readable memory: 0x00007f60c8e1c258 | 58 c2 e1 c8 60 7f 00 00
RCX=0x0 is null
RDX=0x0000000000000001 is an unknown value
RSP=0x00007f60a87729c0 points into unknown readable memory: 0x000000070c821a10 | 10 1a 82 0c 07 00 00 00
RBP=0x00007f60a8772a60 points into unknown readable memory: 0x00007f60a8772ab0 | b0 2a 77 a8 60 7f 00 00
RSI=0x00007f60c8ee8e80: <offset 0x00000000014e8e80> in /home/gsscala/.vscode/extensions/redhat.java-1.42.0-linux-x64/jre/21.0.7-linux-x86_64/lib/server/libjvm.so at 0x00007f60c7a00000
RDI=0x0000000000003865 is an unknown value
R8 =0x0 is null
R9 =0x0 is null
R10=0x000000070c8313c8 is an oop: java.util.HashMap$Node 
{0x000000070c8313c8} - klass: 'java/util/HashMap$Node'
 - ---- fields (total size 4 words):
 - final 'hash' 'I' @12  -1783912364 (0x95aba854)
 - final 'key' 'Ljava/lang/Object;' @16  "sun.reflect.misc"{0x00000007ffe4ea58} (0xfffc9d4b)
 - 'value' 'Ljava/lang/Object;' @20  
[error occurred during error reporting (printing register info), id 0xb, SIGSEGV (0xb) at pc=0x00007f60c86ea54d]
R11=0xe1954c58000dcc80 is an unknown value
R12=0x000000070c8313dd points into unknown readable memory: 4c 95 e1
R13=
[error occurred during error reporting (printing register info, attempt 2), id 0xb, SIGSEGV (0xb) at pc=0x00007f60c81cc1e3]
R14=0x00007f60c8eea6e8: <offset 0x00000000014ea6e8> in /home/gsscala/.vscode/extensions/redhat.java-1.42.0-linux-x64/jre/21.0.7-linux-x86_64/lib/server/libjvm.so at 0x00007f60c7a00000
R15=0x0000000000000001 is an unknown value

Top of Stack: (sp=0x00007f60a87729c0)
0x00007f60a87729c0:   000000070c821a10 000000070cab35d0
0x00007f60a87729d0:   00007f6000000000 0000000000000001
0x00007f60a87729e0:   000000000000000a 00007f60c00c9750
0x00007f60a87729f0:   0000000700000000 00007f605f82efab
0x00007f60a8772a00:   000000070c831300 00007f60c8ee8e90
0x00007f60a8772a10:   00000040a8772a20 000000070c8313c8
0x00007f60a8772a20:   00017f60a8772a40 0000000000000001
0x00007f60a8772a30:   0000000000005ea1 00007f6010000cf0
0x00007f60a8772a40:   00007f60c00d8d58 000001f800000000
0x00007f60a8772a50:   00007f6010001288 0000000800000000
0x00007f60a8772a60:   00007f60a8772ab0 00007f60c823ae5a
0x00007f60a8772a70:   00007f60a8772a80 00007f6040000d30
0x00007f60a8772a80:   000000000bd76b80 000000001a7b7b80
0x00007f60a8772a90:   000001f000000000 00007f60c00d8c40
0x00007f60a8772aa0:   000001f800000000 00007f6010001288
0x00007f60a8772ab0:   00007f60a8772bc0 00007f60c823d615
0x00007f60a8772ac0:   00007f60a8772b10 00000000c8207a72
0x00007f60a8772ad0:   00007f6040000d30 00007f6010001280
0x00007f60a8772ae0:   00007f60a9172f80 00007f60a8772b30
0x00007f60a8772af0:   0000000000000000 00007f60a8772b10
0x00007f60a8772b00:   00007f60a9172fc8 0000000000000000
0x00007f60a8772b10:   0000000000000000 0000000000000001
0x00007f60a8772b20:   0000000000000000 01007f6010000cf0
0x00007f60a8772b30:   00007f60c8e1be68 000000000bd752f5
0x00007f60a8772b40:   000000001a7b42fc 00007f6000000007
0x00007f60a8772b50:   00007f6040000d30 0000000000000000
0x00007f60a8772b60:   0000000000000000 0000000000000000
0x00007f60a8772b70:   0000000000000000 00007f6010000cf0
0x00007f60a8772b80:   00007f60a8772bc0 00007f60c8203a00
0x00007f60a8772b90:   00007f60a8772ca0 00007f60a9172f80
0x00007f60a8772ba0:   00007f6040000d30 0000000000000000
0x00007f60a8772bb0:   00007f6010001280 00007f60a8772c40 

Instructions: (pc=0x00007f60c8219795)
0x00007f60c8219695:   d8 49 c1 e8 03 41 83 e0 0f 44 3b 83 80 01 00 00
0x00007f60c82196a5:   19 d2 31 c0 83 c2 01 44 3b 83 80 01 00 00 44 0f
0x00007f60c82196b5:   43 f8 48 8b 73 08 44 88 7d c6 88 55 c7 4c 8d 3d
0x00007f60c82196c5:   eb 1d d1 00 8b 8e 18 02 00 00 48 8b 86 10 02 00
0x00007f60c82196d5:   00 48 d3 e0 48 89 c1 4c 89 e8 48 29 c8 41 8b 0f
0x00007f60c82196e5:   48 d3 e8 48 8b 8e f8 01 00 00 89 c0 48 8b 04 c1
0x00007f60c82196f5:   8b b8 8c 00 00 00 48 89 45 98 48 8b 43 70 89 7d
0x00007f60c8219705:   a0 84 d2 0f 85 6f 0f 00 00 48 8b 48 10 89 fa 48
0x00007f60c8219715:   8b 14 d1 4c 8b 4a 30 48 8b 42 38 4c 29 c8 48 c1
0x00007f60c8219725:   e8 03 4c 39 d0 0f 82 92 0e 00 00 4b 8d 04 d1 48
0x00007f60c8219735:   89 42 30 4d 85 c9 0f 84 81 0e 00 00 48 8d 05 b8
0x00007f60c8219745:   03 cd 00 48 8b 00 41 0f 18 0c 01 49 83 fa 08 0f
0x00007f60c8219755:   87 69 20 00 00 48 8d 3d 2b 1c 9b 00 4a 63 04 97
0x00007f60c8219765:   48 01 f8 ff e0 4c 8d 35 77 0f cd 00 41 0f b6 16
0x00007f60c8219775:   84 d2 0f 84 72 07 00 00 48 8d 35 fc f6 cc 00 41
0x00007f60c8219785:   8b 45 08 8b 4e 08 48 d3 e0 48 03 06 48 89 45 98
0x00007f60c8219795:   8b 48 08 85 c9 0f 8e ba 0f 00 00 f6 c1 01 74 1a
0x00007f60c82197a5:   48 8b 00 48 8d 3d f1 d4 ac ff 48 8b 80 00 01 00
0x00007f60c82197b5:   00 48 39 f8 0f 85 5b 24 00 00 c1 f9 03 4c 63 d1
0x00007f60c82197c5:   80 7d a0 00 4c 89 5d c8 0f 85 0b 0f 00 00 48 8d
0x00007f60c82197d5:   05 ae 07 cd 00 83 38 02 0f 84 1e 1e 00 00 41 83
0x00007f60c82197e5:   e0 01 0f 84 1e 1e 00 00 4c 89 d8 48 c1 e8 03 41
0x00007f60c82197f5:   89 c0 41 83 e0 0f 44 3b 83 80 01 00 00 19 d2 31
0x00007f60c8219805:   c0 83 c2 01 44 3b 83 80 01 00 00 44 0f 43 f8 48
0x00007f60c8219815:   8b 73 08 44 88 7d c6 88 55 c7 4c 8d 3d 8e 1c d1
0x00007f60c8219825:   00 8b 8e 18 02 00 00 48 8b 86 10 02 00 00 48 d3
0x00007f60c8219835:   e0 48 89 c1 4c 89 e8 48 29 c8 41 8b 0f 48 d3 e8
0x00007f60c8219845:   48 8b 8e f8 01 00 00 89 c0 48 8b 04 c1 8b b8 8c
0x00007f60c8219855:   00 00 00 48 89 45 88 48 8b 43 70 89 7d 90 84 d2
0x00007f60c8219865:   0f 85 67 0e 00 00 48 8b 48 10 89 fa 48 8b 14 d1
0x00007f60c8219875:   4c 8b 4a 30 48 8b 42 38 4c 29 c8 4c 89 4d b8 48
0x00007f60c8219885:   c1 e8 03 4c 39 d0 0f 82 5d 0e 00 00 4b 8d 04 d1 


Stack slot to memory mapping:

stack at sp + 0 slots: 0x000000070c821a10 is an oop: java.lang.invoke.MethodType 
{0x000000070c821a10} - klass: 'java/lang/invoke/MethodType'
 - ---- fields (total size 5 words):
 - private final 'rtype' 'Ljava/lang/Class;' @12  a 'java/lang/Class'{0x00000007ffe7f148} = 'java/lang/Object' (0xfffcfe29)
 - private final 'ptypes' '[Ljava/lang/Class;' @16  a 'java/lang/Class'[1] {0x000000070c821a38} (0xe1904347)
 - private 'form' 'Ljava/lang/invoke/MethodTypeForm;' @20  a 'java/lang/invoke/MethodTypeForm'{0x000000070c821a50} (0xe190434a)
 - private 'wrapAlt' 'Ljava/lang/Object;' @24  null (0x00000000)
 - private 'invokers' 'Ljava/lang/invoke/Invokers;' @28  a 'java/lang/invoke/Invokers'{0x000000070c8791b0} (0xe190f236)
 - private 'methodDescriptor' 'Ljava/lang/String;' @32  "(Ljava/lang/Object;)Ljava/lang/Object;"{0x000000070c879160} (0xe190f22c)
 - signature: (Ljava/lang/Object;)Ljava/lang/Object;
stack at sp + 1 slots: 0x000000070cab35d0 is an oop: java.lang.invoke.MethodType 
{0x000000070cab35d0} - klass: 'java/lang/invoke/MethodType'
 - ---- fields (total size 5 words):
 - private final 'rtype' 'Ljava/lang/Class;' @12  a 'java/lang/Class'{0x00000007ffe7f148} = 'java/lang/Object' (0xfffcfe29)
 - private final 'ptypes' '[Ljava/lang/Class;' @16  a 'java/lang/Class'[1] {0x000000070cab35b8} (0xe19566b7)
 - private 'form' 'Ljava/lang/invoke/MethodTypeForm;' @20  a 'java/lang/invoke/MethodTypeForm'{0x000000070cab3608} (0xe19566c1)
 - private 'wrapAlt' 'Ljava/lang/Object;' @24  null (0x00000000)
 - private 'invokers' 'Ljava/lang/invoke/Invokers;' @28  a 'java/lang/invoke/Invokers'{0x000000070cabd4f0} (0xe1957a9e)
 - private 'methodDescriptor' 'Ljava/lang/String;' @32  "(Ljava/lang/Object;)Ljava/lang/Object;"{0x000000070cb58378} (0xe196b06f)
 - signature: (Ljava/lang/Object;)Ljava/lang/Object;
stack at sp + 2 slots: 0x00007f6000000000 is an unknown value
stack at sp + 3 slots: 0x0000000000000001 is an unknown value
stack at sp + 4 slots: 0x000000000000000a is an unknown value
stack at sp + 5 slots: 0x00007f60c00c9750 points into unknown readable memory: 0x000000070ca00000 | 00 00 a0 0c 07 00 00 00
stack at sp + 6 slots: 0x0000000700000000 is an unknown value
stack at sp + 7 slots: 0x00007f605f82efab is an unknown value


---------------  P R O C E S S  ---------------

Threads class SMR info:
_java_thread_list=0x00007f60c013fd20, length=10, elements={
0x00007f60c002b670, 0x00007f60c00f8610, 0x00007f60c00f9a30, 0x00007f60c00fb070,
0x00007f60c00fc6a0, 0x00007f60c00fdc30, 0x00007f60c00ff760, 0x00007f60c0100e10,
0x00007f60c01350e0, 0x00007f60c013ec80
}

Java Threads: ( => current thread )
  0x00007f60c002b670 JavaThread "main"                              [_thread_blocked, id=86200, stack(0x00007f60c7900000,0x00007f60c7a00000) (1024K)]
  0x00007f60c00f8610 JavaThread "Reference Handler"          daemon [_thread_blocked, id=86208, stack(0x00007f60a8f74000,0x00007f60a9074000) (1024K)]
  0x00007f60c00f9a30 JavaThread "Finalizer"                  daemon [_thread_blocked, id=86209, stack(0x00007f60a8e74000,0x00007f60a8f74000) (1024K)]
  0x00007f60c00fb070 JavaThread "Signal Dispatcher"          daemon [_thread_blocked, id=86210, stack(0x00007f60a8d74000,0x00007f60a8e74000) (1024K)]
  0x00007f60c00fc6a0 JavaThread "Service Thread"             daemon [_thread_blocked, id=86211, stack(0x00007f60a8c74000,0x00007f60a8d74000) (1024K)]
  0x00007f60c00fdc30 JavaThread "Monitor Deflation Thread"   daemon [_thread_blocked, id=86212, stack(0x00007f60a8b74000,0x00007f60a8c74000) (1024K)]
  0x00007f60c00ff760 JavaThread "C2 CompilerThread0"         daemon [_thread_blocked, id=86213, stack(0x00007f60a8a74000,0x00007f60a8b74000) (1024K)]
  0x00007f60c0100e10 JavaThread "C1 CompilerThread0"         daemon [_thread_blocked, id=86214, stack(0x00007f60a8974000,0x00007f60a8a74000) (1024K)]
  0x00007f60c01350e0 JavaThread "Notification Thread"        daemon [_thread_blocked, id=86215, stack(0x00007f60a8874000,0x00007f60a8974000) (1024K)]
  0x00007f60c013ec80 JavaThread "Common-Cleaner"             daemon [_thread_blocked, id=86216, stack(0x00007f60a8774000,0x00007f60a8874000) (1024K)]
Total: 10

Other Threads:
  0x00007f60c00eeef0 VMThread "VM Thread"                           [id=86207, stack(0x00007f60a9075000,0x00007f60a9175000) (1024K)]
  0x00007f60c00dcdf0 WatcherThread "VM Periodic Task Thread"        [id=86206, stack(0x00007f60a9176000,0x00007f60a9276000) (1024K)]
  0x00007f60c0092230 WorkerThread "GC Thread#0"                     [id=86201, stack(0x00007f60abfd1000,0x00007f60ac0d1000) (1024K)]
=>0x00007f60400077f0 WorkerThread "GC Thread#1"                     [id=86217, stack(0x00007f60a8674000,0x00007f60a8774000) (1024K)]
  0x00007f60c00a2ac0 ConcurrentGCThread "G1 Main Marker"            [id=86202, stack(0x00007f60abed0000,0x00007f60abfd0000) (1024K)]
  0x00007f60c00a3920 WorkerThread "G1 Conc#0"                       [id=86203, stack(0x00007f60abdcf000,0x00007f60abecf000) (1024K)]
  0x00007f60c00ca6a0 ConcurrentGCThread "G1 Refine#0"               [id=86204, stack(0x00007f60a93f9000,0x00007f60a94f9000) (1024K)]
  0x00007f60c00cb650 ConcurrentGCThread "G1 Service"                [id=86205, stack(0x00007f60a92f8000,0x00007f60a93f8000) (1024K)]
Total: 8

Threads with active compile tasks:
C2 CompilerThread0  212  282       4       java.nio.Buffer::session (20 bytes)
C1 CompilerThread0  212  284       3       java.nio.ByteBuffer::limit (8 bytes)
Total: 2

VM state: at safepoint (normal execution)

VM Mutex/Monitor currently owned by a thread:  ([mutex/lock_event])
[0x00007f60c8f45cd0] Threads_lock - owner thread: 0x00007f60c00eeef0
[0x00007f60c8f45bd0] Heap_lock - owner thread: 0x00007f60c002b670

Heap address: 0x000000070c400000, size: 3900 MB, Compressed Oops mode: Zero based, Oop shift amount: 3

CDS archive(s) mapped at: [0x00007f6053000000-0x00007f6053bb6000-0x00007f6053bb6000), size 12279808, SharedBaseAddress: 0x00007f6053000000, ArchiveRelocationMode: 1.
Compressed class space mapped at: 0x00007f6054000000-0x00007f6094000000, reserved size: 1073741824
Narrow klass base: 0x00007f6053000000, Narrow klass shift: 0, Narrow klass range: 0x100000000

GC Precious Log:
 CardTable entry size: 512
 Card Set container configuration: InlinePtr #cards 4 size 8 Array Of Cards #cards 16 size 48 Howl #buckets 8 coarsen threshold 3686 Howl Bitmap #cards 512 size 80 coarsen threshold 460 Card regions per heap region 1 cards per card region 4096
 CPUs: 8 total, 8 available
 Memory: 15592M
 Large Page Support: Disabled
 NUMA Support: Disabled
 Compressed Oops: Enabled (Zero based)
 Heap Region Size: 2M
 Heap Min Capacity: 8M
 Heap Initial Capacity: 8M
 Heap Max Capacity: 3900M
 Pre-touch: Disabled
 Parallel Workers: 8
 Concurrent Workers: 2
 Concurrent Refinement Workers: 8
 Periodic GC: Disabled

Heap:
 garbage-first heap   total 10240K, used 3114K [0x000000070c400000, 0x0000000800000000)
  region size 2048K, 2 young (4096K), 1 survivors (2048K)
 Metaspace       used 674K, committed 896K, reserved 1114112K
  class space    used 69K, committed 192K, reserved 1048576K

Heap Regions: E=young(eden), S=young(survivor), O=old, HS=humongous(starts), HC=humongous(continues), CS=collection set, F=free, TAMS=top-at-mark-start, PB=parsable bottom
|   0|0x000000070c400000, 0x000000070c400000, 0x000000070c600000|  0%| F|  |TAMS 0x000000070c400000| PB 0x000000070c400000| Untracked 
|   1|0x000000070c600000, 0x000000070c600000, 0x000000070c800000|  0%| F|  |TAMS 0x000000070c600000| PB 0x000000070c600000| Untracked 
|   2|0x000000070c800000, 0x000000070c880000, 0x000000070ca00000| 25%| S|  |TAMS 0x000000070c800000| PB 0x000000070c800000| Complete 
|   3|0x000000070ca00000, 0x000000070cc00000, 0x000000070cc00000|100%| E|CS|TAMS 0x000000070ca00000| PB 0x000000070ca00000| Complete 
|1949|0x00000007ffe00000, 0x00000007fff0aa80, 0x0000000800000000| 52%| O|  |TAMS 0x00000007ffe00000| PB 0x00000007ffe00000| Untracked 

Card table byte_map: [0x00007f60afdc1000,0x00007f60b055f000] _byte_map_base: 0x00007f60ac55f000

Marking Bits: (CMBitMap*) 0x00007f60c0092c10
 Bits: [0x00007f60ac0d1000, 0x00007f60afdc1000)

Polling page: 0x00007f60c9351000

Metaspace:

Usage:
  Non-class:    605,45 KB used.
      Class:     69,27 KB used.
       Both:    674,72 KB used.

Virtual space:
  Non-class space:       64,00 MB reserved,     704,00 KB (  1%) committed,  1 nodes.
      Class space:        1,00 GB reserved,     192,00 KB ( <1%) committed,  1 nodes.
             Both:        1,06 GB reserved,     896,00 KB ( <1%) committed. 

Chunk freelists:
   Non-Class:  11,78 MB
       Class:  15,68 MB
        Both:  27,47 MB

MaxMetaspaceSize: unlimited
CompressedClassSpaceSize: 1,00 GB
Initial GC threshold: 21,00 MB
Current GC threshold: 21,00 MB
CDS: on
 - commit_granule_bytes: 65536.
 - commit_granule_words: 8192.
 - virtual_space_node_default_size: 8388608.
 - enlarge_chunks_in_place: 1.
 - use_allocation_guard: 0.


Internal statistics:

num_allocs_failed_limit: 0.
num_arena_births: 52.
num_arena_deaths: 0.
num_vsnodes_births: 2.
num_vsnodes_deaths: 0.
num_space_committed: 14.
num_space_uncommitted: 0.
num_chunks_returned_to_freelist: 0.
num_chunks_taken_from_freelist: 76.
num_chunk_merges: 0.
num_chunk_splits: 43.
num_chunks_enlarged: 25.
num_inconsistent_stats: 0.

CodeHeap 'non-profiled nmethods': size=120028Kb used=99Kb max_used=99Kb free=119928Kb
 bounds [0x00007f60b8ac9000, 0x00007f60b8d39000, 0x00007f60c0000000]
CodeHeap 'profiled nmethods': size=120028Kb used=315Kb max_used=315Kb free=119712Kb
 bounds [0x00007f60b1000000, 0x00007f60b1270000, 0x00007f60b8537000]
CodeHeap 'non-nmethods': size=5704Kb used=1265Kb max_used=1278Kb free=4439Kb
 bounds [0x00007f60b8537000, 0x00007f60b87a7000, 0x00007f60b8ac9000]
 total_blobs=677 nmethods=281 adapters=302
 compilation: enabled
              stopped_count=0, restarted_count=0
 full_count=0

Compilation events (20 events):
Event: 0,195 Thread 0x00007f60c0100e10  271       3       jdk.internal.util.ArraysSupport::newLength (27 bytes)
Event: 0,195 Thread 0x00007f60c0100e10 nmethod 271 0x00007f60b104c090 code [0x00007f60b104c240, 0x00007f60b104c490]
Event: 0,195 Thread 0x00007f60c0100e10  269       3       jdk.internal.org.objectweb.asm.SymbolTable::addConstantClass (8 bytes)
Event: 0,195 Thread 0x00007f60c0100e10 nmethod 269 0x00007f60b104c590 code [0x00007f60b104c740, 0x00007f60b104c880]
Event: 0,195 Thread 0x00007f60c0100e10  276       3       java.lang.AbstractStringBuilder::newCapacity (59 bytes)
Event: 0,195 Thread 0x00007f60c0100e10 nmethod 276 0x00007f60b104c910 code [0x00007f60b104cae0, 0x00007f60b104cea0]
Event: 0,195 Thread 0x00007f60c0100e10  277       3       jdk.internal.org.objectweb.asm.SymbolTable::addType (81 bytes)
Event: 0,196 Thread 0x00007f60c0100e10 nmethod 277 0x00007f60b104d010 code [0x00007f60b104d220, 0x00007f60b104d750]
Event: 0,196 Thread 0x00007f60c0100e10  279       3       jdk.internal.org.objectweb.asm.ByteVector::put122 (93 bytes)
Event: 0,196 Thread 0x00007f60c00ff760 nmethod 264 0x00007f60b8ae1910 code [0x00007f60b8ae1a80, 0x00007f60b8ae1c20]
Event: 0,196 Thread 0x00007f60c0100e10 nmethod 279 0x00007f60b104da10 code [0x00007f60b104dbc0, 0x00007f60b104de40]
Event: 0,196 Thread 0x00007f60c0100e10  278       3       java.lang.reflect.Modifier::isStatic (13 bytes)
Event: 0,196 Thread 0x00007f60c0100e10 nmethod 278 0x00007f60b104e010 code [0x00007f60b104e1a0, 0x00007f60b104e2d8]
Event: 0,197 Thread 0x00007f60c0100e10  280       3       java.nio.Buffer::limit (65 bytes)
Event: 0,197 Thread 0x00007f60c0100e10 nmethod 280 0x00007f60b104e390 code [0x00007f60b104e540, 0x00007f60b104e7c8]
Event: 0,197 Thread 0x00007f60c0100e10  281       3       java.lang.String::toString (2 bytes)
Event: 0,197 Thread 0x00007f60c0100e10 nmethod 281 0x00007f60b104e890 code [0x00007f60b104ea20, 0x00007f60b104eb28]
Event: 0,197 Thread 0x00007f60c00ff760  282       4       java.nio.Buffer::session (20 bytes)
Event: 0,198 Thread 0x00007f60c0100e10  284       3       java.nio.ByteBuffer::limit (8 bytes)
Event: 0,198 Thread 0x00007f60c0100e10 nmethod 284 0x00007f60b104eb90 code [0x00007f60b104ed40, 0x00007f60b104ee88]

GC Heap History (1 events):
Event: 0,198 GC heap before
{Heap before GC invocations=0 (full 0):
 garbage-first heap   total 10240K, used 3114K [0x000000070c400000, 0x0000000800000000)
  region size 2048K, 1 young (2048K), 0 survivors (0K)
 Metaspace       used 674K, committed 896K, reserved 1114112K
  class space    used 69K, committed 192K, reserved 1048576K
}

Dll operation events (5 events):
Event: 0,004 Loaded shared library /home/gsscala/.vscode/extensions/redhat.java-1.42.0-linux-x64/jre/21.0.7-linux-x86_64/lib/libjava.so
Event: 0,089 Loaded shared library /home/gsscala/.vscode/extensions/redhat.java-1.42.0-linux-x64/jre/21.0.7-linux-x86_64/lib/libzip.so
Event: 0,125 Loaded shared library /home/gsscala/.vscode/extensions/redhat.java-1.42.0-linux-x64/jre/21.0.7-linux-x86_64/lib/libnio.so
Event: 0,126 Loaded shared library /home/gsscala/.vscode/extensions/redhat.java-1.42.0-linux-x64/jre/21.0.7-linux-x86_64/lib/libjimage.so
Event: 0,140 Loaded shared library /home/gsscala/.vscode/extensions/redhat.java-1.42.0-linux-x64/jre/21.0.7-linux-x86_64/lib/libzip.so

Deoptimization events (4 events):
Event: 0,147 Thread 0x00007f60c002b670 Uncommon trap: trap_request=0xffffff45 fr.pc=0x00007f60b8acc2c0 relative=0x00000000000000a0
Event: 0,147 Thread 0x00007f60c002b670 Uncommon trap: reason=unstable_if action=reinterpret pc=0x00007f60b8acc2c0 method=java.lang.String.hashCode()I @ 13 c2
Event: 0,147 Thread 0x00007f60c002b670 DEOPT PACKING pc=0x00007f60b8acc2c0 sp=0x00007f60c79fd0b0
Event: 0,147 Thread 0x00007f60c002b670 DEOPT UNPACKING pc=0x00007f60b858af99 sp=0x00007f60c79fd068 mode 2

Classes loaded (20 events):
Event: 0,173 Loading class java/lang/IllegalAccessException
Event: 0,173 Loading class java/lang/IllegalAccessException done
Event: 0,173 Loading class java/lang/InstantiationException
Event: 0,173 Loading class java/lang/InstantiationException done
Event: 0,173 Loading class java/lang/reflect/InvocationTargetException
Event: 0,174 Loading class java/lang/reflect/InvocationTargetException done
Event: 0,174 Loading class jdk/internal/perf/Perf$CleanerAction
Event: 0,174 Loading class jdk/internal/perf/Perf$CleanerAction done
Event: 0,187 Loading class java/net/MalformedURLException
Event: 0,187 Loading class java/net/MalformedURLException done
Event: 0,187 Loading class java/lang/InterruptedException
Event: 0,187 Loading class java/lang/InterruptedException done
Event: 0,190 Loading class sun/invoke/util/ValueConversions$1
Event: 0,190 Loading class sun/invoke/util/ValueConversions$1 done
Event: 0,191 Loading class java/lang/invoke/BoundMethodHandle$Species_LI
Event: 0,191 Loading class java/lang/invoke/BoundMethodHandle$Species_LI done
Event: 0,197 Loading class jdk/internal/foreign/MemorySessionImpl
Event: 0,197 Loading class java/lang/foreign/MemorySegment$Scope
Event: 0,197 Loading class java/lang/foreign/MemorySegment$Scope done
Event: 0,197 Loading class jdk/internal/foreign/MemorySessionImpl done

Classes unloaded (0 events):
No events

Classes redefined (0 events):
No events

Internal exceptions (4 events):
Event: 0,189 Thread 0x00007f60c002b670 Exception <a 'java/lang/NoSuchMethodError'{0x000000070cbce248}: 'java.lang.Object java.lang.invoke.DirectMethodHandle$Holder.newInvokeSpecial(java.lang.Object, java.lang.Object, int)'> (0x000000070cbce248) 
thrown [src/hotspot/share/interpreter/linkResolver.cpp, line 772]
Event: 0,190 Thread 0x00007f60c002b670 Exception <a 'java/lang/NoSuchMethodError'{0x000000070cbd29b0}: 'int java.lang.invoke.DirectMethodHandle$Holder.invokeSpecial(java.lang.Object, java.lang.Object, java.lang.Object, int)'> (0x000000070cbd29b0) 
thrown [src/hotspot/share/interpreter/linkResolver.cpp, line 772]
Event: 0,193 Thread 0x00007f60c002b670 Exception <a 'java/lang/NoSuchMethodError'{0x000000070cbe57f0}: 'java.lang.Object java.lang.invoke.DirectMethodHandle$Holder.invokeStatic(java.lang.Object, java.lang.Object, java.lang.Object, java.lang.Object, int)'> (0x000000070cbe57f0) 
thrown [src/hotspot/share/interpreter/linkResolver.cpp, line 772]
Event: 0,195 Thread 0x00007f60c002b670 Exception <a 'java/lang/NoSuchMethodError'{0x000000070cbee600}: 'int java.lang.invoke.DirectMethodHandle$Holder.invokeSpecial(java.lang.Object, java.lang.Object, java.lang.Object)'> (0x000000070cbee600) 
thrown [src/hotspot/share/interpreter/linkResolver.cpp, line 772]

ZGC Phase Switch (0 events):
No events

VM Operations (1 events):
Event: 0,198 Executing VM operation: G1CollectForAllocation (G1 Evacuation Pause)

Memory protections (10 events):
Event: 0,004 Protecting memory [0x00007f60c7900000,0x00007f60c7904000] with protection modes 0
Event: 0,060 Protecting memory [0x00007f60a8f74000,0x00007f60a8f78000] with protection modes 0
Event: 0,061 Protecting memory [0x00007f60a8e74000,0x00007f60a8e78000] with protection modes 0
Event: 0,062 Protecting memory [0x00007f60a8d74000,0x00007f60a8d78000] with protection modes 0
Event: 0,062 Protecting memory [0x00007f60a8c74000,0x00007f60a8c78000] with protection modes 0
Event: 0,063 Protecting memory [0x00007f60a8b74000,0x00007f60a8b78000] with protection modes 0
Event: 0,063 Protecting memory [0x00007f60a8a74000,0x00007f60a8a78000] with protection modes 0
Event: 0,064 Protecting memory [0x00007f60a8974000,0x00007f60a8978000] with protection modes 0
Event: 0,119 Protecting memory [0x00007f60a8874000,0x00007f60a8878000] with protection modes 0
Event: 0,138 Protecting memory [0x00007f60a8774000,0x00007f60a8778000] with protection modes 0

Nmethod flushes (0 events):
No events

Events (10 events):
Event: 0,036 Thread 0x00007f60c002b670 Thread added: 0x00007f60c002b670
Event: 0,060 Thread 0x00007f60c002b670 Thread added: 0x00007f60c00f8610
Event: 0,060 Thread 0x00007f60c002b670 Thread added: 0x00007f60c00f9a30
Event: 0,062 Thread 0x00007f60c002b670 Thread added: 0x00007f60c00fb070
Event: 0,062 Thread 0x00007f60c002b670 Thread added: 0x00007f60c00fc6a0
Event: 0,063 Thread 0x00007f60c002b670 Thread added: 0x00007f60c00fdc30
Event: 0,063 Thread 0x00007f60c002b670 Thread added: 0x00007f60c00ff760
Event: 0,064 Thread 0x00007f60c002b670 Thread added: 0x00007f60c0100e10
Event: 0,119 Thread 0x00007f60c002b670 Thread added: 0x00007f60c01350e0
Event: 0,138 Thread 0x00007f60c002b670 Thread added: 0x00007f60c013ec80


Dynamic libraries:
70c400000-70cc00000 rw-p 00000000 00:00 0 
70cc00000-7ffe00000 ---p 00000000 00:00 0 
7ffe00000-7fff0b000 rw-p 00bf2000 00:21 315035                           /home/gsscala/.vscode/extensions/redhat.java-1.42.0-linux-x64/jre/21.0.7-linux-x86_64/lib/server/classes.jsa
7fff0b000-800000000 rw-p 00000000 00:00 0 
562ec03de000-562ec03df000 r-xp 00000000 00:21 314626                     /home/gsscala/.vscode/extensions/redhat.java-1.42.0-linux-x64/jre/21.0.7-linux-x86_64/bin/jcmd
562ec03e0000-562ec03e1000 r--p 00001000 00:21 314626                     /home/gsscala/.vscode/extensions/redhat.java-1.42.0-linux-x64/jre/21.0.7-linux-x86_64/bin/jcmd
562ec03e1000-562ec03e2000 rw-p 00002000 00:21 314626                     /home/gsscala/.vscode/extensions/redhat.java-1.42.0-linux-x64/jre/21.0.7-linux-x86_64/bin/jcmd
562ef78c1000-562ef7907000 rw-p 00000000 00:00 0                          [heap]
7f600c000000-7f600c021000 rw-p 00000000 00:00 0 
7f600c021000-7f6010000000 ---p 00000000 00:00 0 
7f6010000000-7f6010043000 rw-p 00000000 00:00 0 
7f6010043000-7f6014000000 ---p 00000000 00:00 0 
7f6014000000-7f6014131000 rw-p 00000000 00:00 0 
7f6014131000-7f6018000000 ---p 00000000 00:00 0 
7f6018000000-7f6018021000 rw-p 00000000 00:00 0 
7f6018021000-7f601c000000 ---p 00000000 00:00 0 
7f601c000000-7f601c021000 rw-p 00000000 00:00 0 
7f601c021000-7f6020000000 ---p 00000000 00:00 0 
7f6020000000-7f6020119000 rw-p 00000000 00:00 0 
7f6020119000-7f6024000000 ---p 00000000 00:00 0 
7f6024000000-7f6024021000 rw-p 00000000 00:00 0 
7f6024021000-7f6028000000 ---p 00000000 00:00 0 
7f6028000000-7f6028021000 rw-p 00000000 00:00 0 
7f6028021000-7f602c000000 ---p 00000000 00:00 0 
7f602c000000-7f602c021000 rw-p 00000000 00:00 0 
7f602c021000-7f6030000000 ---p 00000000 00:00 0 
7f6032000000-7f603fe70000 r--p 00000000 00:21 363990                     /usr/lib/locale/locale-archive
7f6040000000-7f6040021000 rw-p 00000000 00:00 0 
7f6040021000-7f6044000000 ---p 00000000 00:00 0 
7f6044000000-7f6044021000 rw-p 00000000 00:00 0 
7f6044021000-7f6048000000 ---p 00000000 00:00 0 
7f6048000000-7f6048070000 rw-p 00000000 00:00 0 
7f6048070000-7f6048400000 ---p 00000000 00:00 0 
7f6048400000-7f6048440000 rw-p 00000000 00:00 0 
7f6048440000-7f604c000000 ---p 00000000 00:00 0 
7f604c000000-7f604c021000 rw-p 00000000 00:00 0 
7f604c021000-7f6050000000 ---p 00000000 00:00 0 
7f6053000000-7f6053bb6000 rw-p 00001000 00:21 315035                     /home/gsscala/.vscode/extensions/redhat.java-1.42.0-linux-x64/jre/21.0.7-linux-x86_64/lib/server/classes.jsa
7f6053bb6000-7f6054000000 ---p 00000000 00:00 0 
7f6054000000-7f6054020000 rw-p 00000000 00:00 0 
7f6054020000-7f6054040000 ---p 00000000 00:00 0 
7f6054040000-7f6054050000 rw-p 00000000 00:00 0 
7f6054050000-7f6094000000 ---p 00000000 00:00 0 
7f6094000000-7f6094021000 rw-p 00000000 00:00 0 
7f6094021000-7f6098000000 ---p 00000000 00:00 0 
7f6098000000-7f6098021000 rw-p 00000000 00:00 0 
7f6098021000-7f609c000000 ---p 00000000 00:00 0 
7f609c000000-7f609c021000 rw-p 00000000 00:00 0 
7f609c021000-7f60a0000000 ---p 00000000 00:00 0 
7f60a0000000-7f60a0021000 rw-p 00000000 00:00 0 
7f60a0021000-7f60a4000000 ---p 00000000 00:00 0 
7f60a4000000-7f60a4021000 rw-p 00000000 00:00 0 
7f60a4021000-7f60a8000000 ---p 00000000 00:00 0 
7f60a820a000-7f60a8673000 rw-p 00000000 00:00 0 
7f60a8673000-7f60a8674000 ---p 00000000 00:00 0 
7f60a8674000-7f60a8774000 rw-p 00000000 00:00 0 
7f60a8774000-7f60a8778000 ---p 00000000 00:00 0 
7f60a8778000-7f60a8874000 rw-p 00000000 00:00 0 
7f60a8874000-7f60a8878000 ---p 00000000 00:00 0 
7f60a8878000-7f60a8974000 rw-p 00000000 00:00 0 
7f60a8974000-7f60a8978000 ---p 00000000 00:00 0 
7f60a8978000-7f60a8a74000 rw-p 00000000 00:00 0 
7f60a8a74000-7f60a8a78000 ---p 00000000 00:00 0 
7f60a8a78000-7f60a8b74000 rw-p 00000000 00:00 0 
7f60a8b74000-7f60a8b78000 ---p 00000000 00:00 0 
7f60a8b78000-7f60a8c74000 rw-p 00000000 00:00 0 
7f60a8c74000-7f60a8c78000 ---p 00000000 00:00 0 
7f60a8c78000-7f60a8d74000 rw-p 00000000 00:00 0 
7f60a8d74000-7f60a8d78000 ---p 00000000 00:00 0 
7f60a8d78000-7f60a8e74000 rw-p 00000000 00:00 0 
7f60a8e74000-7f60a8e78000 ---p 00000000 00:00 0 
7f60a8e78000-7f60a8f74000 rw-p 00000000 00:00 0 
7f60a8f74000-7f60a8f78000 ---p 00000000 00:00 0 
7f60a8f78000-7f60a9074000 rw-p 00000000 00:00 0 
7f60a9074000-7f60a9075000 ---p 00000000 00:00 0 
7f60a9075000-7f60a9175000 rw-p 00000000 00:00 0 
7f60a9175000-7f60a9176000 ---p 00000000 00:00 0 
7f60a9176000-7f60a9276000 rw-p 00000000 00:00 0 
7f60a9276000-7f60a92f7000 rw-p 00000000 00:00 0 
7f60a92f7000-7f60a92f8000 ---p 00000000 00:00 0 
7f60a92f8000-7f60a93f8000 rw-p 00000000 00:00 0 
7f60a93f8000-7f60a93f9000 ---p 00000000 00:00 0 
7f60a93f9000-7f60a94f9000 rw-p 00000000 00:00 0 
7f60a94f9000-7f60abc00000 rw-p 00000000 00:00 0 
7f60abc0f000-7f60abc3f000 rw-p 00000000 00:00 0 
7f60abc3f000-7f60abc53000 r-xp 00000000 00:21 315016                     /home/gsscala/.vscode/extensions/redhat.java-1.42.0-linux-x64/jre/21.0.7-linux-x86_64/lib/libnio.so
7f60abc53000-7f60abc54000 r--p 00013000 00:21 315016                     /home/gsscala/.vscode/extensions/redhat.java-1.42.0-linux-x64/jre/21.0.7-linux-x86_64/lib/libnio.so
7f60abc54000-7f60abc55000 rw-p 00014000 00:21 315016                     /home/gsscala/.vscode/extensions/redhat.java-1.42.0-linux-x64/jre/21.0.7-linux-x86_64/lib/libnio.so
7f60abc55000-7f60abc70000 r-xp 00000000 00:21 315024                     /home/gsscala/.vscode/extensions/redhat.java-1.42.0-linux-x64/jre/21.0.7-linux-x86_64/lib/libzip.so
7f60abc70000-7f60abc71000 r--p 0001a000 00:21 315024                     /home/gsscala/.vscode/extensions/redhat.java-1.42.0-linux-x64/jre/21.0.7-linux-x86_64/lib/libzip.so
7f60abc71000-7f60abc72000 rw-p 0001b000 00:21 315024                     /home/gsscala/.vscode/extensions/redhat.java-1.42.0-linux-x64/jre/21.0.7-linux-x86_64/lib/libzip.so
7f60abc72000-7f60abdce000 rw-p 00000000 00:00 0 
7f60abdce000-7f60abdcf000 ---p 00000000 00:00 0 
7f60abdcf000-7f60abecf000 rw-p 00000000 00:00 0 
7f60abecf000-7f60abed0000 ---p 00000000 00:00 0 
7f60abed0000-7f60abfd0000 rw-p 00000000 00:00 0 
7f60abfd0000-7f60abfd1000 ---p 00000000 00:00 0 
7f60abfd1000-7f60ac0d1000 rw-p 00000000 00:00 0 
7f60ac0d1000-7f60ac0f1000 rw-p 00000000 00:00 0 
7f60ac0f1000-7f60afdb9000 ---p 00000000 00:00 0 
7f60afdb9000-7f60afdc5000 rw-p 00000000 00:00 0 
7f60afdc5000-7f60b055e000 ---p 00000000 00:00 0 
7f60b055e000-7f60b0563000 rw-p 00000000 00:00 0 
7f60b0563000-7f60b0cfc000 ---p 00000000 00:00 0 
7f60b0cfc000-7f60b1000000 rw-p 00000000 00:00 0 
7f60b1000000-7f60b1270000 rwxp 00000000 00:00 0 
7f60b1270000-7f60b8537000 ---p 00000000 00:00 0 
7f60b8537000-7f60b87a7000 rwxp 00000000 00:00 0 
7f60b87a7000-7f60b8ac9000 ---p 00000000 00:00 0 
7f60b8ac9000-7f60b8d39000 rwxp 00000000 00:00 0 
7f60b8d39000-7f60c0000000 ---p 00000000 00:00 0 
7f60c0000000-7f60c0195000 rw-p 00000000 00:00 0 
7f60c0195000-7f60c4000000 ---p 00000000 00:00 0 
7f60c4002000-7f60c400e000 r-xp 00000000 00:21 315015                     /home/gsscala/.vscode/extensions/redhat.java-1.42.0-linux-x64/jre/21.0.7-linux-x86_64/lib/libnet.so
7f60c400e000-7f60c400f000 r--p 0000b000 00:21 315015                     /home/gsscala/.vscode/extensions/redhat.java-1.42.0-linux-x64/jre/21.0.7-linux-x86_64/lib/libnet.so
7f60c400f000-7f60c4010000 rw-p 0000c000 00:21 315015                     /home/gsscala/.vscode/extensions/redhat.java-1.42.0-linux-x64/jre/21.0.7-linux-x86_64/lib/libnet.so
7f60c4010000-7f60c451a000 rw-p 00000000 00:00 0 
7f60c451a000-7f60c4600000 ---p 00000000 00:00 0 
7f60c4600000-7f60c77ce000 r--s 00000000 00:21 315025                     /home/gsscala/.vscode/extensions/redhat.java-1.42.0-linux-x64/jre/21.0.7-linux-x86_64/lib/modules
7f60c77d4000-7f60c781a000 rw-p 00000000 00:00 0 
7f60c781a000-7f60c7900000 ---p 00000000 00:00 0 
7f60c7900000-7f60c7904000 ---p 00000000 00:00 0 
7f60c7904000-7f60c7a00000 rw-p 00000000 00:00 0 
7f60c7a00000-7f60c8e0f000 r-xp 00000000 00:21 315037                     /home/gsscala/.vscode/extensions/redhat.java-1.42.0-linux-x64/jre/21.0.7-linux-x86_64/lib/server/libjvm.so
7f60c8e0f000-7f60c8e10000 ---p 0140f000 00:21 315037                     /home/gsscala/.vscode/extensions/redhat.java-1.42.0-linux-x64/jre/21.0.7-linux-x86_64/lib/server/libjvm.so
7f60c8e10000-7f60c8ee4000 r--p 0140f000 00:21 315037                     /home/gsscala/.vscode/extensions/redhat.java-1.42.0-linux-x64/jre/21.0.7-linux-x86_64/lib/server/libjvm.so
7f60c8ee4000-7f60c8f14000 rw-p 014e3000 00:21 315037                     /home/gsscala/.vscode/extensions/redhat.java-1.42.0-linux-x64/jre/21.0.7-linux-x86_64/lib/server/libjvm.so
7f60c8f14000-7f60c8f7a000 rw-p 00000000 00:00 0 
7f60c8f7f000-7f60c8f86000 r--s 00000000 00:21 364749                     /usr/lib64/gconv/gconv-modules.cache
7f60c8f86000-7f60c9009000 rw-p 00000000 00:00 0 
7f60c9009000-7f60c9010000 ---p 00000000 00:00 0 
7f60c9010000-7f60c9030000 r-xp 00000000 00:21 315001                     /home/gsscala/.vscode/extensions/redhat.java-1.42.0-linux-x64/jre/21.0.7-linux-x86_64/lib/libjava.so
7f60c9030000-7f60c9031000 ---p 00020000 00:21 315001                     /home/gsscala/.vscode/extensions/redhat.java-1.42.0-linux-x64/jre/21.0.7-linux-x86_64/lib/libjava.so
7f60c9031000-7f60c9032000 r--p 00020000 00:21 315001                     /home/gsscala/.vscode/extensions/redhat.java-1.42.0-linux-x64/jre/21.0.7-linux-x86_64/lib/libjava.so
7f60c9032000-7f60c9033000 rw-p 00021000 00:21 315001                     /home/gsscala/.vscode/extensions/redhat.java-1.42.0-linux-x64/jre/21.0.7-linux-x86_64/lib/libjava.so
7f60c9033000-7f60c9034000 rw-p 00000000 00:00 0 
7f60c9034000-7f60c904f000 r-xp 00000000 00:21 315005                     /home/gsscala/.vscode/extensions/redhat.java-1.42.0-linux-x64/jre/21.0.7-linux-x86_64/lib/libjimage.so
7f60c904f000-7f60c9050000 ---p 0001b000 00:21 315005                     /home/gsscala/.vscode/extensions/redhat.java-1.42.0-linux-x64/jre/21.0.7-linux-x86_64/lib/libjimage.so
7f60c9050000-7f60c9052000 r--p 0001b000 00:21 315005                     /home/gsscala/.vscode/extensions/redhat.java-1.42.0-linux-x64/jre/21.0.7-linux-x86_64/lib/libjimage.so
7f60c9052000-7f60c9053000 rw-p 0001d000 00:21 315005                     /home/gsscala/.vscode/extensions/redhat.java-1.42.0-linux-x64/jre/21.0.7-linux-x86_64/lib/libjimage.so
7f60c9053000-7f60c90cf000 r-xp 00000000 00:21 364071                     /usr/lib64/libm.so.6
7f60c90cf000-7f60c913f000 r--p 0007c000 00:21 364071                     /usr/lib64/libm.so.6
7f60c913f000-7f60c9140000 r--p 000eb000 00:21 364071                     /usr/lib64/libm.so.6
7f60c9140000-7f60c9141000 rw-p 000ec000 00:21 364071                     /usr/lib64/libm.so.6
7f60c9141000-7f60c9142000 r-xp 00000000 00:21 364079                     /usr/lib64/librt.so.1
7f60c9142000-7f60c9143000 r--p 00001000 00:21 364079                     /usr/lib64/librt.so.1
7f60c9143000-7f60c9144000 r--p 00001000 00:21 364079                     /usr/lib64/librt.so.1
7f60c9144000-7f60c9147000 rw-p 00000000 00:00 0 
7f60c9147000-7f60c92b6000 r-xp 00000000 00:21 364069                     /usr/lib64/libc.so.6
7f60c92b6000-7f60c932b000 r--p 0016f000 00:21 364069                     /usr/lib64/libc.so.6
7f60c932b000-7f60c932f000 r--p 001e3000 00:21 364069                     /usr/lib64/libc.so.6
7f60c932f000-7f60c9331000 rw-p 001e7000 00:21 364069                     /usr/lib64/libc.so.6
7f60c9331000-7f60c9339000 rw-p 00000000 00:00 0 
7f60c9339000-7f60c933a000 r-xp 00000000 00:21 364070                     /usr/lib64/libdl.so.2
7f60c933a000-7f60c933b000 r--p 00001000 00:21 364070                     /usr/lib64/libdl.so.2
7f60c933b000-7f60c933c000 r--p 00001000 00:21 364070                     /usr/lib64/libdl.so.2
7f60c933c000-7f60c933d000 rw-p 00000000 00:00 0 
7f60c933d000-7f60c933e000 r-xp 00000000 00:21 364077                     /usr/lib64/libpthread.so.0
7f60c933e000-7f60c933f000 r--p 00001000 00:21 364077                     /usr/lib64/libpthread.so.0
7f60c933f000-7f60c9340000 r--p 00001000 00:21 364077                     /usr/lib64/libpthread.so.0
7f60c9340000-7f60c9341000 rw-p 00000000 00:00 0 
7f60c9341000-7f60c9349000 r--s 00000000 00:2a 2921                       /tmp/hsperfdata_gsscala/84768
7f60c9349000-7f60c9351000 rw-s 00000000 00:2a 2983                       /tmp/hsperfdata_gsscala/86199
7f60c9351000-7f60c9352000 ---p 00000000 00:00 0 
7f60c9352000-7f60c9353000 r--p 00000000 00:00 0 
7f60c9353000-7f60c9354000 ---p 00000000 00:00 0 
7f60c9354000-7f60c936d000 r-xp 00000000 00:21 315006                     /home/gsscala/.vscode/extensions/redhat.java-1.42.0-linux-x64/jre/21.0.7-linux-x86_64/lib/libjli.so
7f60c936d000-7f60c936e000 r--p 00018000 00:21 315006                     /home/gsscala/.vscode/extensions/redhat.java-1.42.0-linux-x64/jre/21.0.7-linux-x86_64/lib/libjli.so
7f60c936e000-7f60c936f000 rw-p 00019000 00:21 315006                     /home/gsscala/.vscode/extensions/redhat.java-1.42.0-linux-x64/jre/21.0.7-linux-x86_64/lib/libjli.so
7f60c936f000-7f60c9371000 rw-p 00000000 00:00 0 
7f60c9371000-7f60c9373000 r--p 00000000 00:00 0                          [vvar]
7f60c9373000-7f60c9375000 r--p 00000000 00:00 0                          [vvar_vclock]
7f60c9375000-7f60c9377000 r-xp 00000000 00:00 0                          [vdso]
7f60c9377000-7f60c93a0000 r-xp 00000000 00:21 364066                     /usr/lib64/ld-linux-x86-64.so.2
7f60c93a0000-7f60c93ab000 r--p 00029000 00:21 364066                     /usr/lib64/ld-linux-x86-64.so.2
7f60c93ab000-7f60c93ad000 r--p 00034000 00:21 364066                     /usr/lib64/ld-linux-x86-64.so.2
7f60c93ad000-7f60c93ae000 rw-p 00036000 00:21 364066                     /usr/lib64/ld-linux-x86-64.so.2
7f60c93ae000-7f60c93af000 rw-p 00000000 00:00 0 
7ffdd6b98000-7ffdd6bba000 rw-p 00000000 00:00 0                          [stack]
ffffffffff600000-ffffffffff601000 --xp 00000000 00:00 0                  [vsyscall]
Total number of mappings: 180


VM Arguments:
jvm_args: -Dapplication.home=/home/gsscala/.vscode/extensions/redhat.java-1.42.0-linux-x64/jre/21.0.7-linux-x86_64 -Xms8m -Djdk.module.main=jdk.jcmd 
java_command: jdk.jcmd/sun.tools.jcmd.JCmd 84768 VM.uptime
java_class_path (initial): <not set>
Launcher Type: SUN_STANDARD

[Global flags]
     intx CICompilerCount                          = 4                                         {product} {ergonomic}
     uint ConcGCThreads                            = 2                                         {product} {ergonomic}
     uint G1ConcRefinementThreads                  = 8                                         {product} {ergonomic}
   size_t G1HeapRegionSize                         = 2097152                                   {product} {ergonomic}
    uintx GCDrainStackTargetSize                   = 64                                        {product} {ergonomic}
   size_t InitialHeapSize                          = 8388608                                   {product} {command line}
   size_t MarkStackSize                            = 4194304                                   {product} {ergonomic}
   size_t MaxHeapSize                              = 4089446400                                {product} {ergonomic}
   size_t MaxNewSize                               = 2453667840                                {product} {ergonomic}
   size_t MinHeapDeltaBytes                        = 2097152                                   {product} {ergonomic}
   size_t MinHeapSize                              = 8388608                                   {product} {command line}
    uintx NonNMethodCodeHeapSize                   = 5839372                                {pd product} {ergonomic}
    uintx NonProfiledCodeHeapSize                  = 122909434                              {pd product} {ergonomic}
    uintx ProfiledCodeHeapSize                     = 122909434                              {pd product} {ergonomic}
    uintx ReservedCodeCacheSize                    = 251658240                              {pd product} {ergonomic}
     bool SegmentedCodeCache                       = true                                      {product} {ergonomic}
   size_t SoftMaxHeapSize                          = 4089446400                             {manageable} {ergonomic}
     bool UseCompressedOops                        = true                           {product lp64_product} {ergonomic}
     bool UseG1GC                                  = true                                      {product} {ergonomic}

Logging:
Log output configuration:
 #0: stdout all=warning uptime,level,tags foldmultilines=false
 #1: stderr all=off uptime,level,tags foldmultilines=false

Environment Variables:
PATH=/home/gsscala/.local/bin:/home/gsscala/bin:/usr/local/bin:/usr/local/sbin:/usr/bin:/usr/sbin
USERNAME=gsscala
SHELL=/bin/bash
DISPLAY=:0
LANG=fr_FR.UTF-8
TERM=xterm-256color

Active Locale:
LC_ALL=fr_FR.UTF-8
LC_COLLATE=fr_FR.UTF-8
LC_CTYPE=fr_FR.UTF-8
LC_MESSAGES=fr_FR.UTF-8
LC_MONETARY=fr_FR.UTF-8
LC_NUMERIC=fr_FR.UTF-8
LC_TIME=fr_FR.UTF-8

Signal Handlers:
   SIGSEGV: crash_handler in libjvm.so, mask=11100100010111111101111111111110, flags=SA_RESTART|SA_SIGINFO, unblocked
    SIGBUS: crash_handler in libjvm.so, mask=11100100010111111101111111111110, flags=SA_RESTART|SA_SIGINFO, unblocked
    SIGFPE: crash_handler in libjvm.so, mask=11100100010111111101111111111110, flags=SA_RESTART|SA_SIGINFO, unblocked
   SIGPIPE: javaSignalHandler in libjvm.so, mask=11100100010111111101111111111110, flags=SA_RESTART|SA_SIGINFO, blocked
   SIGXFSZ: javaSignalHandler in libjvm.so, mask=11100100010111111101111111111110, flags=SA_RESTART|SA_SIGINFO, blocked
    SIGILL: crash_handler in libjvm.so, mask=11100100010111111101111111111110, flags=SA_RESTART|SA_SIGINFO, unblocked
   SIGUSR2: SR_handler in libjvm.so, mask=00000000000000000000000000000000, flags=SA_RESTART|SA_SIGINFO, blocked
    SIGHUP: UserHandler in libjvm.so, mask=11100100010111111101111111111110, flags=SA_RESTART|SA_SIGINFO, blocked
    SIGINT: UserHandler in libjvm.so, mask=11100100010111111101111111111110, flags=SA_RESTART|SA_SIGINFO, blocked
   SIGTERM: UserHandler in libjvm.so, mask=11100100010111111101111111111110, flags=SA_RESTART|SA_SIGINFO, blocked
   SIGQUIT: UserHandler in libjvm.so, mask=11100100010111111101111111111110, flags=SA_RESTART|SA_SIGINFO, blocked
   SIGTRAP: crash_handler in libjvm.so, mask=11100100010111111101111111111110, flags=SA_RESTART|SA_SIGINFO, unblocked


Periodic native trim disabled

---------------  S Y S T E M  ---------------

OS:
Fedora release 42 (Adams)
uname: Linux 6.13.11-100.fc40.x86_64 #1 SMP PREEMPT_DYNAMIC Thu Apr 10 19:05:25 UTC 2025 x86_64
OS uptime: 0 days 9:45 hours
libc: glibc 2.41 NPTL 2.41 
rlimit (soft/hard): STACK 8192k/infinity , CORE infinity/infinity , NPROC 61830/61830 , NOFILE 524288/524288 , AS infinity/infinity , CPU infinity/infinity , DATA infinity/infinity , FSIZE infinity/infinity , MEMLOCK 8192k/8192k
load average: 2,01 2,09 1,78

/proc/meminfo:
MemTotal:       15966544 kB
MemFree:         4532580 kB
MemAvailable:   10568516 kB
Buffers:            6428 kB
Cached:          7022772 kB
SwapCached:            0 kB
Active:          6696812 kB
Inactive:        3408512 kB
Active(anon):    3859936 kB
Inactive(anon):        0 kB
Active(file):    2836876 kB
Inactive(file):  3408512 kB
Unevictable:      748012 kB
Mlocked:            5764 kB
SwapTotal:       9388024 kB
SwapFree:        9388024 kB
Zswap:                 0 kB
Zswapped:              0 kB
Dirty:               296 kB
Writeback:             0 kB
AnonPages:       3824496 kB
Mapped:           917284 kB
Shmem:            779016 kB
KReclaimable:      99860 kB
Slab:             301048 kB
SReclaimable:      99860 kB
SUnreclaim:       201188 kB
KernelStack:       22640 kB
PageTables:        56272 kB
SecPageTables:         0 kB
NFS_Unstable:          0 kB
Bounce:                0 kB
WritebackTmp:          0 kB
CommitLimit:    17371296 kB
Committed_AS:   16185140 kB
VmallocTotal:   34359738367 kB
VmallocUsed:       89252 kB
VmallocChunk:          0 kB
Percpu:             7136 kB
HardwareCorrupted:     0 kB
AnonHugePages:         0 kB
ShmemHugePages:        0 kB
ShmemPmdMapped:        0 kB
FileHugePages:         0 kB
FilePmdMapped:         0 kB
CmaTotal:              0 kB
CmaFree:               0 kB
Unaccepted:            0 kB
HugePages_Total:       0
HugePages_Free:        0
HugePages_Rsvd:        0
HugePages_Surp:        0
Hugepagesize:       2048 kB
Hugetlb:               0 kB
DirectMap4k:      235108 kB
DirectMap2M:     3561472 kB
DirectMap1G:    13631488 kB

/sys/kernel/mm/transparent_hugepage/enabled: always [madvise] never
/sys/kernel/mm/transparent_hugepage/hpage_pmd_size: 2097152
/sys/kernel/mm/transparent_hugepage/defrag (defrag/compaction efforts parameter): always defer defer+madvise [madvise] never

Process Memory:
Virtual Size: 7008656K (peak: 7008656K)
Resident Set Size: 51160K (peak: 51160K) (anon: 26752K, file: 24408K, shmem: 0K)
Swapped out: 0K
C-Heap outstanding allocations: 26641K, retained: 2030K
glibc malloc tunables: (default)

/proc/sys/kernel/threads-max (system-wide limit on the number of threads): 123660
/proc/sys/vm/max_map_count (maximum number of memory map areas a process may have): 1048576
/proc/sys/vm/swappiness (control to define how aggressively the kernel swaps out anonymous memory): 60
/proc/sys/kernel/pid_max (system-wide limit on number of process identifiers): 4194304

container (cgroup) information:
container_type: cgroupv2
cpu_cpuset_cpus: not supported
cpu_memory_nodes: not supported
active_processor_count: 8
cpu_quota: no quota
cpu_period: 100000
cpu_shares: 8192
memory_limit_in_bytes: unlimited
memory_and_swap_limit_in_bytes: unlimited
memory_soft_limit_in_bytes: unlimited
memory_usage_in_bytes: 2218484 k
memory_max_usage_in_bytes: not supported
memory_swap_current_in_bytes: unlimited
memory_swap_max_limit_in_bytes: unlimited
maximum number of tasks: 18549
current number of tasks: 230

Steal ticks since vm start: 0
Steal ticks percentage since vm start:  0,000

CPU: total 8 (initial active 8) (4 cores per cpu, 2 threads per core) family 6 model 142 stepping 12 microcode 0xfc, cx8, cmov, fxsr, ht, mmx, 3dnowpref, sse, sse2, sse3, ssse3, sse4.1, sse4.2, popcnt, lzcnt, tsc, tscinvbit, avx, avx2, aes, erms, clmul, bmi1, bmi2, adx, fma, vzeroupper, clflush, clflushopt, rdtscp, f16c
CPU Model and flags from /proc/cpuinfo:
model name	: Intel(R) Core(TM) i7-10510U CPU @ 1.80GHz
flags		: fpu vme de pse tsc msr pae mce cx8 apic sep mtrr pge mca cmov pat pse36 clflush dts acpi mmx fxsr sse sse2 ss ht tm pbe syscall nx pdpe1gb rdtscp lm constant_tsc art arch_perfmon pebs bts rep_good nopl xtopology nonstop_tsc cpuid aperfmperf pni pclmulqdq dtes64 monitor ds_cpl est tm2 ssse3 sdbg fma cx16 xtpr pdcm pcid sse4_1 sse4_2 x2apic movbe popcnt tsc_deadline_timer aes xsave avx f16c rdrand lahf_lm abm 3dnowprefetch cpuid_fault epb ssbd ibrs ibpb stibp ibrs_enhanced fsgsbase tsc_adjust sgx bmi1 avx2 smep bmi2 erms invpcid mpx rdseed adx smap clflushopt intel_pt xsaveopt xsavec xgetbv1 xsaves dtherm ida arat pln pts hwp hwp_notify hwp_act_window hwp_epp md_clear flush_l1d arch_capabilities

Online cpus: 0-7
Offline cpus: 
BIOS frequency limitation: <Not Available>
Frequency switch latency (ns): 0
Available cpu frequencies: <Not Available>
Current governor: powersave
Core performance/turbo boost: <Not Available>

Memory: 4k page, physical 15966544k(10568516k free), swap 9388024k(9388024k free)
Page Sizes: 4k

vm_info: OpenJDK 64-Bit Server VM (21.0.7+6-LTS) for linux-amd64 JRE (21.0.7+6-LTS), built on 2025-04-15T00:00:00Z by "admin" with gcc 11.3.0

END.
